#
# A fatal error has been detected by the Java Runtime Environment:
#
#  EXCEPTION_ACCESS_VIOLATION (0xc0000005) at pc=0x00007ffbf767c1b6, pid=12360, tid=6840
#
# JRE version: OpenJDK Runtime Environment Temurin-21.0.2+13 (21.0.2+13) (build 21.0.2+13-LTS)
# Java VM: OpenJDK 64-Bit Server VM Temurin-21.0.2+13 (21.0.2+13-LTS, mixed mode, emulated-client, sharing, tiered, compressed oops, compressed class ptrs, g1 gc, windows-amd64)
# Problematic frame:
# V  [jvm.dll+0xc1b6]
#
# No core dump will be written. Minidumps are not enabled by default on client versions of Windows
#
# If you would like to submit a bug report, please visit:
#   https://github.com/adoptium/adoptium-support/issues
#

---------------  S U M M A R Y ------------

Command Line: -XX:+ShowCodeDetailsInExceptionMessages -agentlib:jdwp=transport=dt_socket,suspend=y,address=localhost:58142 -Dcom.sun.management.jmxremote -Dcom.sun.management.jmxremote.port=58134 -Dcom.sun.management.jmxremote.authenticate=false -Dcom.sun.management.jmxremote.ssl=false -Djava.rmi.server.hostname=localhost -Dspring.jmx.enabled=true -Dmanagement.endpoints.jmx.exposure.include=* -Dspring.application.admin.enabled=true -XX:TieredStopAtLevel=1 -Dspring.boot.project.name=AppWish -javaagent:C:\pleiades\2023-12\eclipse\configuration\org.eclipse.osgi\249\0\.cp\lib\javaagent-shaded.jar -Dfile.encoding=UTF-8 -Dstdout.encoding=UTF-8 -Dstderr.encoding=UTF-8 com.example.appwish.AppWishApplication --spring.output.ansi.enabled=always

Host: AMD Ryzen 7 5700G with Radeon Graphics         , 16 cores, 31G,  Windows 11 , 64 bit Build 22621 (10.0.22621.3958)
Time: Sat Sep 21 18:01:34 2024  Windows 11 , 64 bit Build 22621 (10.0.22621.3958) elapsed time: 644.166863 seconds (0d 0h 10m 44s)

---------------  T H R E A D  ---------------

Current thread (0x000001b5fe57ff00):  WorkerThread "GC Thread#7"    [id=6840, stack(0x0000001d8e300000,0x0000001d8e400000) (1024K)]

Stack: [0x0000001d8e300000,0x0000001d8e400000],  sp=0x0000001d8e3fde08,  free space=1015k
Native frames: (J=compiled Java code, j=interpreted, Vv=VM code, C=native code)
V  [jvm.dll+0xc1b6]

JavaThread 0x000001b5876a07d0 (nid = 18976) was being processed
Java frames: (J=compiled Java code, j=interpreted, Vv=VM code)
j  java.lang.invoke.DirectMethodHandle$Holder.newInvokeSpecial(Ljava/lang/Object;Ljava/lang/Object;Ljava/lang/Object;)Ljava/lang/Object;+19 java.base@21.0.2
j  java.lang.invoke.LambdaForm$MH+0x000001b5ba8c8400.invoke(Ljava/lang/Object;Ljava/lang/Object;Ljava/lang/Object;)Ljava/lang/Object;+52 java.base@21.0.2
J 912 c1 jdk.internal.reflect.DirectConstructorHandleAccessor.newInstance([Ljava/lang/Object;)Ljava/lang/Object; java.base@21.0.2 (130 bytes) @ 0x000001b5a85c6ae4 [0x000001b5a85c6860+0x0000000000000284]
J 911 c1 java.lang.reflect.Constructor.newInstanceWithCaller([Ljava/lang/Object;ZLjava/lang/Class;)Ljava/lang/Object; java.base@21.0.2 (51 bytes) @ 0x000001b5a85c30bc [0x000001b5a85c2fe0+0x00000000000000dc]
J 3534 c1 org.springframework.beans.BeanUtils.instantiateClass(Ljava/lang/reflect/Constructor;[Ljava/lang/Object;)Ljava/lang/Object; (208 bytes) @ 0x000001b5a8afa68c [0x000001b5a8afa180+0x000000000000050c]
J 14116 c1 org.springframework.beans.factory.support.ConstructorResolver.instantiate(Ljava/lang/String;Lorg/springframework/beans/factory/support/RootBeanDefinition;Ljava/lang/reflect/Constructor;[Ljava/lang/Object;)Ljava/lang/Object; (48 bytes) @ 0x000001b5a855034c [0x000001b5a8550220+0x000000000000012c]
J 14115 c1 org.springframework.beans.factory.support.ConstructorResolver.autowireConstructor(Ljava/lang/String;Lorg/springframework/beans/factory/support/RootBeanDefinition;[Ljava/lang/reflect/Constructor;[Ljava/lang/Object;)Lorg/springframework/beans/BeanWrapper; (909 bytes) @ 0x000001b5a8549d14 [0x000001b5a8548200+0x0000000000001b14]
J 10031 c1 org.springframework.beans.factory.support.AbstractAutowireCapableBeanFactory.createBeanInstance(Ljava/lang/String;Lorg/springframework/beans/factory/support/RootBeanDefinition;[Ljava/lang/Object;)Lorg/springframework/beans/BeanWrapper; (245 bytes) @ 0x000001b5a93a7114 [0x000001b5a93a69c0+0x0000000000000754]
J 7312 c1 org.springframework.beans.factory.support.AbstractAutowireCapableBeanFactory.doCreateBean(Ljava/lang/String;Lorg/springframework/beans/factory/support/RootBeanDefinition;[Ljava/lang/Object;)Ljava/lang/Object; (469 bytes) @ 0x000001b5a9113ecc [0x000001b5a9113d20+0x00000000000001ac]
J 7311 c1 org.springframework.beans.factory.support.AbstractAutowireCapableBeanFactory.createBean(Ljava/lang/String;Lorg/springframework/beans/factory/support/RootBeanDefinition;[Ljava/lang/Object;)Ljava/lang/Object; (214 bytes) @ 0x000001b5a91103bc [0x000001b5a910fec0+0x00000000000004fc]
J 7329 c1 org.springframework.beans.factory.support.AbstractBeanFactory$$Lambda+0x000001b5ba280c90.getObject()Ljava/lang/Object; (20 bytes) @ 0x000001b5a911dabc [0x000001b5a911da20+0x000000000000009c]
J 7328 c1 org.springframework.beans.factory.support.DefaultSingletonBeanRegistry.getSingleton(Ljava/lang/String;Lorg/springframework/beans/factory/ObjectFactory;)Ljava/lang/Object; (279 bytes) @ 0x000001b5a911c13c [0x000001b5a911bde0+0x000000000000035c]
J 3344 c1 org.springframework.beans.factory.support.AbstractBeanFactory.doGetBean(Ljava/lang/String;Ljava/lang/Class;[Ljava/lang/Object;Z)Ljava/lang/Object; (787 bytes) @ 0x000001b5a8aa5bb4 [0x000001b5a8aa5540+0x0000000000000674]
J 6922 c1 org.springframework.beans.factory.support.AbstractBeanFactory.getBean(Ljava/lang/String;)Ljava/lang/Object; (9 bytes) @ 0x000001b5a90551b4 [0x000001b5a9055140+0x0000000000000074]
j  org.springframework.beans.factory.support.DefaultListableBeanFactory.preInstantiateSingletons()V+152
j  org.springframework.context.support.AbstractApplicationContext.finishBeanFactoryInitialization(Lorg/springframework/beans/factory/config/ConfigurableListableBeanFactory;)V+173
j  org.springframework.context.support.AbstractApplicationContext.refresh()V+94
j  org.springframework.boot.web.servlet.context.ServletWebServerApplicationContext.refresh()V+1
j  org.springframework.boot.SpringApplication.refresh(Lorg/springframework/context/ConfigurableApplicationContext;)V+1
j  org.springframework.boot.SpringApplication.refreshContext(Lorg/springframework/context/ConfigurableApplicationContext;)V+16
j  org.springframework.boot.SpringApplication.run([Ljava/lang/String;)Lorg/springframework/context/ConfigurableApplicationContext;+110
j  org.springframework.boot.SpringApplication.run([Ljava/lang/Class;[Ljava/lang/String;)Lorg/springframework/context/ConfigurableApplicationContext;+9
j  org.springframework.boot.SpringApplication.run(Ljava/lang/Class;[Ljava/lang/String;)Lorg/springframework/context/ConfigurableApplicationContext;+9
j  com.example.appwish.AppWishApplication.main([Ljava/lang/String;)V+3
j  java.lang.invoke.LambdaForm$DMH+0x000001b5ba004c00.invokeStatic(Ljava/lang/Object;Ljava/lang/Object;)V+10 java.base@21.0.2
j  java.lang.invoke.LambdaForm$MH+0x000001b5ba4e1800.invoke(Ljava/lang/Object;Ljava/lang/Object;Ljava/lang/Object;)Ljava/lang/Object;+33 java.base@21.0.2
J 4426 c1 jdk.internal.reflect.DirectMethodHandleAccessor.invoke(Ljava/lang/Object;[Ljava/lang/Object;)Ljava/lang/Object; java.base@21.0.2 (92 bytes) @ 0x000001b5a8c679fc [0x000001b5a8c67640+0x00000000000003bc]
J 4600 c1 java.lang.reflect.Method.invoke(Ljava/lang/Object;[Ljava/lang/Object;)Ljava/lang/Object; java.base@21.0.2 (108 bytes) @ 0x000001b5a8cb3e74 [0x000001b5a8cb3c80+0x00000000000001f4]
j  org.springframework.boot.devtools.restart.RestartLauncher.run()V+47
v  ~StubRoutines::call_stub 0x000001b5a819100d

siginfo: EXCEPTION_ACCESS_VIOLATION (0xc0000005), reading address 0x000001b67272cfdb


Registers:
RAX=0x0000000000000000, RBX=0x0000000000000000, RCX=0x0000001d8eefd980, RDX=0x0000001d8eefd980
RSP=0x0000001d8e3fde08, RBP=0x0000001d8e3fdfe0, RSI=0x0000001d8e3fe1b0, RDI=0x0000001d8eefd980
R8 =0x000001b67272cfd3, R9 =0x0000001d8eefd980, R10=0x000001b5a8190000, R11=0x0000001d8e3fe058
R12=0x000001b5b95432f8, R13=0x0000001d8eefd980, R14=0x000001b581bdc070, R15=0x000001b67272cfd3
RIP=0x00007ffbf767c1b6, EFLAGS=0x0000000000010202


Register to memory mapping:

RAX=0x0 is null
RBX=0x0 is null
RCX=0x0000001d8eefd980 is pointing into the stack for thread: 0x000001b5876a07d0
RDX=0x0000001d8eefd980 is pointing into the stack for thread: 0x000001b5876a07d0
RSP=0x0000001d8e3fde08 points into unknown readable memory: 0x00007ffbf79c59db | db 59 9c f7 fb 7f 00 00
RBP=0x0000001d8e3fdfe0 points into unknown readable memory: 0x0000001d00000000 | 00 00 00 00 1d 00 00 00
RSI=0x0000001d8e3fe1b0 points into unknown readable memory: 0x0000001d8eefd968 | 68 d9 ef 8e 1d 00 00 00
RDI=0x0000001d8eefd980 is pointing into the stack for thread: 0x000001b5876a07d0
R8 =0x000001b67272cfd3 is an unknown value
R9 =0x0000001d8eefd980 is pointing into the stack for thread: 0x000001b5876a07d0
R10=0x000001b5a8190000 points into unknown readable memory: 0x0000000000000006 | 06 00 00 00 00 00 00 00
R11=0x0000001d8e3fe058 points into unknown readable memory: 0x00007ffbf7983f7d | 7d 3f 98 f7 fb 7f 00 00
R12=0x000001b5b95432f8 is pointing into metadata
R13=0x0000001d8eefd980 is pointing into the stack for thread: 0x000001b5876a07d0
R14=0x000001b581bdc070 points into unknown readable memory: 0x00007ffbf80927d8 | d8 27 09 f8 fb 7f 00 00
R15=0x000001b67272cfd3 is an unknown value

Top of Stack: (sp=0x0000001d8e3fde08)
0x0000001d8e3fde08:   00007ffbf79c59db 0000000000000000
0x0000001d8e3fde18:   0000000000000008 000000000000012f
0x0000001d8e3fde28:   00007ffbf7d2814f 000000000000012f
0x0000001d8e3fde38:   0000000000000013 0000000000000001
0x0000001d8e3fde48:   00007ffbf7e02111 000001b5b562ad00
0x0000001d8e3fde58:   0000001d8e3fdeb8 000001b5820a6468
0x0000001d8e3fde68:   0000000000000000 000001b5fe49de60
0x0000001d8e3fde78:   000001b5b8965f80 000001b5b95432f8
0x0000001d8e3fde88:   0000001d8eefd980 0000001d8e3fe1b0
0x0000001d8e3fde98:   0000001d8e3fdfe0 000001b5820a6468
0x0000001d8e3fdea8:   00007ffbf79d3fe4 0000001d8e3fdf70
0x0000001d8e3fdeb8:   0000001d8e3fe1b0 000001b5b9480090
0x0000001d8e3fdec8:   0000000000000000 000001b5820a6468
0x0000001d8e3fded8:   00007ffbf798452b 0000000000000003
0x0000001d8e3fdee8:   000001b5b90b63d8 000001b5820a6468
0x0000001d8e3fdef8:   0000001d8e3fe1b0 00000013a8304c01
0x0000001d8e3fdf08:   000001b5b90b63d8 000001b5fe57ff00
0x0000001d8e3fdf18:   000001b500000005 00000000000003d8
0x0000001d8e3fdf28:   000001b5b8965f90 000001b5b8966368
0x0000001d8e3fdf38:   000001b5b972cfd3 000001b5000000b8
0x0000001d8e3fdf48:   000001b5b90b63d8 00007ffbf8089f00
0x0000001d8e3fdf58:   0000001d8e3fe1b0 000001b5820a6468
0x0000001d8e3fdf68:   0000000400000003 000001b5b95432f8
0x0000001d8e3fdf78:   0000001300000001 0000000000000056
0x0000001d8e3fdf88:   000000010000000c 000001b5b9480090
0x0000001d8e3fdf98:   0000000000000000 000001b5823f5d24
0x0000001d8e3fdfa8:   00006f5f00000006 0000000500000003
0x0000001d8e3fdfb8:   0000ffff0958e000 00007ffbf7ec5820
0x0000001d8e3fdfc8:   000001b5820a6468 000001b5b9017600
0x0000001d8e3fdfd8:   00000006b8960013 0000001d00000000
0x0000001d8e3fdfe8:   0000000000000015 000001b5820a6468
0x0000001d8e3fdff8:   00007ffbf79d403e 0000000000000000 

Instructions: (pc=0x00007ffbf767c1b6)
0x00007ffbf767c0b6:   48 8b 05 33 43 cc 00 48 8b 48 60 48 8b 04 d1 48
0x00007ffbf767c0c6:   85 c0 75 08 48 8b 05 27 43 cc 00 c3 48 8b 05 17
0x00007ffbf767c0d6:   43 cc 00 c3 cc cc cc cc cc cc 8b 05 d2 1e c1 00
0x00007ffbf767c0e6:   c3 cc cc cc cc cc cc cc cc cc 0f b6 05 23 35 c1
0x00007ffbf767c0f6:   00 48 8b d1 84 c0 74 16 44 8b 41 08 8b 0d b0 1e
0x00007ffbf767c106:   c1 00 49 d3 e0 4c 03 05 9e 1e c1 00 eb 04 4c 8b
0x00007ffbf767c116:   41 08 45 8b 48 08 45 85 c9 7e 0e 41 f6 c1 01 75
0x00007ffbf767c126:   53 41 c1 f9 03 49 63 c1 c3 79 49 84 c0 41 b8 0c
0x00007ffbf767c136:   00 00 00 8b 05 e9 2f c1 00 b9 10 00 00 00 41 0f
0x00007ffbf767c146:   45 c8 ff c8 4c 63 c0 41 8b c1 48 c1 f8 10 0f b6
0x00007ffbf767c156:   c0 48 63 14 11 41 8b c9 83 e1 3f 48 d3 e2 49 8d
0x00007ffbf767c166:   0c 10 49 f7 d0 48 03 c1 49 c1 e8 03 48 c1 e8 03
0x00007ffbf767c176:   49 23 c0 c3 49 8b 00 49 8b c8 48 ff a0 00 01 00
0x00007ffbf767c186:   00 cc cc cc cc cc cc cc cc cc 8b 44 24 30 45 03
0x00007ffbf767c196:   c9 44 2b 4c 24 28 83 c0 0b 44 03 ca 45 03 c8 41
0x00007ffbf767c1a6:   03 c1 c3 cc cc cc cc cc cc cc 4c 8b c2 48 8b d1
0x00007ffbf767c1b6:   45 8b 48 08 45 85 c9 7e 0e 41 f6 c1 01 75 56 41
0x00007ffbf767c1c6:   c1 f9 03 49 63 c1 c3 79 4c 80 3d 44 34 c1 00 00
0x00007ffbf767c1d6:   b8 0c 00 00 00 b9 10 00 00 00 0f 45 c8 8b 05 3f
0x00007ffbf767c1e6:   2f c1 00 ff c8 4c 63 c0 41 8b c1 48 c1 f8 10 48
0x00007ffbf767c1f6:   63 14 11 41 8b c9 83 e1 3f 0f b6 c0 48 d3 e2 49
0x00007ffbf767c206:   8d 0c 10 49 f7 d0 48 03 c1 49 c1 e8 03 48 c1 e8
0x00007ffbf767c216:   03 49 23 c0 c3 49 8b 00 49 8b c8 48 ff a0 00 01
0x00007ffbf767c226:   00 00 cc cc cc cc cc cc cc cc 48 8b 41 08 0f b7
0x00007ffbf767c236:   48 2c 0f b7 40 2a 83 c0 48 03 c1 c3 cc cc cc cc
0x00007ffbf767c246:   cc cc cc cc cc cc cc cc cc cc 48 89 5c 24 08 57
0x00007ffbf767c256:   48 83 ec 20 0f b6 05 df 2a cc 00 48 8b fa 48 8b
0x00007ffbf767c266:   d9 84 c0 74 4f 48 85 15 86 22 cc 00 74 38 48 8b
0x00007ffbf767c276:   ca e8 84 84 8c 00 48 8b d0 48 85 db 74 25 48 85
0x00007ffbf767c286:   c0 74 20 48 8b c7 f0 48 0f b1 13 74 16 48 85 05
0x00007ffbf767c296:   5e 22 cc 00 74 0d 48 8b c8 f0 48 0f b1 13 48 3b
0x00007ffbf767c2a6:   c1 75 ea 48 8b fa 48 8b c7 48 8b 5c 24 30 48 83 


Stack slot to memory mapping:

stack at sp + 0 slots: 0x00007ffbf79c59db jvm.dll
stack at sp + 1 slots: 0x0 is null
stack at sp + 2 slots: 0x0000000000000008 is an unknown value
stack at sp + 3 slots: 0x000000000000012f is an unknown value
stack at sp + 4 slots: 0x00007ffbf7d2814f jvm.dll
stack at sp + 5 slots: 0x000000000000012f is an unknown value
stack at sp + 6 slots: 0x0000000000000013 is an unknown value
stack at sp + 7 slots: 0x0000000000000001 is an unknown value


---------------  P R O C E S S  ---------------

Threads class SMR info:
_java_thread_list=0x000001b5fefb62d0, length=33, elements={
0x000001b5b8675af0, 0x000001b5b8676910, 0x000001b5b86786c0, 0x000001b5b867b4f0,
0x000001b5b8687610, 0x000001b5b8689200, 0x000001b5b8698480, 0x000001b5b868bff0,
0x000001b5b88271e0, 0x000001b5b8829c90, 0x000001b5b882a310, 0x000001b5b868b2d0,
0x000001b5b8689f20, 0x000001b5b868ac40, 0x000001b5b868a5b0, 0x000001b5fec3af60,
0x000001b5fec3b5f0, 0x000001b5fec3dd50, 0x000001b5ff3350b0, 0x000001b5876a0e60,
0x000001b5fec3d030, 0x000001b5fec3e3e0, 0x000001b5fec40b40, 0x000001b5fec3bc80,
0x000001b58769f420, 0x000001b5876a35c0, 0x000001b5876a14f0, 0x000001b5876a42e0,
0x000001b5876a07d0, 0x000001b5876a3c50, 0x000001b5876a2210, 0x000001b5876a4970,
0x000001b5876a5690
}

Java Threads: ( => current thread )
  0x000001b5b8675af0 JavaThread "Reference Handler"          daemon [_thread_blocked, id=26904, stack(0x0000001d8ce00000,0x0000001d8cf00000) (1024K)]
  0x000001b5b8676910 JavaThread "Finalizer"                  daemon [_thread_blocked, id=25980, stack(0x0000001d8cf00000,0x0000001d8d000000) (1024K)]
  0x000001b5b86786c0 JavaThread "Signal Dispatcher"          daemon [_thread_blocked, id=12276, stack(0x0000001d8d000000,0x0000001d8d100000) (1024K)]
  0x000001b5b867b4f0 JavaThread "Attach Listener"            daemon [_thread_blocked, id=24612, stack(0x0000001d8d100000,0x0000001d8d200000) (1024K)]
  0x000001b5b8687610 JavaThread "Service Thread"             daemon [_thread_blocked, id=10656, stack(0x0000001d8d200000,0x0000001d8d300000) (1024K)]
  0x000001b5b8689200 JavaThread "Monitor Deflation Thread"   daemon [_thread_blocked, id=22828, stack(0x0000001d8d300000,0x0000001d8d400000) (1024K)]
  0x000001b5b8698480 JavaThread "C1 CompilerThread0"         daemon [_thread_blocked, id=15828, stack(0x0000001d8d400000,0x0000001d8d500000) (1024K)]
  0x000001b5b868bff0 JavaThread "Common-Cleaner"             daemon [_thread_blocked, id=24520, stack(0x0000001d8d500000,0x0000001d8d600000) (1024K)]
  0x000001b5b88271e0 JavaThread "JDWP Transport Listener: dt_socket" daemon [_thread_blocked, id=21372, stack(0x0000001d8d800000,0x0000001d8d900000) (1024K)]
  0x000001b5b8829c90 JavaThread "JDWP Event Helper Thread"   daemon [_thread_blocked, id=7264, stack(0x0000001d8d900000,0x0000001d8da00000) (1024K)]
  0x000001b5b882a310 JavaThread "JDWP Command Reader"        daemon [_thread_in_native, id=9456, stack(0x0000001d8da00000,0x0000001d8db00000) (1024K)]
  0x000001b5b868b2d0 JavaThread "Notification Thread"        daemon [_thread_blocked, id=27700, stack(0x0000001d8db00000,0x0000001d8dc00000) (1024K)]
  0x000001b5b8689f20 JavaThread "RMI TCP Accept-0"           daemon [_thread_in_native, id=20884, stack(0x0000001d8e800000,0x0000001d8e900000) (1024K)]
  0x000001b5b868ac40 JavaThread "RMI TCP Accept-58134"       daemon [_thread_in_native, id=26184, stack(0x0000001d8e900000,0x0000001d8ea00000) (1024K)]
  0x000001b5b868a5b0 JavaThread "RMI TCP Accept-0"           daemon [_thread_in_native, id=10520, stack(0x0000001d8ea00000,0x0000001d8eb00000) (1024K)]
  0x000001b5fec3af60 JavaThread "RMI Scheduler(0)"           daemon [_thread_blocked, id=11004, stack(0x0000001d8ef00000,0x0000001d8f000000) (1024K)]
  0x000001b5fec3b5f0 JavaThread "RMI TCP Connection(idle)"   daemon [_thread_blocked, id=21064, stack(0x0000001d8f000000,0x0000001d8f100000) (1024K)]
  0x000001b5fec3dd50 JavaThread "JMX server connection timeout 54" daemon [_thread_blocked, id=16800, stack(0x0000001d8f100000,0x0000001d8f200000) (1024K)]
  0x000001b5ff3350b0 JavaThread "DestroyJavaVM"                     [_thread_blocked, id=5580, stack(0x0000001d8c600000,0x0000001d8c700000) (1024K)]
  0x000001b5876a0e60 JavaThread "File Watcher"               daemon [_thread_blocked, id=11784, stack(0x0000001d8c400000,0x0000001d8c500000) (1024K)]
  0x000001b5fec3d030 JavaThread "Thread-9"                          [_thread_blocked, id=12828, stack(0x0000001d8c300000,0x0000001d8c400000) (1024K)]
  0x000001b5fec3e3e0 JavaThread "File Watcher"               daemon [_thread_blocked, id=24540, stack(0x0000001d8dc00000,0x0000001d8dd00000) (1024K)]
  0x000001b5fec40b40 JavaThread "File Watcher"               daemon [_thread_blocked, id=7568, stack(0x0000001d8c500000,0x0000001d8c600000) (1024K)]
  0x000001b5fec3bc80 JavaThread "File Watcher"               daemon [_thread_blocked, id=6844, stack(0x0000001d8d600000,0x0000001d8d700000) (1024K)]
  0x000001b58769f420 JavaThread "File Watcher"               daemon [_thread_blocked, id=21856, stack(0x0000001d8ed00000,0x0000001d8ee00000) (1024K)]
  0x000001b5876a35c0 JavaThread "PostgreSQL-JDBC-Cleaner"    daemon [_thread_blocked, id=25856, stack(0x0000001d8f500000,0x0000001d8f600000) (1024K)]
  0x000001b5876a14f0 JavaThread "File Watcher"               daemon [_thread_blocked, id=17384, stack(0x0000001d8d700000,0x0000001d8d800000) (1024K)]
  0x000001b5876a42e0 JavaThread "File Watcher"               daemon [_thread_blocked, id=23796, stack(0x0000001d8ec00000,0x0000001d8ed00000) (1024K)]
  0x000001b5876a07d0 JavaThread "restartedMain"                     [_thread_blocked, id=18976, stack(0x0000001d8ee00000,0x0000001d8ef00000) (1024K)]
  0x000001b5876a3c50 JavaThread "Catalina-utility-1"                [_thread_blocked, id=16432, stack(0x0000001d8f200000,0x0000001d8f300000) (1024K)]
  0x000001b5876a2210 JavaThread "Catalina-utility-2"                [_thread_blocked, id=18088, stack(0x0000001d8f600000,0x0000001d8f700000) (1024K)]
  0x000001b5876a4970 JavaThread "container-7"                       [_thread_blocked, id=4896, stack(0x0000001d8f900000,0x0000001d8fa00000) (1024K)]
  0x000001b5876a5690 JavaThread "HikariPool-11 housekeeper"  daemon [_thread_blocked, id=18728, stack(0x0000001d8fb00000,0x0000001d8fc00000) (1024K)]
Total: 33

Other Threads:
  0x000001b5b57d3450 VMThread "VM Thread"                           [id=26384, stack(0x0000001d8cd00000,0x0000001d8ce00000) (1024K)]
  0x000001b5b57bf920 WatcherThread "VM Periodic Task Thread"        [id=16360, stack(0x0000001d8cc00000,0x0000001d8cd00000) (1024K)]
  0x000001b59fb75f40 WorkerThread "GC Thread#0"                     [id=17924, stack(0x0000001d8c700000,0x0000001d8c800000) (1024K)]
  0x000001b5fe57c700 WorkerThread "GC Thread#1"                     [id=21076, stack(0x0000001d8dd00000,0x0000001d8de00000) (1024K)]
  0x000001b5fe57caa0 WorkerThread "GC Thread#2"                     [id=19464, stack(0x0000001d8de00000,0x0000001d8df00000) (1024K)]
  0x000001b5fe57ce40 WorkerThread "GC Thread#3"                     [id=28612, stack(0x0000001d8df00000,0x0000001d8e000000) (1024K)]
  0x000001b5fe57d1e0 WorkerThread "GC Thread#4"                     [id=26004, stack(0x0000001d8e000000,0x0000001d8e100000) (1024K)]
  0x000001b5fe57e990 WorkerThread "GC Thread#5"                     [id=23028, stack(0x0000001d8e100000,0x0000001d8e200000) (1024K)]
  0x000001b5fe57ed30 WorkerThread "GC Thread#6"                     [id=22680, stack(0x0000001d8e200000,0x0000001d8e300000) (1024K)]
=>0x000001b5fe57ff00 WorkerThread "GC Thread#7"                     [id=6840, stack(0x0000001d8e300000,0x0000001d8e400000) (1024K)]
  0x000001b5fe5821b0 WorkerThread "GC Thread#8"                     [id=19136, stack(0x0000001d8e400000,0x0000001d8e500000) (1024K)]
  0x000001b5fe582c90 WorkerThread "GC Thread#9"                     [id=5548, stack(0x0000001d8e500000,0x0000001d8e600000) (1024K)]
  0x000001b5fe581330 WorkerThread "GC Thread#10"                    [id=15256, stack(0x0000001d8e600000,0x0000001d8e700000) (1024K)]
  0x000001b5fe5816d0 WorkerThread "GC Thread#11"                    [id=23460, stack(0x0000001d8e700000,0x0000001d8e800000) (1024K)]
  0x000001b5fe581a70 WorkerThread "GC Thread#12"                    [id=12916, stack(0x0000001d8eb00000,0x0000001d8ec00000) (1024K)]
  0x000001b5b55e8630 ConcurrentGCThread "G1 Main Marker"            [id=15252, stack(0x0000001d8c800000,0x0000001d8c900000) (1024K)]
  0x000001b5b55e97e0 WorkerThread "G1 Conc#0"                       [id=25880, stack(0x0000001d8c900000,0x0000001d8ca00000) (1024K)]
  0x000001b5ff00d8a0 WorkerThread "G1 Conc#1"                       [id=17792, stack(0x0000001d8f300000,0x0000001d8f400000) (1024K)]
  0x000001b5ff00e380 WorkerThread "G1 Conc#2"                       [id=3780, stack(0x0000001d8f400000,0x0000001d8f500000) (1024K)]
  0x000001b5b5694460 ConcurrentGCThread "G1 Refine#0"               [id=4284, stack(0x0000001d8ca00000,0x0000001d8cb00000) (1024K)]
  0x000001b5b5694fd0 ConcurrentGCThread "G1 Service"                [id=2308, stack(0x0000001d8cb00000,0x0000001d8cc00000) (1024K)]
Total: 21

Threads with active compile tasks:
Total: 0

VM state: at safepoint (normal execution)

VM Mutex/Monitor currently owned by a thread:  ([mutex/lock_event])
[0x00007ffbf8313198] Threads_lock - owner thread: 0x000001b5b57d3450
[0x00007ffbf8313298] Heap_lock - owner thread: 0x000001b5fec3bc80

Heap address: 0x0000000609c00000, size: 8036 MB, Compressed Oops mode: Zero based, Oop shift amount: 3

CDS archive(s) mapped at: [0x000001b5b9000000-0x000001b5b9c90000-0x000001b5b9c90000), size 13172736, SharedBaseAddress: 0x000001b5b9000000, ArchiveRelocationMode: 1.
Compressed class space mapped at: 0x000001b5ba000000-0x000001b5fa000000, reserved size: 1073741824
Narrow klass base: 0x000001b5b9000000, Narrow klass shift: 0, Narrow klass range: 0x100000000

GC Precious Log:
 CardTable entry size: 512
 Card Set container configuration: InlinePtr #cards 4 size 8 Array Of Cards #cards 32 size 80 Howl #buckets 8 coarsen threshold 7372 Howl Bitmap #cards 1024 size 144 coarsen threshold 921 Card regions per heap region 1 cards per card region 8192
 CPUs: 16 total, 16 available
 Memory: 32129M
 Large Page Support: Disabled
 NUMA Support: Disabled
 Compressed Oops: Enabled (Zero based)
 Heap Region Size: 4M
 Heap Min Capacity: 8M
 Heap Initial Capacity: 504M
 Heap Max Capacity: 8036M
 Pre-touch: Disabled
 Parallel Workers: 13
 Concurrent Workers: 3
 Concurrent Refinement Workers: 13
 Periodic GC: Disabled

Heap:
 garbage-first heap   total 131072K, used 104812K [0x0000000609c00000, 0x0000000800000000)
  region size 4096K, 10 young (40960K), 1 survivors (4096K)
 Metaspace       used 92746K, committed 93632K, reserved 1179648K
  class space    used 13027K, committed 13440K, reserved 1048576K

Heap Regions: E=young(eden), S=young(survivor), O=old, HS=humongous(starts), HC=humongous(continues), CS=collection set, F=free, TAMS=top-at-mark-start, PB=parsable bottom
|   0|0x0000000609c00000, 0x0000000609fffff0, 0x000000060a000000| 99%| O|  |TAMS 0x0000000609c00000| PB 0x0000000609c00000| Untracked 
|   1|0x000000060a000000, 0x000000060a3fffe8, 0x000000060a400000| 99%| O|  |TAMS 0x000000060a000000| PB 0x000000060a000000| Untracked 
|   2|0x000000060a400000, 0x000000060a7ffff8, 0x000000060a800000| 99%| O|  |TAMS 0x000000060a400000| PB 0x000000060a400000| Untracked 
|   3|0x000000060a800000, 0x000000060ac00000, 0x000000060ac00000|100%| O|  |TAMS 0x000000060a800000| PB 0x000000060a800000| Untracked 
|   4|0x000000060ac00000, 0x000000060afffff0, 0x000000060b000000| 99%| O|  |TAMS 0x000000060ac00000| PB 0x000000060ac00000| Untracked 
|   5|0x000000060b000000, 0x000000060b3ee4d8, 0x000000060b400000| 98%| O|  |TAMS 0x000000060b000000| PB 0x000000060b000000| Untracked 
|   6|0x000000060b400000, 0x000000060b800000, 0x000000060b800000|100%| O|  |TAMS 0x000000060b400000| PB 0x000000060b400000| Untracked 
|   7|0x000000060b800000, 0x000000060bbfffd0, 0x000000060bc00000| 99%| O|  |TAMS 0x000000060b800000| PB 0x000000060b800000| Untracked 
|   8|0x000000060bc00000, 0x000000060c000000, 0x000000060c000000|100%| O|  |TAMS 0x000000060bc00000| PB 0x000000060bc00000| Untracked 
|   9|0x000000060c000000, 0x000000060c400000, 0x000000060c400000|100%| O|  |TAMS 0x000000060c000000| PB 0x000000060c000000| Untracked 
|  10|0x000000060c400000, 0x000000060c800000, 0x000000060c800000|100%| O|CS|TAMS 0x000000060c400000| PB 0x000000060c400000| Complete 
|  11|0x000000060c800000, 0x000000060cc00000, 0x000000060cc00000|100%| O|  |TAMS 0x000000060c800000| PB 0x000000060c800000| Untracked 
|  12|0x000000060cc00000, 0x000000060d000000, 0x000000060d000000|100%| O|  |TAMS 0x000000060cc00000| PB 0x000000060cc00000| Untracked 
|  13|0x000000060d000000, 0x000000060d400000, 0x000000060d400000|100%| O|  |TAMS 0x000000060d000000| PB 0x000000060d000000| Untracked 
|  14|0x000000060d400000, 0x000000060d800000, 0x000000060d800000|100%| O|  |TAMS 0x000000060d400000| PB 0x000000060d400000| Untracked 
|  15|0x000000060d800000, 0x000000060dc00000, 0x000000060dc00000|100%| O|  |TAMS 0x000000060d800000| PB 0x000000060d800000| Untracked 
|  16|0x000000060dc00000, 0x000000060debe938, 0x000000060e000000| 68%| O|  |TAMS 0x000000060dc00000| PB 0x000000060dc00000| Untracked 
|  17|0x000000060e000000, 0x000000060e000000, 0x000000060e400000|  0%| F|  |TAMS 0x000000060e000000| PB 0x000000060e000000| Untracked 
|  18|0x000000060e400000, 0x000000060e400000, 0x000000060e800000|  0%| F|  |TAMS 0x000000060e400000| PB 0x000000060e400000| Untracked 
|  19|0x000000060e800000, 0x000000060e800000, 0x000000060ec00000|  0%| F|  |TAMS 0x000000060e800000| PB 0x000000060e800000| Untracked 
|  20|0x000000060ec00000, 0x000000060ef6b5b0, 0x000000060f000000| 85%| S|  |TAMS 0x000000060ec00000| PB 0x000000060ec00000| Complete 
|  21|0x000000060f000000, 0x000000060f400000, 0x000000060f400000|100%| E|CS|TAMS 0x000000060f000000| PB 0x000000060f000000| Complete 
|  22|0x000000060f400000, 0x000000060f56ec90, 0x000000060f800000| 35%| E|CS|TAMS 0x000000060f400000| PB 0x000000060f400000| Complete 
|  23|0x000000060f800000, 0x000000060fc00000, 0x000000060fc00000|100%| E|CS|TAMS 0x000000060f800000| PB 0x000000060f800000| Complete 
|  24|0x000000060fc00000, 0x0000000610000000, 0x0000000610000000|100%| E|CS|TAMS 0x000000060fc00000| PB 0x000000060fc00000| Complete 
|  25|0x0000000610000000, 0x0000000610400000, 0x0000000610400000|100%| E|CS|TAMS 0x0000000610000000| PB 0x0000000610000000| Complete 
|  26|0x0000000610400000, 0x0000000610800000, 0x0000000610800000|100%| E|CS|TAMS 0x0000000610400000| PB 0x0000000610400000| Complete 
|  27|0x0000000610800000, 0x0000000610c00000, 0x0000000610c00000|100%| E|CS|TAMS 0x0000000610800000| PB 0x0000000610800000| Complete 
|  28|0x0000000610c00000, 0x0000000611000000, 0x0000000611000000|100%| E|CS|TAMS 0x0000000610c00000| PB 0x0000000610c00000| Complete 
|  29|0x0000000611000000, 0x0000000611400000, 0x0000000611400000|100%| E|CS|TAMS 0x0000000611000000| PB 0x0000000611000000| Complete 
|  30|0x0000000611400000, 0x0000000611800000, 0x0000000611800000|100%| E|CS|TAMS 0x0000000611400000| PB 0x0000000611400000| Complete 
|  31|0x0000000611800000, 0x0000000611c00000, 0x0000000611c00000|100%| E|CS|TAMS 0x0000000611800000| PB 0x0000000611800000| Complete 

Card table byte_map: [0x000001b5ac7c0000,0x000001b5ad780000] _byte_map_base: 0x000001b5a9772000

Marking Bits: (CMBitMap*) 0x000001b59fb76640
 Bits: [0x000001b5ad780000, 0x000001b5b5510000)

Polling page: 0x000001b59da00000

Metaspace:

Usage:
  Non-class:     77.85 MB used.
      Class:     12.72 MB used.
       Both:     90.57 MB used.

Virtual space:
  Non-class space:      128.00 MB reserved,      78.31 MB ( 61%) committed,  2 nodes.
      Class space:        1.00 GB reserved,      13.12 MB (  1%) committed,  1 nodes.
             Both:        1.12 GB reserved,      91.44 MB (  8%) committed. 

Chunk freelists:
   Non-Class:  1.29 MB
       Class:  2.82 MB
        Both:  4.11 MB

MaxMetaspaceSize: unlimited
CompressedClassSpaceSize: 1.00 GB
Initial GC threshold: 21.00 MB
Current GC threshold: 151.81 MB
CDS: on
 - commit_granule_bytes: 65536.
 - commit_granule_words: 8192.
 - virtual_space_node_default_size: 8388608.
 - enlarge_chunks_in_place: 1.
 - use_allocation_guard: 0.


Internal statistics:

num_allocs_failed_limit: 9.
num_arena_births: 2020.
num_arena_deaths: 914.
num_vsnodes_births: 3.
num_vsnodes_deaths: 0.
num_space_committed: 1464.
num_space_uncommitted: 1.
num_chunks_returned_to_freelist: 1088.
num_chunks_taken_from_freelist: 6039.
num_chunk_merges: 251.
num_chunk_splits: 3801.
num_chunks_enlarged: 2882.
num_inconsistent_stats: 0.

CodeCache: size=49152Kb used=20147Kb max_used=23188Kb free=29004Kb
 bounds [0x000001b5a8190000, 0x000001b5a9860000, 0x000001b5ab190000]
 total_blobs=10753 nmethods=9998 adapters=676
 compilation: enabled
              stopped_count=0, restarted_count=0
 full_count=0

Compilation events (20 events):
Event: 575.977 Thread 0x000001b58119ba30 14703       1       java.util.OptionalInt::of (9 bytes)
Event: 575.978 Thread 0x000001b5b8698480 14704       1       java.util.OptionalInt::<init> (15 bytes)
Event: 575.978 Thread 0x000001b58119ba30 nmethod 14703 0x000001b5a8a33a10 code [0x000001b5a8a33ba0, 0x000001b5a8a33ca8]
Event: 575.978 Thread 0x000001b58119b360 nmethod 14702 0x000001b5a8bc4210 code [0x000001b5a8bc43c0, 0x000001b5a8bc4578]
Event: 575.978 Thread 0x000001b5b8698480 nmethod 14704 0x000001b5a8b7b290 code [0x000001b5a8b7b420, 0x000001b5a8b7b4f0]
Event: 575.978 Thread 0x000001b58119b360 14705       1       java.util.OptionalInt::orElse (16 bytes)
Event: 575.978 Thread 0x000001b58119c100 nmethod 14701 0x000001b5a8bf4690 code [0x000001b5a8bf4840, 0x000001b5a8bf49f8]
Event: 575.978 Thread 0x000001b58119b360 nmethod 14705 0x000001b5a8b9b910 code [0x000001b5a8b9baa0, 0x000001b5a8b9bba0]
Event: 576.021 Thread 0x000001b58119b360 14706       1       java.lang.System::getProperty (26 bytes)
Event: 576.021 Thread 0x000001b58119b360 nmethod 14706 0x000001b5a8e52690 code [0x000001b5a8e52880, 0x000001b5a8e52b28]
Event: 601.076 Thread 0x000001b5b8698480 14707       1       java.net.InetSocketAddress::getAddress (8 bytes)
Event: 601.076 Thread 0x000001b5b8698480 nmethod 14707 0x000001b5a8bb3890 code [0x000001b5a8bb3a20, 0x000001b5a8bb3af8]
Event: 601.077 Thread 0x000001b5b8698480 14708       1       java.io.DataOutputStream::incCount (20 bytes)
Event: 601.077 Thread 0x000001b5b8698480 nmethod 14708 0x000001b5a8bc0410 code [0x000001b5a8bc05a0, 0x000001b5a8bc0680]
Event: 601.078 Thread 0x000001b5b8698480 14709       1       java.lang.ClassValue::getMap (16 bytes)
Event: 601.078 Thread 0x000001b5b8698480 nmethod 14709 0x000001b5a8a4a010 code [0x000001b5a8a4a1c0, 0x000001b5a8a4a2d0]
Event: 601.078 Thread 0x000001b5b8698480 14710       1       java.io.ObjectStreamClass::computeFieldOffsets (308 bytes)
Event: 601.079 Thread 0x000001b5b8698480 nmethod 14710 0x000001b5a904e110 code [0x000001b5a904e300, 0x000001b5a904e890]
Event: 613.065 Thread 0x000001b5b8698480 14711       1       org.springframework.boot.devtools.filewatch.DirectorySnapshot::getDirectory (5 bytes)
Event: 613.065 Thread 0x000001b5b8698480 nmethod 14711 0x000001b5a8c52810 code [0x000001b5a8c529a0, 0x000001b5a8c52a70]

GC Heap History (20 events):
Event: 523.314 GC heap after
{Heap after GC invocations=40 (full 3):
 garbage-first heap   total 122880K, used 46994K [0x0000000609c00000, 0x0000000800000000)
  region size 4096K, 2 young (8192K), 2 survivors (8192K)
 Metaspace       used 90070K, committed 90944K, reserved 1179648K
  class space    used 12809K, committed 13184K, reserved 1048576K
}
Event: 532.257 GC heap before
{Heap before GC invocations=41 (full 3):
 garbage-first heap   total 122880K, used 100242K [0x0000000609c00000, 0x0000000800000000)
  region size 4096K, 15 young (61440K), 2 survivors (8192K)
 Metaspace       used 90491K, committed 91392K, reserved 1179648K
  class space    used 12843K, committed 13248K, reserved 1048576K
}
Event: 532.260 GC heap after
{Heap after GC invocations=42 (full 3):
 garbage-first heap   total 122880K, used 49750K [0x0000000609c00000, 0x0000000800000000)
  region size 4096K, 2 young (8192K), 2 survivors (8192K)
 Metaspace       used 90491K, committed 91392K, reserved 1179648K
  class space    used 12843K, committed 13248K, reserved 1048576K
}
Event: 532.685 GC heap before
{Heap before GC invocations=42 (full 3):
 garbage-first heap   total 122880K, used 98902K [0x0000000609c00000, 0x0000000800000000)
  region size 4096K, 14 young (57344K), 2 survivors (8192K)
 Metaspace       used 90795K, committed 91648K, reserved 1179648K
  class space    used 12869K, committed 13248K, reserved 1048576K
}
Event: 532.687 GC heap after
{Heap after GC invocations=43 (full 3):
 garbage-first heap   total 122880K, used 52673K [0x0000000609c00000, 0x0000000800000000)
  region size 4096K, 2 young (8192K), 2 survivors (8192K)
 Metaspace       used 90795K, committed 91648K, reserved 1179648K
  class space    used 12869K, committed 13248K, reserved 1048576K
}
Event: 554.909 GC heap before
{Heap before GC invocations=43 (full 3):
 garbage-first heap   total 122880K, used 97729K [0x0000000609c00000, 0x0000000800000000)
  region size 4096K, 14 young (57344K), 2 survivors (8192K)
 Metaspace       used 91157K, committed 92032K, reserved 1179648K
  class space    used 12898K, committed 13312K, reserved 1048576K
}
Event: 554.911 GC heap after
{Heap after GC invocations=44 (full 3):
 garbage-first heap   total 122880K, used 54189K [0x0000000609c00000, 0x0000000800000000)
  region size 4096K, 2 young (8192K), 2 survivors (8192K)
 Metaspace       used 91157K, committed 92032K, reserved 1179648K
  class space    used 12898K, committed 13312K, reserved 1048576K
}
Event: 555.360 GC heap before
{Heap before GC invocations=45 (full 3):
 garbage-first heap   total 122880K, used 103341K [0x0000000609c00000, 0x0000000800000000)
  region size 4096K, 14 young (57344K), 2 survivors (8192K)
 Metaspace       used 91444K, committed 92416K, reserved 1179648K
  class space    used 12921K, committed 13376K, reserved 1048576K
}
Event: 555.362 GC heap after
{Heap after GC invocations=46 (full 3):
 garbage-first heap   total 122880K, used 57932K [0x0000000609c00000, 0x0000000800000000)
  region size 4096K, 2 young (8192K), 2 survivors (8192K)
 Metaspace       used 91444K, committed 92416K, reserved 1179648K
  class space    used 12921K, committed 13376K, reserved 1048576K
}
Event: 560.214 GC heap before
{Heap before GC invocations=46 (full 3):
 garbage-first heap   total 122880K, used 102988K [0x0000000609c00000, 0x0000000800000000)
  region size 4096K, 13 young (53248K), 2 survivors (8192K)
 Metaspace       used 91728K, committed 92672K, reserved 1179648K
  class space    used 12946K, committed 13376K, reserved 1048576K
}
Event: 560.217 GC heap after
{Heap after GC invocations=47 (full 3):
 garbage-first heap   total 122880K, used 59271K [0x0000000609c00000, 0x0000000800000000)
  region size 4096K, 2 young (8192K), 2 survivors (8192K)
 Metaspace       used 91728K, committed 92672K, reserved 1179648K
  class space    used 12946K, committed 13376K, reserved 1048576K
}
Event: 561.118 GC heap before
{Heap before GC invocations=48 (full 3):
 garbage-first heap   total 122880K, used 100231K [0x0000000609c00000, 0x0000000800000000)
  region size 4096K, 12 young (49152K), 2 survivors (8192K)
 Metaspace       used 91863K, committed 92736K, reserved 1179648K
  class space    used 12944K, committed 13376K, reserved 1048576K
}
Event: 561.121 GC heap after
{Heap after GC invocations=49 (full 3):
 garbage-first heap   total 122880K, used 62150K [0x0000000609c00000, 0x0000000800000000)
  region size 4096K, 2 young (8192K), 2 survivors (8192K)
 Metaspace       used 91863K, committed 92736K, reserved 1179648K
  class space    used 12944K, committed 13376K, reserved 1048576K
}
Event: 575.259 GC heap before
{Heap before GC invocations=49 (full 3):
 garbage-first heap   total 122880K, used 103110K [0x0000000609c00000, 0x0000000800000000)
  region size 4096K, 12 young (49152K), 2 survivors (8192K)
 Metaspace       used 92148K, committed 92992K, reserved 1179648K
  class space    used 12974K, committed 13376K, reserved 1048576K
}
Event: 575.262 GC heap after
{Heap after GC invocations=50 (full 3):
 garbage-first heap   total 122880K, used 62958K [0x0000000609c00000, 0x0000000800000000)
  region size 4096K, 2 young (8192K), 2 survivors (8192K)
 Metaspace       used 92148K, committed 92992K, reserved 1179648K
  class space    used 12974K, committed 13376K, reserved 1048576K
}
Event: 575.552 GC heap before
{Heap before GC invocations=50 (full 3):
 garbage-first heap   total 122880K, used 95726K [0x0000000609c00000, 0x0000000800000000)
  region size 4096K, 11 young (45056K), 2 survivors (8192K)
 Metaspace       used 92306K, committed 93248K, reserved 1179648K
  class space    used 12994K, committed 13440K, reserved 1048576K
}
Event: 575.554 GC heap after
{Heap after GC invocations=51 (full 3):
 garbage-first heap   total 122880K, used 65478K [0x0000000609c00000, 0x0000000800000000)
  region size 4096K, 2 young (8192K), 2 survivors (8192K)
 Metaspace       used 92306K, committed 93248K, reserved 1179648K
  class space    used 12994K, committed 13440K, reserved 1048576K
}
Event: 576.085 GC heap before
{Heap before GC invocations=52 (full 3):
 garbage-first heap   total 131072K, used 98246K [0x0000000609c00000, 0x0000000800000000)
  region size 4096K, 10 young (40960K), 2 survivors (8192K)
 Metaspace       used 92720K, committed 93632K, reserved 1179648K
  class space    used 13022K, committed 13440K, reserved 1048576K
}
Event: 576.087 GC heap after
{Heap after GC invocations=53 (full 3):
 garbage-first heap   total 131072K, used 67948K [0x0000000609c00000, 0x0000000800000000)
  region size 4096K, 2 young (8192K), 2 survivors (8192K)
 Metaspace       used 92720K, committed 93632K, reserved 1179648K
  class space    used 13022K, committed 13440K, reserved 1048576K
}
Event: 644.150 GC heap before
{Heap before GC invocations=53 (full 3):
 garbage-first heap   total 131072K, used 104812K [0x0000000609c00000, 0x0000000800000000)
  region size 4096K, 11 young (45056K), 2 survivors (8192K)
 Metaspace       used 92746K, committed 93632K, reserved 1179648K
  class space    used 13027K, committed 13440K, reserved 1048576K
}

Dll operation events (12 events):
Event: 0.006 Loaded shared library C:\pleiades\2023-12\java\21\bin\java.dll
Event: 0.207 Loaded shared library C:\pleiades\2023-12\java\21\bin\zip.dll
Event: 0.211 Loaded shared library C:\pleiades\2023-12\java\21\bin\instrument.dll
Event: 0.214 Loaded shared library C:\pleiades\2023-12\java\21\bin\net.dll
Event: 0.215 Loaded shared library C:\pleiades\2023-12\java\21\bin\nio.dll
Event: 0.217 Loaded shared library C:\pleiades\2023-12\java\21\bin\zip.dll
Event: 0.324 Loaded shared library C:\pleiades\2023-12\java\21\bin\jimage.dll
Event: 0.358 Loaded shared library C:\pleiades\2023-12\java\21\bin\management.dll
Event: 0.366 Loaded shared library C:\pleiades\2023-12\java\21\bin\management_ext.dll
Event: 0.503 Loaded shared library C:\pleiades\2023-12\java\21\bin\verify.dll
Event: 0.574 Loaded shared library C:\pleiades\2023-12\java\21\bin\extnet.dll
Event: 1.532 Loaded shared library C:\pleiades\2023-12\java\21\bin\sunmscapi.dll

Deoptimization events (20 events):
Event: 601.078 Thread 0x000001b5fec3b5f0 DEOPT PACKING pc=0x000001b5a9127874 sp=0x0000001d8f0fd560
Event: 601.078 Thread 0x000001b5fec3b5f0 DEOPT UNPACKING pc=0x000001b5a81e4e42 sp=0x0000001d8f0fcac8 mode 1
Event: 601.078 Thread 0x000001b5fec3b5f0 DEOPT PACKING pc=0x000001b5a9127874 sp=0x0000001d8f0fd560
Event: 601.078 Thread 0x000001b5fec3b5f0 DEOPT UNPACKING pc=0x000001b5a81e4e42 sp=0x0000001d8f0fcac8 mode 1
Event: 601.079 Thread 0x000001b5fec3b5f0 DEOPT PACKING pc=0x000001b5a8466fbc sp=0x0000001d8f0fd0b0
Event: 601.079 Thread 0x000001b5fec3b5f0 DEOPT UNPACKING pc=0x000001b5a81e4e42 sp=0x0000001d8f0fc618 mode 1
Event: 601.079 Thread 0x000001b5fec3b5f0 DEOPT PACKING pc=0x000001b5a9127874 sp=0x0000001d8f0fd120
Event: 601.079 Thread 0x000001b5fec3b5f0 DEOPT UNPACKING pc=0x000001b5a81e4e42 sp=0x0000001d8f0fc688 mode 1
Event: 601.079 Thread 0x000001b5fec3b5f0 DEOPT PACKING pc=0x000001b5a9127874 sp=0x0000001d8f0fd120
Event: 601.079 Thread 0x000001b5fec3b5f0 DEOPT UNPACKING pc=0x000001b5a81e4e42 sp=0x0000001d8f0fc688 mode 1
Event: 601.079 Thread 0x000001b5fec3b5f0 DEOPT PACKING pc=0x000001b5a9127874 sp=0x0000001d8f0fd120
Event: 601.079 Thread 0x000001b5fec3b5f0 DEOPT UNPACKING pc=0x000001b5a81e4e42 sp=0x0000001d8f0fc688 mode 1
Event: 601.079 Thread 0x000001b5fec3b5f0 DEOPT PACKING pc=0x000001b5a9127874 sp=0x0000001d8f0fd120
Event: 601.079 Thread 0x000001b5fec3b5f0 DEOPT UNPACKING pc=0x000001b5a81e4e42 sp=0x0000001d8f0fc688 mode 1
Event: 601.079 Thread 0x000001b5fec3b5f0 DEOPT PACKING pc=0x000001b5a9127874 sp=0x0000001d8f0fd120
Event: 601.079 Thread 0x000001b5fec3b5f0 DEOPT UNPACKING pc=0x000001b5a81e4e42 sp=0x0000001d8f0fc688 mode 1
Event: 601.079 Thread 0x000001b5fec3b5f0 DEOPT PACKING pc=0x000001b5a9127874 sp=0x0000001d8f0fd120
Event: 601.079 Thread 0x000001b5fec3b5f0 DEOPT UNPACKING pc=0x000001b5a81e4e42 sp=0x0000001d8f0fc688 mode 1
Event: 601.079 Thread 0x000001b5fec3b5f0 DEOPT PACKING pc=0x000001b5a9127874 sp=0x0000001d8f0fd120
Event: 601.079 Thread 0x000001b5fec3b5f0 DEOPT UNPACKING pc=0x000001b5a81e4e42 sp=0x0000001d8f0fc688 mode 1

Classes loaded (20 events):
Event: 25.855 Loading class java/lang/LongEditor
Event: 25.855 Loading class java/lang/LongEditor done
Event: 25.860 Loading class java/lang/StringEditor
Event: 25.860 Loading class java/lang/StringEditor done
Event: 25.879 Loading class sun/nio/cs/Surrogate$Parser
Event: 25.880 Loading class sun/nio/cs/Surrogate$Parser done
Event: 25.880 Loading class sun/nio/cs/Surrogate
Event: 25.880 Loading class sun/nio/cs/Surrogate done
Event: 244.897 Loading class java/util/concurrent/locks/AbstractQueuedSynchronizer$SharedNode
Event: 244.897 Loading class java/util/concurrent/locks/AbstractQueuedSynchronizer$SharedNode done
Event: 244.903 Loading class java/util/AbstractMap$2
Event: 244.903 Loading class java/util/AbstractMap$2 done
Event: 244.904 Loading class java/util/AbstractMap$2$1
Event: 244.904 Loading class java/util/AbstractMap$2$1 done
Event: 244.921 Loading class java/io/FileOutputStream$1
Event: 244.921 Loading class java/io/FileOutputStream$1 done
Event: 244.966 Loading class java/lang/ref/Finalizer$2
Event: 244.966 Loading class java/lang/ref/Finalizer$2 done
Event: 244.966 Loading class java/lang/ref/Finalizer$1
Event: 244.966 Loading class java/lang/ref/Finalizer$1 done

Classes unloaded (20 events):
Event: 560.238 Thread 0x000001b5b57d3450 Unloading class 0x000001b5bab31400 'java/lang/invoke/LambdaForm$MH+0x000001b5bab31400'
Event: 560.238 Thread 0x000001b5b57d3450 Unloading class 0x000001b5bab2f800 'java/lang/invoke/LambdaForm$MH+0x000001b5bab2f800'
Event: 560.238 Thread 0x000001b5b57d3450 Unloading class 0x000001b5bab2d000 'java/lang/invoke/LambdaForm$MH+0x000001b5bab2d000'
Event: 560.238 Thread 0x000001b5b57d3450 Unloading class 0x000001b5bab2c800 'java/lang/invoke/LambdaForm$MH+0x000001b5bab2c800'
Event: 560.238 Thread 0x000001b5b57d3450 Unloading class 0x000001b5bab08400 'java/lang/invoke/LambdaForm$MH+0x000001b5bab08400'
Event: 560.238 Thread 0x000001b5b57d3450 Unloading class 0x000001b5baaf0400 'java/lang/invoke/LambdaForm$MH+0x000001b5baaf0400'
Event: 560.238 Thread 0x000001b5b57d3450 Unloading class 0x000001b5baad3400 'java/lang/invoke/LambdaForm$MH+0x000001b5baad3400'
Event: 560.238 Thread 0x000001b5b57d3450 Unloading class 0x000001b5baad2c00 'java/lang/invoke/LambdaForm$MH+0x000001b5baad2c00'
Event: 560.238 Thread 0x000001b5b57d3450 Unloading class 0x000001b5baad0c00 'java/lang/invoke/LambdaForm$BMH+0x000001b5baad0c00'
Event: 560.238 Thread 0x000001b5b57d3450 Unloading class 0x000001b5baa85400 'java/lang/invoke/LambdaForm$MH+0x000001b5baa85400'
Event: 560.238 Thread 0x000001b5b57d3450 Unloading class 0x000001b5baa84400 'java/lang/invoke/LambdaForm$MH+0x000001b5baa84400'
Event: 560.238 Thread 0x000001b5b57d3450 Unloading class 0x000001b5baa5e000 'java/lang/invoke/LambdaForm$MH+0x000001b5baa5e000'
Event: 560.238 Thread 0x000001b5b57d3450 Unloading class 0x000001b5ba900000 'java/lang/invoke/LambdaForm$MH+0x000001b5ba900000'
Event: 560.238 Thread 0x000001b5b57d3450 Unloading class 0x000001b5ba8da000 'java/lang/invoke/LambdaForm$MH+0x000001b5ba8da000'
Event: 575.580 Thread 0x000001b5b57d3450 Unloading class 0x000001b5bad10c00 'jdk/internal/reflect/GeneratedSerializationConstructorAccessor88'
Event: 575.580 Thread 0x000001b5b57d3450 Unloading class 0x000001b5bad10400 'jdk/internal/reflect/GeneratedSerializationConstructorAccessor87'
Event: 575.580 Thread 0x000001b5b57d3450 Unloading class 0x000001b5bad10000 'jdk/internal/reflect/GeneratedSerializationConstructorAccessor86'
Event: 575.580 Thread 0x000001b5b57d3450 Unloading class 0x000001b5bad04400 'jdk/internal/reflect/GeneratedSerializationConstructorAccessor85'
Event: 575.580 Thread 0x000001b5b57d3450 Unloading class 0x000001b5bad04000 'jdk/internal/reflect/GeneratedSerializationConstructorAccessor84'
Event: 575.580 Thread 0x000001b5b57d3450 Unloading class 0x000001b5bacf8c00 'jdk/internal/reflect/GeneratedSerializationConstructorAccessor83'

Classes redefined (1 events):
Event: 243.107 Thread 0x000001b5b57d3450 redefined class name=com.example.appwish.controller.project.ProjectController, count=1

Internal exceptions (20 events):
Event: 560.001 Thread 0x000001b5876a5690 Exception <a 'sun/nio/fs/WindowsException'{0x0000000610506720}> (0x0000000610506720) 
thrown [s\src\hotspot\share\prims\jni.cpp, line 520]
Event: 560.279 Thread 0x000001b5876a5690 Exception <a 'java/lang/NoClassDefFoundError'{0x0000000610d844d8}: org/flywaydb/core/Flyway> (0x0000000610d844d8) 
thrown [s\src\hotspot\share\oops\constantPool.cpp, line 871]
Event: 560.791 Thread 0x000001b5876a5690 Exception <a 'java/lang/NoClassDefFoundError'{0x0000000610d84b38}: liquibase/integration/spring/SpringLiquibase> (0x0000000610d84b38) 
thrown [s\src\hotspot\share\oops\constantPool.cpp, line 871]
Event: 560.796 Thread 0x000001b5876a5690 Exception <a 'java/lang/NoClassDefFoundError'{0x0000000610e60ed8}: org/jooq/DSLContext> (0x0000000610e60ed8) 
thrown [s\src\hotspot\share\oops\constantPool.cpp, line 871]
Event: 560.797 Thread 0x000001b5876a5690 Exception <a 'java/lang/NoClassDefFoundError'{0x0000000610e737d0}: org/springframework/batch/core/repository/JobRepository> (0x0000000610e737d0) 
thrown [s\src\hotspot\share\oops\constantPool.cpp, line 871]
Event: 560.797 Thread 0x000001b5876a5690 Exception <a 'java/lang/NoClassDefFoundError'{0x0000000610e73e28}: org/quartz/Scheduler> (0x0000000610e73e28) 
thrown [s\src\hotspot\share\oops\constantPool.cpp, line 871]
Event: 560.798 Thread 0x000001b5876a5690 Exception <a 'java/lang/NoClassDefFoundError'{0x0000000610e744a8}: org/springframework/session/jdbc/JdbcIndexedSessionRepository> (0x0000000610e744a8) 
thrown [s\src\hotspot\share\oops\constantPool.cpp, line 871]
Event: 560.842 Thread 0x000001b5876a5690 Exception <a 'java/io/FileNotFoundException'{0x00000006106718e0}> (0x00000006106718e0) 
thrown [s\src\hotspot\share\prims\jni.cpp, line 520]
Event: 561.191 Thread 0x000001b5876a5690 Exception <a 'java/lang/NoClassDefFoundError'{0x0000000610457ea0}: Model> (0x0000000610457ea0) 
thrown [s\src\hotspot\share\classfile\systemDictionary.cpp, line 301]
Event: 561.269 Thread 0x000001b5876a2f30 Exception <a 'java/lang/InterruptedException'{0x000000061055a878}: sleep interrupted> (0x000000061055a878) 
thrown [s\src\hotspot\share\prims\jvm.cpp, line 3074]
Event: 561.273 Thread 0x000001b5876a5690 Exception <a 'java/lang/NoClassDefFoundError'{0x0000000610502ab0}: liquibase/exception/ChangeLogParseException> (0x0000000610502ab0) 
thrown [s\src\hotspot\share\classfile\systemDictionary.cpp, line 301]
Event: 575.132 Thread 0x000001b5876a07d0 Exception <a 'sun/nio/fs/WindowsException'{0x000000060fce5118}> (0x000000060fce5118) 
thrown [s\src\hotspot\share\prims\jni.cpp, line 520]
Event: 575.394 Thread 0x000001b5876a07d0 Exception <a 'java/lang/NoClassDefFoundError'{0x0000000610170a30}: org/flywaydb/core/Flyway> (0x0000000610170a30) 
thrown [s\src\hotspot\share\oops\constantPool.cpp, line 871]
Event: 575.395 Thread 0x000001b5876a07d0 Exception <a 'java/lang/NoClassDefFoundError'{0x0000000610171090}: liquibase/integration/spring/SpringLiquibase> (0x0000000610171090) 
thrown [s\src\hotspot\share\oops\constantPool.cpp, line 871]
Event: 575.399 Thread 0x000001b5876a07d0 Exception <a 'java/lang/NoClassDefFoundError'{0x000000061020fdd0}: org/jooq/DSLContext> (0x000000061020fdd0) 
thrown [s\src\hotspot\share\oops\constantPool.cpp, line 871]
Event: 575.400 Thread 0x000001b5876a07d0 Exception <a 'java/lang/NoClassDefFoundError'{0x00000006102226c8}: org/springframework/batch/core/repository/JobRepository> (0x00000006102226c8) 
thrown [s\src\hotspot\share\oops\constantPool.cpp, line 871]
Event: 575.400 Thread 0x000001b5876a07d0 Exception <a 'java/lang/NoClassDefFoundError'{0x0000000610222d20}: org/quartz/Scheduler> (0x0000000610222d20) 
thrown [s\src\hotspot\share\oops\constantPool.cpp, line 871]
Event: 575.401 Thread 0x000001b5876a07d0 Exception <a 'java/lang/NoClassDefFoundError'{0x00000006102233a0}: org/springframework/session/jdbc/JdbcIndexedSessionRepository> (0x00000006102233a0) 
thrown [s\src\hotspot\share\oops\constantPool.cpp, line 871]
Event: 575.441 Thread 0x000001b5876a07d0 Exception <a 'java/io/FileNotFoundException'{0x000000060fa163e8}> (0x000000060fa163e8) 
thrown [s\src\hotspot\share\prims\jni.cpp, line 520]
Event: 601.079 Thread 0x000001b5fec3b5f0 Exception <a 'java/lang/NoSuchMethodError'{0x0000000610e0f2f0}: static [B.<clinit>()V> (0x0000000610e0f2f0) 
thrown [s\src\hotspot\share\prims\jni.cpp, line 1106]

ZGC Phase Switch (0 events):
No events

VM Operations (20 events):
Event: 586.161 Executing VM operation: get/set locals done
Event: 586.161 Executing VM operation: get/set locals
Event: 586.161 Executing VM operation: get/set locals done
Event: 586.162 Executing VM operation: get/set locals
Event: 586.162 Executing VM operation: get/set locals done
Event: 586.162 Executing VM operation: get/set locals
Event: 586.162 Executing VM operation: get/set locals done
Event: 586.162 Executing VM operation: get/set locals
Event: 586.162 Executing VM operation: get/set locals done
Event: 586.162 Executing VM operation: get/set locals
Event: 586.162 Executing VM operation: get/set locals done
Event: 586.163 Executing VM operation: get/set locals
Event: 586.163 Executing VM operation: get/set locals done
Event: 601.014 Executing VM operation: HandshakeAllThreads (HandshakeForDeflation)
Event: 601.014 Executing VM operation: HandshakeAllThreads (HandshakeForDeflation) done
Event: 601.014 Executing VM operation: RendezvousGCThreads
Event: 601.014 Executing VM operation: RendezvousGCThreads done
Event: 602.022 Executing VM operation: Cleanup
Event: 602.022 Executing VM operation: Cleanup done
Event: 644.150 Executing VM operation: G1CollectForAllocation (G1 Evacuation Pause)

Events (20 events):
Event: 575.589 Thread 0x000001b5b57d3450 flushing nmethod 0x000001b5a83a2d90
Event: 575.589 Thread 0x000001b5b57d3450 flushing nmethod 0x000001b5a8337e90
Event: 575.589 Thread 0x000001b5b57d3450 flushing nmethod 0x000001b5a8392610
Event: 575.589 Thread 0x000001b5b57d3450 flushing nmethod 0x000001b5a8308190
Event: 575.589 Thread 0x000001b5b57d3450 flushing nmethod 0x000001b5a8335b10
Event: 575.589 Thread 0x000001b5b57d3450 flushing nmethod 0x000001b5a834b510
Event: 575.589 Thread 0x000001b5b57d3450 flushing nmethod 0x000001b5a82e6e90
Event: 575.589 Thread 0x000001b5b57d3450 flushing nmethod 0x000001b5a8334b10
Event: 575.589 Thread 0x000001b5b57d3450 flushing nmethod 0x000001b5a8332f90
Event: 575.589 Thread 0x000001b5b57d3450 flushing nmethod 0x000001b5a830b490
Event: 575.589 Thread 0x000001b5b57d3450 flushing nmethod 0x000001b5a830fa90
Event: 575.589 Thread 0x000001b5b57d3450 flushing nmethod 0x000001b5a82e1190
Event: 575.589 Thread 0x000001b5b57d3450 flushing nmethod 0x000001b5a82e0890
Event: 575.589 Thread 0x000001b5b57d3450 flushing nmethod 0x000001b5a82d8990
Event: 575.589 Thread 0x000001b5b57d3450 flushing nmethod 0x000001b5a82d9810
Event: 575.628 Thread 0x000001b5876a6a40 Thread added: 0x000001b5876a6a40
Event: 581.034 Thread 0x000001b58119b360 Thread exited: 0x000001b58119b360
Event: 581.034 Thread 0x000001b58119c100 Thread exited: 0x000001b58119c100
Event: 581.332 Thread 0x000001b5876a6a40 Thread exited: 0x000001b5876a6a40
Event: 586.039 Thread 0x000001b58119ba30 Thread exited: 0x000001b58119ba30


Dynamic libraries:
0x00007ff719460000 - 0x00007ff71946e000 	C:\pleiades\2023-12\java\21\bin\javaw.exe
0x00007ffc8d450000 - 0x00007ffc8d667000 	C:\Windows\SYSTEM32\ntdll.dll
0x00007ffc8c270000 - 0x00007ffc8c334000 	C:\Windows\System32\KERNEL32.DLL
0x00007ffc8a770000 - 0x00007ffc8ab1d000 	C:\Windows\System32\KERNELBASE.dll
0x00007ffc8af20000 - 0x00007ffc8b031000 	C:\Windows\System32\ucrtbase.dll
0x00007ffc81320000 - 0x00007ffc8133b000 	C:\pleiades\2023-12\java\21\bin\VCRUNTIME140.dll
0x00007ffc81340000 - 0x00007ffc81358000 	C:\pleiades\2023-12\java\21\bin\jli.dll
0x00007ffc8bde0000 - 0x00007ffc8bf8e000 	C:\Windows\System32\USER32.dll
0x00007ffc67f70000 - 0x00007ffc68203000 	C:\Windows\WinSxS\amd64_microsoft.windows.common-controls_6595b64144ccf1df_6.0.22621.3672_none_2713b9d173822955\COMCTL32.dll
0x00007ffc8ada0000 - 0x00007ffc8adc6000 	C:\Windows\System32\win32u.dll
0x00007ffc8bb50000 - 0x00007ffc8bbf7000 	C:\Windows\System32\msvcrt.dll
0x00007ffc8c6e0000 - 0x00007ffc8c709000 	C:\Windows\System32\GDI32.dll
0x00007ffc8add0000 - 0x00007ffc8aee9000 	C:\Windows\System32\gdi32full.dll
0x00007ffc8ad00000 - 0x00007ffc8ad9a000 	C:\Windows\System32\msvcp_win.dll
0x00007ffc8c200000 - 0x00007ffc8c231000 	C:\Windows\System32\IMM32.DLL
0x00007ffc86720000 - 0x00007ffc8672c000 	C:\pleiades\2023-12\java\21\bin\vcruntime140_1.dll
0x00007ffc7e750000 - 0x00007ffc7e7de000 	C:\pleiades\2023-12\java\21\bin\msvcp140.dll
0x00007ffbf7670000 - 0x00007ffbf83f3000 	C:\pleiades\2023-12\java\21\bin\server\jvm.dll
0x00007ffc8cfc0000 - 0x00007ffc8d072000 	C:\Windows\System32\ADVAPI32.dll
0x00007ffc8c580000 - 0x00007ffc8c629000 	C:\Windows\System32\sechost.dll
0x00007ffc8aef0000 - 0x00007ffc8af18000 	C:\Windows\System32\bcrypt.dll
0x00007ffc8bf90000 - 0x00007ffc8c0a4000 	C:\Windows\System32\RPCRT4.dll
0x00007ffc8c710000 - 0x00007ffc8c781000 	C:\Windows\System32\WS2_32.dll
0x00007ffc8a640000 - 0x00007ffc8a68d000 	C:\Windows\SYSTEM32\POWRPROF.dll
0x00007ffc83320000 - 0x00007ffc83354000 	C:\Windows\SYSTEM32\WINMM.dll
0x00007ffc81980000 - 0x00007ffc8198a000 	C:\Windows\SYSTEM32\VERSION.dll
0x00007ffc8a620000 - 0x00007ffc8a633000 	C:\Windows\SYSTEM32\UMPDC.dll
0x00007ffc89780000 - 0x00007ffc89798000 	C:\Windows\SYSTEM32\kernel.appcore.dll
0x00007ffc81300000 - 0x00007ffc8130a000 	C:\pleiades\2023-12\java\21\bin\jimage.dll
0x00007ffc82440000 - 0x00007ffc82672000 	C:\Windows\SYSTEM32\DBGHELP.DLL
0x00007ffc8d080000 - 0x00007ffc8d40e000 	C:\Windows\System32\combase.dll
0x00007ffc8ba70000 - 0x00007ffc8bb47000 	C:\Windows\System32\OLEAUT32.dll
0x00007ffc72f30000 - 0x00007ffc72f62000 	C:\Windows\SYSTEM32\dbgcore.DLL
0x00007ffc8b100000 - 0x00007ffc8b17b000 	C:\Windows\System32\bcryptPrimitives.dll
0x00007ffc7f5a0000 - 0x00007ffc7f5dc000 	C:\pleiades\2023-12\java\21\bin\jdwp.dll
0x00007ffc812f0000 - 0x00007ffc812ff000 	C:\pleiades\2023-12\java\21\bin\instrument.dll
0x00007ffc7f740000 - 0x00007ffc7f75f000 	C:\pleiades\2023-12\java\21\bin\java.dll
0x00007ffc8b200000 - 0x00007ffc8ba67000 	C:\Windows\System32\SHELL32.dll
0x00007ffc886a0000 - 0x00007ffc88f9f000 	C:\Windows\SYSTEM32\windows.storage.dll
0x00007ffc88560000 - 0x00007ffc8869f000 	C:\Windows\SYSTEM32\wintypes.dll
0x00007ffc8c100000 - 0x00007ffc8c1f9000 	C:\Windows\System32\SHCORE.dll
0x00007ffc8b180000 - 0x00007ffc8b1de000 	C:\Windows\System32\shlwapi.dll
0x00007ffc8a6a0000 - 0x00007ffc8a6c7000 	C:\Windows\SYSTEM32\profapi.dll
0x00007ffc812e0000 - 0x00007ffc812ec000 	C:\pleiades\2023-12\java\21\bin\dt_socket.dll
0x00007ffc89290000 - 0x00007ffc892bd000 	C:\Windows\SYSTEM32\IPHLPAPI.DLL
0x00007ffc89be0000 - 0x00007ffc89c49000 	C:\Windows\system32\mswsock.dll
0x00007ffc892c0000 - 0x00007ffc893b8000 	C:\Windows\SYSTEM32\DNSAPI.dll
0x00007ffc8cc10000 - 0x00007ffc8cc19000 	C:\Windows\System32\NSI.dll
0x00007ffc7b940000 - 0x00007ffc7b94a000 	C:\Windows\System32\rasadhlp.dll
0x00007ffc83290000 - 0x00007ffc83313000 	C:\Windows\System32\fwpuclnt.dll
0x00007ffc7e730000 - 0x00007ffc7e748000 	C:\pleiades\2023-12\java\21\bin\zip.dll
0x00007ffc7f680000 - 0x00007ffc7f690000 	C:\pleiades\2023-12\java\21\bin\net.dll
0x00007ffc865e0000 - 0x00007ffc86716000 	C:\Windows\SYSTEM32\WINHTTP.dll
0x00007ffc7e710000 - 0x00007ffc7e726000 	C:\pleiades\2023-12\java\21\bin\nio.dll
0x00007ffc7e700000 - 0x00007ffc7e70a000 	C:\pleiades\2023-12\java\21\bin\management.dll
0x00007ffc7e6f0000 - 0x00007ffc7e6fb000 	C:\pleiades\2023-12\java\21\bin\management_ext.dll
0x00007ffc8b1e0000 - 0x00007ffc8b1e8000 	C:\Windows\System32\PSAPI.DLL
0x00007ffc708f0000 - 0x00007ffc70907000 	C:\Windows\system32\napinsp.dll
0x00007ffc70310000 - 0x00007ffc7032b000 	C:\Windows\system32\pnrpnsp.dll
0x00007ffc702f0000 - 0x00007ffc70301000 	C:\Windows\System32\winrnr.dll
0x00007ffc83e90000 - 0x00007ffc83ea5000 	C:\Windows\system32\wshbth.dll
0x00007ffc702a0000 - 0x00007ffc702c7000 	C:\Windows\system32\nlansp_c.dll
0x00007ffc7e6e0000 - 0x00007ffc7e6f0000 	C:\pleiades\2023-12\java\21\bin\verify.dll
0x00007ffc89e80000 - 0x00007ffc89e9b000 	C:\Windows\SYSTEM32\CRYPTSP.dll
0x00007ffc896e0000 - 0x00007ffc89715000 	C:\Windows\system32\rsaenh.dll
0x00007ffc89c80000 - 0x00007ffc89ca8000 	C:\Windows\SYSTEM32\USERENV.dll
0x00007ffc89de0000 - 0x00007ffc89dec000 	C:\Windows\SYSTEM32\CRYPTBASE.dll
0x00007ffc7e6d0000 - 0x00007ffc7e6d9000 	C:\pleiades\2023-12\java\21\bin\extnet.dll
0x00007ffc7e6c0000 - 0x00007ffc7e6ce000 	C:\pleiades\2023-12\java\21\bin\sunmscapi.dll
0x00007ffc8ab90000 - 0x00007ffc8acf6000 	C:\Windows\System32\CRYPT32.dll
0x00007ffc8a040000 - 0x00007ffc8a06e000 	C:\Windows\SYSTEM32\ncrypt.dll
0x00007ffc8a000000 - 0x00007ffc8a037000 	C:\Windows\SYSTEM32\NTASN1.dll
0x00007ffc5dc40000 - 0x00007ffc5dc48000 	C:\Windows\system32\wshunix.dll

dbghelp: loaded successfully - version: 4.0.5 - missing functions: none
symbol engine: initialized successfully - sym options: 0x614 - pdb path: .;C:\pleiades\2023-12\java\21\bin;C:\Windows\SYSTEM32;C:\Windows\WinSxS\amd64_microsoft.windows.common-controls_6595b64144ccf1df_6.0.22621.3672_none_2713b9d173822955;C:\pleiades\2023-12\java\21\bin\server

VM Arguments:
jvm_args: -XX:+ShowCodeDetailsInExceptionMessages -agentlib:jdwp=transport=dt_socket,suspend=y,address=localhost:58142 -Dcom.sun.management.jmxremote -Dcom.sun.management.jmxremote.port=58134 -Dcom.sun.management.jmxremote.authenticate=false -Dcom.sun.management.jmxremote.ssl=false -Djava.rmi.server.hostname=localhost -Dspring.jmx.enabled=true -Dmanagement.endpoints.jmx.exposure.include=* -Dspring.application.admin.enabled=true -XX:TieredStopAtLevel=1 -Dspring.boot.project.name=AppWish -javaagent:C:\pleiades\2023-12\eclipse\configuration\org.eclipse.osgi\249\0\.cp\lib\javaagent-shaded.jar -Dfile.encoding=UTF-8 -Dstdout.encoding=UTF-8 -Dstderr.encoding=UTF-8 
java_command: com.example.appwish.AppWishApplication --spring.output.ansi.enabled=always
java_class_path (initial): C:\Users\mspc2\git\AppWish\target\classes;C:\Users\mspc2\.m2\repository\org\springframework\boot\spring-boot-starter-data-jdbc\3.3.3\spring-boot-starter-data-jdbc-3.3.3.jar;C:\Users\mspc2\.m2\repository\org\springframework\boot\spring-boot-starter-jdbc\3.3.3\spring-boot-starter-jdbc-3.3.3.jar;C:\Users\mspc2\.m2\repository\com\zaxxer\HikariCP\5.1.0\HikariCP-5.1.0.jar;C:\Users\mspc2\.m2\repository\org\springframework\spring-jdbc\6.1.12\spring-jdbc-6.1.12.jar;C:\Users\mspc2\.m2\repository\org\springframework\data\spring-data-jdbc\3.3.3\spring-data-jdbc-3.3.3.jar;C:\Users\mspc2\.m2\repository\org\springframework\data\spring-data-relational\3.3.3\spring-data-relational-3.3.3.jar;C:\Users\mspc2\.m2\repository\org\springframework\data\spring-data-commons\3.3.3\spring-data-commons-3.3.3.jar;C:\Users\mspc2\.m2\repository\org\springframework\spring-tx\6.1.12\spring-tx-6.1.12.jar;C:\Users\mspc2\.m2\repository\org\springframework\spring-context\6.1.12\spring-context-6.1.12.jar;C:\Users\mspc2\.m2\repository\org\springframework\spring-beans\6.1.12\spring-beans-6.1.12.jar;C:\Users\mspc2\.m2\repository\org\springframework\boot\spring-boot-starter-data-jpa\3.3.3\spring-boot-starter-data-jpa-3.3.3.jar;C:\Users\mspc2\.m2\repository\org\springframework\boot\spring-boot-starter-aop\3.3.3\spring-boot-starter-aop-3.3.3.jar;C:\Users\mspc2\.m2\repository\org\aspectj\aspectjweaver\1.9.22.1\aspectjweaver-1.9.22.1.jar;C:\Users\mspc2\.m2\repository\org\hibernate\orm\hibernate-core\6.5.2.Final\hibernate-core-6.5.2.Final.jar;C:\Users\mspc2\.m2\repository\jakarta\persistence\jakarta.persistence-api\3.1.0\jakarta.persistence-api-3.1.0.jar;C:\Users\mspc2\.m2\repository\jakarta\transaction\jakarta.transaction-api\2.0.1\jakarta.transaction-api-2.0.1.jar;C:\Users\mspc2\.m2\repository\org\jboss\logging\jboss-logging\3.5.3.Final\jboss-logging-3.5.3.Final.jar;C:\Users\mspc2\.m2\repository\org\hibernate\common\hibernate-commons-annotations\6.0.6.Final\hibernate-commons-annotations-6.0.6.Final.jar;C:\Users\mspc2\.m2\repository\io\smallrye\jandex\3.1.2\jandex-3.1.2.jar;C:\Users\mspc2\.m2\repository\com\fasterxml\classmate\1.7.0\classmate-1.7.0.jar;C:\Users\mspc2\.m2\repository\net\bytebuddy\byte-buddy\1.14.19\byte-buddy-1.14.19.jar;C:\Users\mspc2\.m2\repository\org\glassfish\jaxb\jaxb-runtime\4.0.5\jaxb-runtime-4.0.5.jar;C:\Users\mspc2\.m2\repository\org\glassfish\jaxb\jaxb-core\4.0.5\jaxb-core-4.0.5.jar;C:\Users\mspc2\.m2\repository\org\eclipse\angus\angus-activation\2.0.2\angus-activation-2.0.2.jar;C:\Users\mspc2\.m2\repository\org\glassfish\jaxb\txw2\4.0.5\txw2-4.0.5.jar;C:\Users\mspc2\.m2\repository\com\sun\istack\istack-commons-runtime\4.1.2\istack-commons-runtime-4.1.2.jar;C:\Users\mspc2\.m2\repository\jakarta\inject\jakarta.inject-api\2.0.1\jakarta.inject-api-2.0.1.jar;C:\Users\mspc2\.m2\repository\org\antlr\antlr4-runtime\4.13.0\antlr4-runtime-4.13.0.jar;C:\Users\mspc2\.m2\repository\org\springframework\data\spring-data-jpa\3.3.3\spring-data-jpa-3.3.3.jar;C:\Users\mspc2\.m2\repository\org\springframework\spring-orm\6.1.12\spring-orm-6.1.12.jar;C:\Users\mspc2\.m2\repository\jakarta\annotation\jakarta.annotation-api\2.1.1\jakarta.annotation-api-2.1.1.jar;C:\Users\mspc2\.m2\repository\org\springframework\spring-aspects\6.1.12\spring-aspects-6.1.12.jar;C:\Users\mspc2\.m2\repository\org\springframework\boot\spring-boot-starter-data-rest\3.3.3\spring-boot-starter-data-rest-3.3.3.jar;C:\Users\mspc2\.m2\repository\org\springframework\data\spring-data-rest-webmvc\4.3.3\spring-data-rest-webmvc-4.3.3.jar;C:\Users\mspc2\.m2\repository\org\springframework\data\spring-data-rest-core\4.3.3\spring-data-rest-core-4.3.3.jar;C:\Users\mspc2\.m2\repository\org\springframework\hateoas\spring-hateoas\2.3.2\spring-hateoas-2.3.2.jar;C:\Users\mspc2\.m2\repository\org\springframework\plugin\spring-plugin-core\3.0.0\spring-plugin-core-3.0.0.jar;C:\Users\mspc2\.m2\repository\org\atteo\evo-inflector\1.3\evo-inflector-1.3.jar;C:\Users\mspc2\.m2\repository\com\fasterxml\jackson\core\jackson-databind\2.17.2\jackson-databind-2.17.2.jar;C:\Users\mspc2\.m2\repository\com\fasterxml\jackson\core\jackson-core\2.17.2\jackson-core-2.17.2.jar;C:\Users\mspc2\.m2\repository\com\fasterxml\jackson\core\jackson-annotations\2.17.2\jackson-annotations-2.17.2.jar;C:\Users\mspc2\.m2\repository\org\springframework\boot\spring-boot-starter-security\3.3.3\spring-boot-starter-security-3.3.3.jar;C:\Users\mspc2\.m2\repository\org\springframework\boot\spring-boot-starter\3.3.3\spring-boot-starter-3.3.3.jar;C:\Users\mspc2\.m2\repository\org\springframework\boot\spring-boot-starter-logging\3.3.3\spring-boot-starter-logging-3.3.3.jar;C:\Users\mspc2\.m2\repository\ch\qos\logback\logback-classic\1.5.7\logback-classic-1.5.7.jar;C:\Users\mspc2\.m2\repository\ch\qos\logback\logback-core\1.5.7\logback-core-1.5.7.jar;C:\Users\mspc2\.m2\repository\org\apache\logging\log4j\log4j-to-slf4j\2.23.1\log4j-to-slf4j-2.23.1.jar;C:\Users\mspc2\.m2\repository\org\apache\logging\log4j\log4j-api\2.23.1\log4j-api-2.23.1.jar;C:\Users\mspc2\.m2\repository\org\slf4j\jul-to-slf4j\2.0.16\jul-to-slf4j-2.0.16.jar;C:\Users\mspc2\.m2\repository\org\yaml\snakeyaml\2.2\snakeyaml-2.2.jar;C:\Users\mspc2\.m2\repository\org\springframework\spring-aop\6.1.12\spring-aop-6.1.12.jar;C:\Users\mspc2\.m2\repository\org\springframework\security\spring-security-config\6.3.3\spring-security-config-6.3.3.jar;C:\Users\mspc2\.m2\repository\org\springframework\security\spring-security-web\6.3.3\spring-security-web-6.3.3.jar;C:\Users\mspc2\.m2\repository\org\springframework\spring-expression\6.1.12\spring-expression-6.1.12.jar;C:\Users\mspc2\.m2\repository\org\springframework\boot\spring-boot-starter-thymeleaf\3.3.3\spring-boot-starter-thymeleaf-3.3.3.jar;C:\Users\mspc2\.m2\repository\org\thymeleaf\thymeleaf-spring6\3.1.2.RELEASE\thymeleaf-spring6-3.1.2.RELEASE.jar;C:\Users\mspc2\.m2\repository\org\thymeleaf\thymeleaf\3.1.2.RELEASE\thymeleaf-3.1.2.RELEASE.jar;C:\Users\mspc2\.m2\repository\org\attoparser\attoparser\2.0.7.RELEASE\attoparser-2.0.7.RELEASE.jar;C:\Users\mspc2\.m2\repository\org\unbescape\unbescape\1.1.6.RELEASE\unbescape-1.1.6.RELEASE.jar;C:\Users\mspc2\.m2\repository\org\springframework\boot\spring-boot-starter-validation\3.3.3\spring-boot-starter-validation-3.3.3.jar;C:\Users\mspc2\.m2\repository\org\apache\tomcat\embed\tomcat-embed-el\10.1.28\tomcat-embed-el-10.1.28.jar;C:\Users\mspc2\.m2\repository\org\hibernate\validator\hibernate-validator\8.0.1.Final\hibernate-validator-8.0.1.Final.jar;C:\Users\mspc2\.m2\repository\jakarta\validation\jakarta.validation-api\3.0.2\jakarta.validation-api-3.0.2.jar;C:\Users\mspc2\.m2\repository\org\springframework\boot\spring-boot-starter-web\3.3.3\spring-boot-starter-web-3.3.3.jar;C:\Users\mspc2\.m2\repository\org\springframework\boot\spring-boot-starter-json\3.3.3\spring-boot-starter-json-3.3.3.jar;C:\Users\mspc2\.m2\repository\com\fasterxml\jackson\datatype\jackson-datatype-jdk8\2.17.2\jackson-datatype-jdk8-2.17.2.jar;C:\Users\mspc2\.m2\repository\com\fasterxml\jackson\datatype\jackson-datatype-jsr310\2.17.2\jackson-datatype-jsr310-2.17.2.jar;C:\Users\mspc2\.m2\repository\com\fasterxml\jackson\module\jackson-module-parameter-names\2.17.2\jackson-module-parameter-names-2.17.2.jar;C:\Users\mspc2\.m2\repository\org\springframework\boot\spring-boot-starter-tomcat\3.3.3\spring-boot-starter-tomcat-3.3.3.jar;C:\Users\mspc2\.m2\repository\org\apache\tomcat\embed\tomcat-embed-core\10.1.28\tomcat-embed-core-10.1.28.jar;C:\Users\mspc2\.m2\repository\org\apache\tomcat\embed\tomcat-embed-websocket\10.1.28\tomcat-embed-websocket-10.1.28.jar;C:\Users\mspc2\.m2\repository\org\springframework\spring-web\6.1.12\spring-web-6.1.12.jar;C:\Users\mspc2\.m2\repository\io\micrometer\micrometer-observation\1.13.3\micrometer-observation-1.13.3.jar;C:\Users\mspc2\.m2\repository\io\micrometer\micrometer-commons\1.13.3\micrometer-commons-1.13.3.jar;C:\Users\mspc2\.m2\repository\org\springframework\spring-webmvc\6.1.12\spring-webmvc-6.1.12.jar;C:\Users\mspc2\.m2\repository\org\springframework\session\spring-session-core\3.3.2\spring-session-core-3.3.2.jar;C:\Users\mspc2\.m2\repository\org\springframework\spring-jcl\6.1.12\spring-jcl-6.1.12.jar;C:\Users\mspc2\.m2\repository\org\thymeleaf\extras\thymeleaf-extras-springsecurity6\3.1.2.RELEASE\thymeleaf-extras-springsecurity6-3.1.2.RELEASE.jar;C:\Users\mspc2\.m2\repository\org\slf4j\slf4j-api\2.0.16\slf4j-api-2.0.16.jar;C:\Users\mspc2\.m2\repository\org\springframework\boot\spring-boot-devtools\3.3.3\spring-boot-devtools-3.3.3.jar;C:\Users\mspc2\.m2\repository\org\springframework\boot\spring-boot\3.3.3\spring-boot-3.3.3.jar;C:\Users\mspc2\.m2\repository\org\springframework\boot\spring-boot-autoconfigure\3.3.3\spring-boot-autoconfigure-3.3.3.jar;C:\Users\mspc2\.m2\repository\org\postgresql\postgresql\42.7.3\postgresql-42.7.3.jar;C:\Users\mspc2\.m2\repository\org\checkerframework\checker-qual\3.42.0\checker-qual-3.42.0.jar;C:\Users\mspc2\.m2\repository\org\springframework\boot\spring-boot-starter-websocket\3.3.3\spring-boot-starter-websocket-3.3.3.jar;C:\Users\mspc2\.m2\repository\org\springframework\spring-messaging\6.1.12\spring-messaging-6.1.12.jar;C:\Users\mspc2\.m2\repository\org\springframework\spring-websocket\6.1.12\spring-websocket-6.1.12.jar;C:\Users\mspc2\.m2\repository\org\projectlombok\lombok\1.18.34\lombok-1.18.34.jar;C:\Users\mspc2\.m2\repository\com\jayway\jsonpath\json-path\2.9.0\json-path-2.9.0.jar;C:\Users\mspc2\.m2\repository\jakarta\xml\bind\jakarta.xml.bind-api\4.0.2\jakarta.xml.bind-api-4.0.2.jar;C:\Users\mspc2\.m2\repository\jakarta\activation\jakarta.activation-api\2.1.3\jakarta.activation-api-2.1.3.jar;C:\Users\mspc2\.m2\repository\net\minidev\json-smart\2.5.1\json-smart-2.5.1.jar;C:\Users\mspc2\.m2\repository\net\minidev\accessors-smart\2.5.1\accessors-smart-2.5.1.jar;C:\Users\mspc2\.m2\repository\org\ow2\asm\asm\9.6\asm-9.6.jar;C:\Users\mspc2\.m2\repository\org\springframework\spring-core\6.1.12\spring-core-6.1.12.jar;C:\Users\mspc2\.m2\repository\org\springframework\security\spring-security-core\6.3.3\spring-security-core-6.3.3.jar;C:\Users\mspc2\.m2\repository\org\springframework\security\spring-security-crypto\6.3.3\spring-security-crypto-6.3.3.jar
Launcher Type: SUN_STANDARD

[Global flags]
     intx CICompilerCount                          = 12                                        {product} {ergonomic}
     uint ConcGCThreads                            = 3                                         {product} {ergonomic}
     uint G1ConcRefinementThreads                  = 13                                        {product} {ergonomic}
   size_t G1HeapRegionSize                         = 4194304                                   {product} {ergonomic}
    uintx GCDrainStackTargetSize                   = 64                                        {product} {ergonomic}
   size_t InitialHeapSize                          = 528482304                                 {product} {ergonomic}
     bool ManagementServer                         = true                                      {product} {command line}
   size_t MarkStackSize                            = 4194304                                   {product} {ergonomic}
   size_t MaxHeapSize                              = 8426356736                                {product} {ergonomic}
   size_t MaxNewSize                               = 5054136320                                {product} {ergonomic}
   size_t MinHeapDeltaBytes                        = 4194304                                   {product} {ergonomic}
   size_t MinHeapSize                              = 8388608                                   {product} {ergonomic}
    uintx NonNMethodCodeHeapSize                   = 4096                                   {pd product} {ergonomic}
    uintx NonProfiledCodeHeapSize                  = 0                                      {pd product} {ergonomic}
     bool ProfileInterpreter                       = false                                  {pd product} {command line}
    uintx ProfiledCodeHeapSize                     = 0                                      {pd product} {ergonomic}
     bool ShowCodeDetailsInExceptionMessages       = true                                   {manageable} {command line}
   size_t SoftMaxHeapSize                          = 8426356736                             {manageable} {ergonomic}
     intx TieredStopAtLevel                        = 1                                         {product} {command line}
     bool UseCompressedOops                        = true                           {product lp64_product} {ergonomic}
     bool UseG1GC                                  = true                                      {product} {ergonomic}
     bool UseLargePagesIndividualAllocation        = false                                  {pd product} {ergonomic}

Logging:
Log output configuration:
 #0: stdout all=warning uptime,level,tags foldmultilines=false
 #1: stderr all=off uptime,level,tags foldmultilines=false

Environment Variables:
JAVA_HOME=C:\Program Files\Java\jdk-21
PATH=C:/pleiades/2023-12/java/17/bin/server;C:/pleiades/2023-12/java/17/bin;C:\Program Files\Common Files\Oracle\Java\javapath;C:\Program Files\Oculus\Support\oculus-runtime;C:\Windows\system32;C:\Windows;C:\Windows\System32\Wbem;C:\Windows\System32\WindowsPowerShell\v1.0\;C:\Windows\System32\OpenSSH\;C:\Program Files\MySQL\MySQL Server 8.3\bin;C:\Program Files\Java\jdk-21\bin;C:\Program Files\Git\cmd;C:\Program Files\nodejs\;C:\Program Files\apache-maven-3.9.9\bin;C:\Users\mspc2\AppData\Local\Programs\Python\Python312\Scripts\;C:\Users\mspc2\AppData\Local\Programs\Python\Python312\;C:\Users\mspc2\AppData\Local\Programs\Python\Launcher\;C:\Users\mspc2\scoop\shims;C:\Users\mspc2\AppData\Local\Microsoft\WindowsApps;C:\Program Files\PostgreSQL\15\bin;C:\Users\mspc2\AppData\Local\Programs\Microsoft VS Code\bin;%ORACLE_HOME%\bin;%ORACLE_HOME%\lib;C:\Users\mspc2\AppData\Roaming\npm;C:\pleiades\2023-12\eclipse;
USERNAME=mspc2
OS=Windows_NT
PROCESSOR_IDENTIFIER=AMD64 Family 25 Model 80 Stepping 0, AuthenticAMD
TMP=C:\Users\mspc2\AppData\Local\Temp
TEMP=C:\Users\mspc2\AppData\Local\Temp




Periodic native trim disabled

---------------  S Y S T E M  ---------------

OS:
 Windows 11 , 64 bit Build 22621 (10.0.22621.3958)
OS uptime: 7 days 18:46 hours
Hyper-V role detected

CPU: total 16 (initial active 16) (16 cores per cpu, 2 threads per core) family 25 model 80 stepping 0 microcode 0x0, cx8, cmov, fxsr, ht, mmx, 3dnowpref, sse, sse2, sse3, ssse3, sse4a, sse4.1, sse4.2, popcnt, lzcnt, tsc, tscinvbit, avx, avx2, aes, erms, clmul, bmi1, bmi2, adx, sha, fma, vzeroupper, clflush, clflushopt, hv, rdtscp, rdpid, fsrm, f16c, cet_ss
Processor Information for all 16 processors :
  Max Mhz: 3801, Current Mhz: 3801, Mhz Limit: 3801

Memory: 4k page, system-wide physical 32129M (13840M free)
TotalPageFile size 36993M (AvailPageFile size 11779M)
current process WorkingSet (physical memory assigned to process): 348M, peak: 467M
current process commit charge ("private bytes"): 398M, peak: 642M

vm_info: OpenJDK 64-Bit Server VM (21.0.2+13-LTS) for windows-amd64 JRE (21.0.2+13-LTS), built on 2024-01-16T00:00:00Z by "admin" with unknown MS VC++:1937

END.
