#
# A fatal error has been detected by the Java Runtime Environment:
#
#  EXCEPTION_ACCESS_VIOLATION (0xc0000005) at pc=0x00007ffbe4c3c1b6, pid=7056, tid=23156
#
# JRE version: OpenJDK Runtime Environment Temurin-21.0.2+13 (21.0.2+13) (build 21.0.2+13-LTS)
# Java VM: OpenJDK 64-Bit Server VM Temurin-21.0.2+13 (21.0.2+13-LTS, mixed mode, emulated-client, sharing, tiered, compressed oops, compressed class ptrs, g1 gc, windows-amd64)
# Problematic frame:
# V  [jvm.dll+0xc1b6]
#
# No core dump will be written. Minidumps are not enabled by default on client versions of Windows
#
# If you would like to submit a bug report, please visit:
#   https://github.com/adoptium/adoptium-support/issues
#

---------------  S U M M A R Y ------------

Command Line: -XX:+ShowCodeDetailsInExceptionMessages -agentlib:jdwp=transport=dt_socket,suspend=y,address=localhost:65376 -Dcom.sun.management.jmxremote -Dcom.sun.management.jmxremote.port=65375 -Dcom.sun.management.jmxremote.authenticate=false -Dcom.sun.management.jmxremote.ssl=false -Djava.rmi.server.hostname=localhost -Dspring.jmx.enabled=true -Dmanagement.endpoints.jmx.exposure.include=* -Dspring.application.admin.enabled=true -XX:TieredStopAtLevel=1 -Dspring.boot.project.name=AppWish -javaagent:C:\pleiades\2023-12\eclipse\configuration\org.eclipse.osgi\249\0\.cp\lib\javaagent-shaded.jar -Dfile.encoding=UTF-8 -Dstdout.encoding=UTF-8 -Dstderr.encoding=UTF-8 com.example.appwish.AppWishApplication --spring.output.ansi.enabled=always

Host: AMD Ryzen 7 5700G with Radeon Graphics         , 16 cores, 31G,  Windows 11 , 64 bit Build 22621 (10.0.22621.3958)
Time: Sat Sep 14 15:10:43 2024  Windows 11 , 64 bit Build 22621 (10.0.22621.3958) elapsed time: 13543.731109 seconds (0d 3h 45m 43s)

---------------  T H R E A D  ---------------

Current thread (0x000001855154f400):  WorkerThread "GC Thread#8"    [id=23156, stack(0x0000005b50b00000,0x0000005b50c00000) (1024K)]

Stack: [0x0000005b50b00000,0x0000005b50c00000],  sp=0x0000005b50bfe328,  free space=1016k
Native frames: (J=compiled Java code, j=interpreted, Vv=VM code, C=native code)
V  [jvm.dll+0xc1b6]

JavaThread 0x0000018554a8ca80 (nid = 25780) was being processed
Java frames: (J=compiled Java code, j=interpreted, Vv=VM code)
j  java.lang.invoke.DirectMethodHandle$Holder.newInvokeSpecial(Ljava/lang/Object;)Ljava/lang/Object;+15 java.base@21.0.2
J 909 c1 jdk.internal.reflect.DirectConstructorHandleAccessor.newInstance([Ljava/lang/Object;)Ljava/lang/Object; java.base@21.0.2 (130 bytes) @ 0x000001857a933eec [0x000001857a933ce0+0x000000000000020c]
J 908 c1 java.lang.reflect.Constructor.newInstanceWithCaller([Ljava/lang/Object;ZLjava/lang/Class;)Ljava/lang/Object; java.base@21.0.2 (51 bytes) @ 0x000001857a8a3b3c [0x000001857a8a3a60+0x00000000000000dc]
J 3506 c1 org.springframework.beans.BeanUtils.instantiateClass(Ljava/lang/reflect/Constructor;[Ljava/lang/Object;)Ljava/lang/Object; (208 bytes) @ 0x000001857aee968c [0x000001857aee9100+0x000000000000058c]
J 9473 c1 org.springframework.beans.factory.support.SimpleInstantiationStrategy.instantiate(Lorg/springframework/beans/factory/support/RootBeanDefinition;Ljava/lang/String;Lorg/springframework/beans/factory/BeanFactory;)Ljava/lang/Object; (123 bytes) @ 0x000001857b6ef16c [0x000001857b6eeca0+0x00000000000004cc]
J 9472 c1 org.springframework.beans.factory.support.AbstractAutowireCapableBeanFactory.instantiateBean(Ljava/lang/String;Lorg/springframework/beans/factory/support/RootBeanDefinition;)Lorg/springframework/beans/BeanWrapper; (51 bytes) @ 0x000001857b6ee0f4 [0x000001857b6ee040+0x00000000000000b4]
J 9320 c1 org.springframework.beans.factory.support.AbstractAutowireCapableBeanFactory.createBeanInstance(Ljava/lang/String;Lorg/springframework/beans/factory/support/RootBeanDefinition;[Ljava/lang/Object;)Lorg/springframework/beans/BeanWrapper; (245 bytes) @ 0x000001857b69ac8c [0x000001857b69a640+0x000000000000064c]
J 6489 c1 org.springframework.beans.factory.support.AbstractAutowireCapableBeanFactory.doCreateBean(Ljava/lang/String;Lorg/springframework/beans/factory/support/RootBeanDefinition;[Ljava/lang/Object;)Ljava/lang/Object; (469 bytes) @ 0x000001857b3a8b4c [0x000001857b3a89a0+0x00000000000001ac]
J 6487 c1 org.springframework.beans.factory.support.AbstractAutowireCapableBeanFactory.createBean(Ljava/lang/String;Lorg/springframework/beans/factory/support/RootBeanDefinition;[Ljava/lang/Object;)Ljava/lang/Object; (214 bytes) @ 0x000001857b3a32bc [0x000001857b3a2dc0+0x00000000000004fc]
J 6499 c1 org.springframework.beans.factory.support.AbstractBeanFactory$$Lambda+0x000001850d27fa08.getObject()Ljava/lang/Object; (20 bytes) @ 0x000001857b3b023c [0x000001857b3b01a0+0x000000000000009c]
J 6498 c1 org.springframework.beans.factory.support.DefaultSingletonBeanRegistry.getSingleton(Ljava/lang/String;Lorg/springframework/beans/factory/ObjectFactory;)Ljava/lang/Object; (279 bytes) @ 0x000001857b3ae8bc [0x000001857b3ae560+0x000000000000035c]
J 3315 c1 org.springframework.beans.factory.support.AbstractBeanFactory.doGetBean(Ljava/lang/String;Ljava/lang/Class;[Ljava/lang/Object;Z)Ljava/lang/Object; (787 bytes) @ 0x000001857ae8d634 [0x000001857ae8cfc0+0x0000000000000674]
J 6157 c1 org.springframework.beans.factory.support.AbstractBeanFactory.getBean(Ljava/lang/String;)Ljava/lang/Object; (9 bytes) @ 0x000001857b310c34 [0x000001857b310bc0+0x0000000000000074]
J 6573 c1 org.springframework.beans.factory.config.DependencyDescriptor.resolveCandidate(Ljava/lang/String;Ljava/lang/Class;Lorg/springframework/beans/factory/BeanFactory;)Ljava/lang/Object; (8 bytes) @ 0x000001857b3dd9ac [0x000001857b3dd940+0x000000000000006c]
J 8649 c1 org.springframework.beans.factory.support.DefaultListableBeanFactory.doResolveDependency(Lorg/springframework/beans/factory/config/DependencyDescriptor;Ljava/lang/String;Ljava/util/Set;Lorg/springframework/beans/TypeConverter;)Ljava/lang/Object; (563 bytes) @ 0x000001857b4b25ac [0x000001857b4b0bc0+0x00000000000019ec]
J 6524 c1 org.springframework.beans.factory.support.DefaultListableBeanFactory.resolveDependency(Lorg/springframework/beans/factory/config/DependencyDescriptor;Ljava/lang/String;Ljava/util/Set;Lorg/springframework/beans/TypeConverter;)Ljava/lang/Object; (121 bytes) @ 0x000001857b3c2f5c [0x000001857b3c2d80+0x00000000000001dc]
j  org.springframework.beans.factory.annotation.AutowiredAnnotationBeanPostProcessor$AutowiredFieldElement.resolveFieldValue(Ljava/lang/reflect/Field;Ljava/lang/Object;Ljava/lang/String;)Ljava/lang/Object;+81
j  org.springframework.beans.factory.annotation.AutowiredAnnotationBeanPostProcessor$AutowiredFieldElement.inject(Ljava/lang/Object;Ljava/lang/String;Lorg/springframework/beans/PropertyValues;)V+74
J 5753 c1 org.springframework.beans.factory.annotation.InjectionMetadata.inject(Ljava/lang/Object;Ljava/lang/String;Lorg/springframework/beans/PropertyValues;)V (75 bytes) @ 0x000001857b264d44 [0x000001857b264c00+0x0000000000000144]
J 6465 c1 org.springframework.beans.factory.annotation.AutowiredAnnotationBeanPostProcessor.postProcessProperties(Lorg/springframework/beans/PropertyValues;Ljava/lang/Object;Ljava/lang/String;)Lorg/springframework/beans/PropertyValues; (46 bytes) @ 0x000001857b397194 [0x000001857b3970e0+0x00000000000000b4]
J 6046 c1 org.springframework.beans.factory.support.AbstractAutowireCapableBeanFactory.populateBean(Ljava/lang/String;Lorg/springframework/beans/factory/support/RootBeanDefinition;Lorg/springframework/beans/BeanWrapper;)V (355 bytes) @ 0x000001857b2e0bec [0x000001857b2e0080+0x0000000000000b6c]
J 6489 c1 org.springframework.beans.factory.support.AbstractAutowireCapableBeanFactory.doCreateBean(Ljava/lang/String;Lorg/springframework/beans/factory/support/RootBeanDefinition;[Ljava/lang/Object;)Ljava/lang/Object; (469 bytes) @ 0x000001857b3a8fcc [0x000001857b3a89a0+0x000000000000062c]
J 6487 c1 org.springframework.beans.factory.support.AbstractAutowireCapableBeanFactory.createBean(Ljava/lang/String;Lorg/springframework/beans/factory/support/RootBeanDefinition;[Ljava/lang/Object;)Ljava/lang/Object; (214 bytes) @ 0x000001857b3a32bc [0x000001857b3a2dc0+0x00000000000004fc]
J 6499 c1 org.springframework.beans.factory.support.AbstractBeanFactory$$Lambda+0x000001850d27fa08.getObject()Ljava/lang/Object; (20 bytes) @ 0x000001857b3b023c [0x000001857b3b01a0+0x000000000000009c]
J 6498 c1 org.springframework.beans.factory.support.DefaultSingletonBeanRegistry.getSingleton(Ljava/lang/String;Lorg/springframework/beans/factory/ObjectFactory;)Ljava/lang/Object; (279 bytes) @ 0x000001857b3ae8bc [0x000001857b3ae560+0x000000000000035c]
J 3315 c1 org.springframework.beans.factory.support.AbstractBeanFactory.doGetBean(Ljava/lang/String;Ljava/lang/Class;[Ljava/lang/Object;Z)Ljava/lang/Object; (787 bytes) @ 0x000001857ae8d634 [0x000001857ae8cfc0+0x0000000000000674]
J 6157 c1 org.springframework.beans.factory.support.AbstractBeanFactory.getBean(Ljava/lang/String;)Ljava/lang/Object; (9 bytes) @ 0x000001857b310c34 [0x000001857b310bc0+0x0000000000000074]
j  org.springframework.beans.factory.support.DefaultListableBeanFactory.preInstantiateSingletons()V+152
j  org.springframework.context.support.AbstractApplicationContext.finishBeanFactoryInitialization(Lorg/springframework/beans/factory/config/ConfigurableListableBeanFactory;)V+173
j  org.springframework.context.support.AbstractApplicationContext.refresh()V+94
j  org.springframework.boot.web.servlet.context.ServletWebServerApplicationContext.refresh()V+1
j  org.springframework.boot.SpringApplication.refresh(Lorg/springframework/context/ConfigurableApplicationContext;)V+1
j  org.springframework.boot.SpringApplication.refreshContext(Lorg/springframework/context/ConfigurableApplicationContext;)V+16
j  org.springframework.boot.SpringApplication.run([Ljava/lang/String;)Lorg/springframework/context/ConfigurableApplicationContext;+110
j  org.springframework.boot.SpringApplication.run([Ljava/lang/Class;[Ljava/lang/String;)Lorg/springframework/context/ConfigurableApplicationContext;+9
j  org.springframework.boot.SpringApplication.run(Ljava/lang/Class;[Ljava/lang/String;)Lorg/springframework/context/ConfigurableApplicationContext;+9
j  com.example.appwish.AppWishApplication.main([Ljava/lang/String;)V+3
j  java.lang.invoke.LambdaForm$DMH+0x000001850d004c00.invokeStatic(Ljava/lang/Object;Ljava/lang/Object;)V+10 java.base@21.0.2
j  java.lang.invoke.LambdaForm$MH+0x000001850da99400.invoke(Ljava/lang/Object;Ljava/lang/Object;Ljava/lang/Object;)Ljava/lang/Object;+33 java.base@21.0.2
J 4553 c1 jdk.internal.reflect.DirectMethodHandleAccessor.invoke(Ljava/lang/Object;[Ljava/lang/Object;)Ljava/lang/Object; java.base@21.0.2 (92 bytes) @ 0x000001857b09a5fc [0x000001857b09a240+0x00000000000003bc]
J 4602 c1 java.lang.reflect.Method.invoke(Ljava/lang/Object;[Ljava/lang/Object;)Ljava/lang/Object; java.base@21.0.2 (108 bytes) @ 0x000001857b0ac1f4 [0x000001857b0ac000+0x00000000000001f4]
j  org.springframework.boot.devtools.restart.RestartLauncher.run()V+47
v  ~StubRoutines::call_stub 0x000001857a50100d

siginfo: EXCEPTION_ACCESS_VIOLATION (0xc0000005), reading address 0x000001851872d047


Registers:
RAX=0x0000000000000000, RBX=0x0000000000000000, RCX=0x0000005b51cfc990, RDX=0x0000005b51cfc990
RSP=0x0000005b50bfe328, RBP=0x0000005b50bfe500, RSI=0x0000005b51cfc990, RDI=0x0000005b51cfc990
R8 =0x000001851872d03f, R9 =0x0000005b51cfc990, R10=0x000001857065bc40, R11=0x0000005b50bfe578
R12=0x000001850c544140, R13=0x0000005b51cfc990, R14=0x000001855181aab0, R15=0x000001851872d03f
RIP=0x00007ffbe4c3c1b6, EFLAGS=0x0000000000010206


Register to memory mapping:

RAX=0x0 is null
RBX=0x0 is null
RCX=0x0000005b51cfc990 is pointing into the stack for thread: 0x0000018554a8ca80
RDX=0x0000005b51cfc990 is pointing into the stack for thread: 0x0000018554a8ca80
RSP=0x0000005b50bfe328 points into unknown readable memory: 0x00007ffbe4f859db | db 59 f8 e4 fb 7f 00 00
RBP=0x0000005b50bfe500 points into unknown readable memory: 0x0000005b00000000 | 00 00 00 00 5b 00 00 00
RSI=0x0000005b51cfc990 is pointing into the stack for thread: 0x0000018554a8ca80
RDI=0x0000005b51cfc990 is pointing into the stack for thread: 0x0000018554a8ca80
R8 =0x000001851872d03f is an unknown value
R9 =0x0000005b51cfc990 is pointing into the stack for thread: 0x0000018554a8ca80
R10=0x000001857065bc40 points into unknown readable memory: 0x00007ffbe564b548 | 48 b5 64 e5 fb 7f 00 00
R11=0x0000005b50bfe578 points into unknown readable memory: 0x00007ffbe4f43f7d | 7d 3f f4 e4 fb 7f 00 00
R12=0x000001850c544140 is pointing into metadata
R13=0x0000005b51cfc990 is pointing into the stack for thread: 0x0000018554a8ca80
R14=0x000001855181aab0 points into unknown readable memory: 0x00007ffbe56527d8 | d8 27 65 e5 fb 7f 00 00
R15=0x000001851872d03f is an unknown value

Top of Stack: (sp=0x0000005b50bfe328)
0x0000005b50bfe328:   00007ffbe4f859db 0000000000000000
0x0000005b50bfe338:   00007ffbe52c7e13 000000000000012f
0x0000005b50bfe348:   00007ffbe52e814f 000000000000012f
0x0000005b50bfe358:   00007ffbe4f49926 0000018551468958
0x0000005b50bfe368:   00007ffbe53c2111 0000005b50fff580
0x0000005b50bfe378:   0000000000000008 0000018552587878
0x0000005b50bfe388:   0000000000000000 0000018551551fd0
0x0000005b50bfe398:   0000018551468570 000001850c544140
0x0000005b50bfe3a8:   0000005b51cfc990 0000005b51cfc990
0x0000005b50bfe3b8:   0000005b50bfe500 0000018552587878
0x0000005b50bfe3c8:   00007ffbe4f93dec 0000005b50bfe490
0x0000005b50bfe3d8:   0000005b50bfe6d0 000001850c480090
0x0000005b50bfe3e8:   0000000000000000 0000018552587878
0x0000005b50bfe3f8:   00007ffbe4f4452b 0000000000000001
0x0000005b50bfe408:   0000005b50bfe6d0 0000018552587878
0x0000005b50bfe418:   0000005b50bfe6d0 0000000f7ac26c01
0x0000005b50bfe428:   000001850c0b6430 000001855154f400
0x0000005b50bfe438:   0000018500000003 00000000000003d8
0x0000005b50bfe448:   0000018551468580 0000018551468958
0x0000005b50bfe458:   000001850c72d03f 00000185000000b8
0x0000005b50bfe468:   000001850c0b6430 00007ffbe5649f00
0x0000005b50bfe478:   0000005b50bfe6d0 0000018552587878
0x0000005b50bfe488:   0000000400000003 000001850c544140
0x0000005b50bfe498:   0000001300000001 0000000000000032
0x0000005b50bfe4a8:   000000010000000c 000001850c480090
0x0000005b50bfe4b8:   0000000000000000 000001855267453c
0x0000005b50bfe4c8:   0000e78f00000002 0000000300000001
0x0000005b50bfe4d8:   0000ffff09b0e500 00007ffbe5485820
0x0000005b50bfe4e8:   00007ffbe4f49926 000001850c017600
0x0000005b50bfe4f8:   0000000651460013 0000005b00000000
0x0000005b50bfe508:   0000000000000015 0000018552587878
0x0000005b50bfe518:   00007ffbe4f93e57 0000018552587878 

Instructions: (pc=0x00007ffbe4c3c1b6)
0x00007ffbe4c3c0b6:   48 8b 05 33 43 cc 00 48 8b 48 60 48 8b 04 d1 48
0x00007ffbe4c3c0c6:   85 c0 75 08 48 8b 05 27 43 cc 00 c3 48 8b 05 17
0x00007ffbe4c3c0d6:   43 cc 00 c3 cc cc cc cc cc cc 8b 05 d2 1e c1 00
0x00007ffbe4c3c0e6:   c3 cc cc cc cc cc cc cc cc cc 0f b6 05 23 35 c1
0x00007ffbe4c3c0f6:   00 48 8b d1 84 c0 74 16 44 8b 41 08 8b 0d b0 1e
0x00007ffbe4c3c106:   c1 00 49 d3 e0 4c 03 05 9e 1e c1 00 eb 04 4c 8b
0x00007ffbe4c3c116:   41 08 45 8b 48 08 45 85 c9 7e 0e 41 f6 c1 01 75
0x00007ffbe4c3c126:   53 41 c1 f9 03 49 63 c1 c3 79 49 84 c0 41 b8 0c
0x00007ffbe4c3c136:   00 00 00 8b 05 e9 2f c1 00 b9 10 00 00 00 41 0f
0x00007ffbe4c3c146:   45 c8 ff c8 4c 63 c0 41 8b c1 48 c1 f8 10 0f b6
0x00007ffbe4c3c156:   c0 48 63 14 11 41 8b c9 83 e1 3f 48 d3 e2 49 8d
0x00007ffbe4c3c166:   0c 10 49 f7 d0 48 03 c1 49 c1 e8 03 48 c1 e8 03
0x00007ffbe4c3c176:   49 23 c0 c3 49 8b 00 49 8b c8 48 ff a0 00 01 00
0x00007ffbe4c3c186:   00 cc cc cc cc cc cc cc cc cc 8b 44 24 30 45 03
0x00007ffbe4c3c196:   c9 44 2b 4c 24 28 83 c0 0b 44 03 ca 45 03 c8 41
0x00007ffbe4c3c1a6:   03 c1 c3 cc cc cc cc cc cc cc 4c 8b c2 48 8b d1
0x00007ffbe4c3c1b6:   45 8b 48 08 45 85 c9 7e 0e 41 f6 c1 01 75 56 41
0x00007ffbe4c3c1c6:   c1 f9 03 49 63 c1 c3 79 4c 80 3d 44 34 c1 00 00
0x00007ffbe4c3c1d6:   b8 0c 00 00 00 b9 10 00 00 00 0f 45 c8 8b 05 3f
0x00007ffbe4c3c1e6:   2f c1 00 ff c8 4c 63 c0 41 8b c1 48 c1 f8 10 48
0x00007ffbe4c3c1f6:   63 14 11 41 8b c9 83 e1 3f 0f b6 c0 48 d3 e2 49
0x00007ffbe4c3c206:   8d 0c 10 49 f7 d0 48 03 c1 49 c1 e8 03 48 c1 e8
0x00007ffbe4c3c216:   03 49 23 c0 c3 49 8b 00 49 8b c8 48 ff a0 00 01
0x00007ffbe4c3c226:   00 00 cc cc cc cc cc cc cc cc 48 8b 41 08 0f b7
0x00007ffbe4c3c236:   48 2c 0f b7 40 2a 83 c0 48 03 c1 c3 cc cc cc cc
0x00007ffbe4c3c246:   cc cc cc cc cc cc cc cc cc cc 48 89 5c 24 08 57
0x00007ffbe4c3c256:   48 83 ec 20 0f b6 05 df 2a cc 00 48 8b fa 48 8b
0x00007ffbe4c3c266:   d9 84 c0 74 4f 48 85 15 86 22 cc 00 74 38 48 8b
0x00007ffbe4c3c276:   ca e8 84 84 8c 00 48 8b d0 48 85 db 74 25 48 85
0x00007ffbe4c3c286:   c0 74 20 48 8b c7 f0 48 0f b1 13 74 16 48 85 05
0x00007ffbe4c3c296:   5e 22 cc 00 74 0d 48 8b c8 f0 48 0f b1 13 48 3b
0x00007ffbe4c3c2a6:   c1 75 ea 48 8b fa 48 8b c7 48 8b 5c 24 30 48 83 


Stack slot to memory mapping:

stack at sp + 0 slots: 0x00007ffbe4f859db jvm.dll
stack at sp + 1 slots: 0x0 is null
stack at sp + 2 slots: 0x00007ffbe52c7e13 jvm.dll
stack at sp + 3 slots: 0x000000000000012f is an unknown value
stack at sp + 4 slots: 0x00007ffbe52e814f jvm.dll
stack at sp + 5 slots: 0x000000000000012f is an unknown value
stack at sp + 6 slots: 0x00007ffbe4f49926 jvm.dll
stack at sp + 7 slots: 0x0000018551468958 points into unknown readable memory: 0x88000500cdbb2eb6 | b6 2e bb cd 00 05 00 88


---------------  P R O C E S S  ---------------

Threads class SMR info:
_java_thread_list=0x0000018552d74340, length=32, elements={
0x000001850b254950, 0x000001850b255620, 0x000001850b256c60, 0x000001850b25aca0,
0x000001850b25b830, 0x000001850b25dfe0, 0x000001850b25eb70, 0x000001850b3ab270,
0x000001850b4296a0, 0x000001850b424a30, 0x000001850b4254c0, 0x000001850b3ad340,
0x000001850b3ab900, 0x000001850b3abf90, 0x000001850b3ad9d0, 0x000001850b3aabe0,
0x000001850b3accb0, 0x000001850b3aa550, 0x0000018554a8e4c0, 0x0000018554a8de30,
0x0000018554a8b6d0, 0x0000018554a8bd60, 0x0000018554a8f870, 0x0000018554a90590,
0x0000018554a8d7a0, 0x0000018554a8f1e0, 0x0000018554a8c3f0, 0x0000018554a8ca80,
0x0000018554a8eb50, 0x0000018554a90c20, 0x0000018554a8a9b0, 0x0000018554a8d110
}

Java Threads: ( => current thread )
  0x000001850b254950 JavaThread "Reference Handler"          daemon [_thread_blocked, id=21368, stack(0x0000005b4f500000,0x0000005b4f600000) (1024K)]
  0x000001850b255620 JavaThread "Finalizer"                  daemon [_thread_blocked, id=9812, stack(0x0000005b4f600000,0x0000005b4f700000) (1024K)]
  0x000001850b256c60 JavaThread "Signal Dispatcher"          daemon [_thread_blocked, id=19552, stack(0x0000005b4f700000,0x0000005b4f800000) (1024K)]
  0x000001850b25aca0 JavaThread "Attach Listener"            daemon [_thread_blocked, id=7956, stack(0x0000005b4f800000,0x0000005b4f900000) (1024K)]
  0x000001850b25b830 JavaThread "Service Thread"             daemon [_thread_blocked, id=19624, stack(0x0000005b4f900000,0x0000005b4fa00000) (1024K)]
  0x000001850b25dfe0 JavaThread "Monitor Deflation Thread"   daemon [_thread_blocked, id=14156, stack(0x0000005b4fa00000,0x0000005b4fb00000) (1024K)]
  0x000001850b25eb70 JavaThread "C1 CompilerThread0"         daemon [_thread_blocked, id=13564, stack(0x0000005b4fb00000,0x0000005b4fc00000) (1024K)]
  0x000001850b3ab270 JavaThread "Common-Cleaner"             daemon [_thread_blocked, id=17376, stack(0x0000005b4fd00000,0x0000005b4fe00000) (1024K)]
  0x000001850b4296a0 JavaThread "JDWP Transport Listener: dt_socket" daemon [_thread_blocked, id=2136, stack(0x0000005b4ff00000,0x0000005b50000000) (1024K)]
  0x000001850b424a30 JavaThread "JDWP Event Helper Thread"   daemon [_thread_blocked, id=9892, stack(0x0000005b50000000,0x0000005b50100000) (1024K)]
  0x000001850b4254c0 JavaThread "JDWP Command Reader"        daemon [_thread_in_native, id=344, stack(0x0000005b50100000,0x0000005b50200000) (1024K)]
  0x000001850b3ad340 JavaThread "Notification Thread"        daemon [_thread_blocked, id=21796, stack(0x0000005b50200000,0x0000005b50300000) (1024K)]
  0x000001850b3ab900 JavaThread "RMI TCP Accept-0"           daemon [_thread_in_native, id=15600, stack(0x0000005b50f00000,0x0000005b51000000) (1024K)]
  0x000001850b3abf90 JavaThread "RMI TCP Accept-65375"       daemon [_thread_in_native, id=2676, stack(0x0000005b51000000,0x0000005b51100000) (1024K)]
  0x000001850b3ad9d0 JavaThread "RMI TCP Accept-0"           daemon [_thread_in_native, id=22644, stack(0x0000005b51100000,0x0000005b51200000) (1024K)]
  0x000001850b3aabe0 JavaThread "RMI Scheduler(0)"           daemon [_thread_blocked, id=1940, stack(0x0000005b51300000,0x0000005b51400000) (1024K)]
  0x000001850b3accb0 JavaThread "RMI TCP Connection(47)-127.0.0.1" daemon [_thread_in_native, id=18452, stack(0x0000005b51400000,0x0000005b51500000) (1024K)]
  0x000001850b3aa550 JavaThread "JMX server connection timeout 50" daemon [_thread_blocked, id=10440, stack(0x0000005b51500000,0x0000005b51600000) (1024K)]
  0x0000018554a8e4c0 JavaThread "DestroyJavaVM"                     [_thread_blocked, id=7180, stack(0x0000005b4ed00000,0x0000005b4ee00000) (1024K)]
  0x0000018554a8de30 JavaThread "Thread-17"                         [_thread_blocked, id=9664, stack(0x0000005b4ea00000,0x0000005b4eb00000) (1024K)]
  0x0000018554a8b6d0 JavaThread "File Watcher"               daemon [_thread_blocked, id=23776, stack(0x0000005b4eb00000,0x0000005b4ec00000) (1024K)]
  0x0000018554a8bd60 JavaThread "File Watcher"               daemon [_thread_blocked, id=8756, stack(0x0000005b51800000,0x0000005b51900000) (1024K)]
  0x0000018554a8f870 JavaThread "File Watcher"               daemon [_thread_blocked, id=25528, stack(0x0000005b4fc00000,0x0000005b4fd00000) (1024K)]
  0x0000018554a90590 JavaThread "File Watcher"               daemon [_thread_blocked, id=27316, stack(0x0000005b4fe00000,0x0000005b4ff00000) (1024K)]
  0x0000018554a8d7a0 JavaThread "File Watcher"               daemon [_thread_blocked, id=25624, stack(0x0000005b50300000,0x0000005b50400000) (1024K)]
  0x0000018554a8f1e0 JavaThread "PostgreSQL-JDBC-Cleaner"    daemon [_thread_blocked, id=22184, stack(0x0000005b51f00000,0x0000005b52000000) (1024K)]
  0x0000018554a8c3f0 JavaThread "File Watcher"               daemon [_thread_blocked, id=20364, stack(0x0000005b51200000,0x0000005b51300000) (1024K)]
  0x0000018554a8ca80 JavaThread "restartedMain"                     [_thread_blocked, id=25780, stack(0x0000005b51c00000,0x0000005b51d00000) (1024K)]
  0x0000018554a8eb50 JavaThread "Catalina-utility-1"                [_thread_blocked, id=25936, stack(0x0000005b51900000,0x0000005b51a00000) (1024K)]
  0x0000018554a90c20 JavaThread "Catalina-utility-2"                [_thread_blocked, id=23380, stack(0x0000005b51d00000,0x0000005b51e00000) (1024K)]
  0x0000018554a8a9b0 JavaThread "container-6"                       [_thread_blocked, id=24592, stack(0x0000005b51e00000,0x0000005b51f00000) (1024K)]
  0x0000018554a8d110 JavaThread "HikariPool-12 housekeeper"  daemon [_thread_blocked, id=26408, stack(0x0000005b52000000,0x0000005b52100000) (1024K)]
Total: 32

Other Threads:
  0x000001857f5b2110 VMThread "VM Thread"                           [id=19968, stack(0x0000005b4f400000,0x0000005b4f500000) (1024K)]
  0x000001857f5a1600 WatcherThread "VM Periodic Task Thread"        [id=14640, stack(0x0000005b4f300000,0x0000005b4f400000) (1024K)]
  0x00000185706f2fe0 WorkerThread "GC Thread#0"                     [id=10216, stack(0x0000005b4ee00000,0x0000005b4ef00000) (1024K)]
  0x0000018551563220 WorkerThread "GC Thread#1"                     [id=13992, stack(0x0000005b50400000,0x0000005b50500000) (1024K)]
  0x00000185515635c0 WorkerThread "GC Thread#2"                     [id=12112, stack(0x0000005b50500000,0x0000005b50600000) (1024K)]
  0x0000018551563f70 WorkerThread "GC Thread#3"                     [id=2204, stack(0x0000005b50600000,0x0000005b50700000) (1024K)]
  0x000001855154ecc0 WorkerThread "GC Thread#4"                     [id=21444, stack(0x0000005b50700000,0x0000005b50800000) (1024K)]
  0x0000018551550620 WorkerThread "GC Thread#5"                     [id=2888, stack(0x0000005b50800000,0x0000005b50900000) (1024K)]
  0x0000018551550280 WorkerThread "GC Thread#6"                     [id=400, stack(0x0000005b50900000,0x0000005b50a00000) (1024K)]
  0x000001855154f060 WorkerThread "GC Thread#7"                     [id=19444, stack(0x0000005b50a00000,0x0000005b50b00000) (1024K)]
=>0x000001855154f400 WorkerThread "GC Thread#8"                     [id=23156, stack(0x0000005b50b00000,0x0000005b50c00000) (1024K)]
  0x000001855154f7a0 WorkerThread "GC Thread#9"                     [id=14892, stack(0x0000005b50c00000,0x0000005b50d00000) (1024K)]
  0x000001855154fb40 WorkerThread "GC Thread#10"                    [id=17168, stack(0x0000005b50d00000,0x0000005b50e00000) (1024K)]
  0x000001855154fee0 WorkerThread "GC Thread#11"                    [id=11736, stack(0x0000005b50e00000,0x0000005b50f00000) (1024K)]
  0x0000018551a19c20 WorkerThread "GC Thread#12"                    [id=14320, stack(0x0000005b51600000,0x0000005b51700000) (1024K)]
  0x000001857f3c7e20 ConcurrentGCThread "G1 Main Marker"            [id=21136, stack(0x0000005b4ef00000,0x0000005b4f000000) (1024K)]
  0x000001857f3c8830 WorkerThread "G1 Conc#0"                       [id=21644, stack(0x0000005b4f000000,0x0000005b4f100000) (1024K)]
  0x0000018551a18660 WorkerThread "G1 Conc#1"                       [id=8764, stack(0x0000005b51a00000,0x0000005b51b00000) (1024K)]
  0x0000018551a1a700 WorkerThread "G1 Conc#2"                       [id=12996, stack(0x0000005b51b00000,0x0000005b51c00000) (1024K)]
  0x000001857f46f0e0 ConcurrentGCThread "G1 Refine#0"               [id=13368, stack(0x0000005b4f100000,0x0000005b4f200000) (1024K)]
  0x000001857f46fc50 ConcurrentGCThread "G1 Service"                [id=21912, stack(0x0000005b4f200000,0x0000005b4f300000) (1024K)]
Total: 21

Threads with active compile tasks:
Total: 0

VM state: at safepoint (normal execution)

VM Mutex/Monitor currently owned by a thread:  ([mutex/lock_event])
[0x00007ffbe58d3198] Threads_lock - owner thread: 0x000001857f5b2110
[0x00007ffbe58d3298] Heap_lock - owner thread: 0x0000018554a8f870

Heap address: 0x0000000609c00000, size: 8036 MB, Compressed Oops mode: Zero based, Oop shift amount: 3

CDS archive(s) mapped at: [0x000001850c000000-0x000001850cc90000-0x000001850cc90000), size 13172736, SharedBaseAddress: 0x000001850c000000, ArchiveRelocationMode: 1.
Compressed class space mapped at: 0x000001850d000000-0x000001854d000000, reserved size: 1073741824
Narrow klass base: 0x000001850c000000, Narrow klass shift: 0, Narrow klass range: 0x100000000

GC Precious Log:
 CardTable entry size: 512
 Card Set container configuration: InlinePtr #cards 4 size 8 Array Of Cards #cards 32 size 80 Howl #buckets 8 coarsen threshold 7372 Howl Bitmap #cards 1024 size 144 coarsen threshold 921 Card regions per heap region 1 cards per card region 8192
 CPUs: 16 total, 16 available
 Memory: 32129M
 Large Page Support: Disabled
 NUMA Support: Disabled
 Compressed Oops: Enabled (Zero based)
 Heap Region Size: 4M
 Heap Min Capacity: 8M
 Heap Initial Capacity: 504M
 Heap Max Capacity: 8036M
 Pre-touch: Disabled
 Parallel Workers: 13
 Concurrent Workers: 3
 Concurrent Refinement Workers: 13
 Periodic GC: Disabled

Heap:
 garbage-first heap   total 118784K, used 96560K [0x0000000609c00000, 0x0000000800000000)
  region size 4096K, 10 young (40960K), 2 survivors (8192K)
 Metaspace       used 91024K, committed 91968K, reserved 1179648K
  class space    used 12923K, committed 13376K, reserved 1048576K

Heap Regions: E=young(eden), S=young(survivor), O=old, HS=humongous(starts), HC=humongous(continues), CS=collection set, F=free, TAMS=top-at-mark-start, PB=parsable bottom
|   0|0x0000000609c00000, 0x0000000609fffff0, 0x000000060a000000| 99%| O|  |TAMS 0x0000000609fffff0| PB 0x0000000609c00000| Untracked 
|   1|0x000000060a000000, 0x000000060a3ffff0, 0x000000060a400000| 99%| O|  |TAMS 0x000000060a3ffff0| PB 0x000000060a000000| Untracked 
|   2|0x000000060a400000, 0x000000060a7fffd0, 0x000000060a800000| 99%| O|  |TAMS 0x000000060a7fffd0| PB 0x000000060a400000| Untracked 
|   3|0x000000060a800000, 0x000000060abfffb8, 0x000000060ac00000| 99%| O|  |TAMS 0x000000060abfffb8| PB 0x000000060a800000| Untracked 
|   4|0x000000060ac00000, 0x000000060affffd8, 0x000000060b000000| 99%| O|  |TAMS 0x000000060affffd8| PB 0x000000060ac00000| Untracked 
|   5|0x000000060b000000, 0x000000060b400000, 0x000000060b400000|100%| O|  |TAMS 0x000000060b400000| PB 0x000000060b000000| Untracked 
|   6|0x000000060b400000, 0x000000060b7ffff0, 0x000000060b800000| 99%| O|  |TAMS 0x000000060b7ffff0| PB 0x000000060b400000| Untracked 
|   7|0x000000060b800000, 0x000000060bbfffe8, 0x000000060bc00000| 99%| O|  |TAMS 0x000000060bbfffe8| PB 0x000000060b800000| Untracked 
|   8|0x000000060bc00000, 0x000000060c000000, 0x000000060c000000|100%| O|  |TAMS 0x000000060c000000| PB 0x000000060bc00000| Untracked 
|   9|0x000000060c000000, 0x000000060c400000, 0x000000060c400000|100%| O|  |TAMS 0x000000060c400000| PB 0x000000060c000000| Untracked 
|  10|0x000000060c400000, 0x000000060c400000, 0x000000060c800000|  0%| F|  |TAMS 0x000000060c400000| PB 0x000000060c400000| Untracked 
|  11|0x000000060c800000, 0x000000060cc00000, 0x000000060cc00000|100%| O|  |TAMS 0x000000060cc00000| PB 0x000000060c800000| Untracked 
|  12|0x000000060cc00000, 0x000000060d000000, 0x000000060d000000|100%| O|  |TAMS 0x000000060d000000| PB 0x000000060cc00000| Untracked 
|  13|0x000000060d000000, 0x000000060d400000, 0x000000060d400000|100%| O|  |TAMS 0x000000060d400000| PB 0x000000060d000000| Untracked 
|  14|0x000000060d400000, 0x000000060d800000, 0x000000060d800000|100%| O|  |TAMS 0x000000060d800000| PB 0x000000060d400000| Untracked 
|  15|0x000000060d800000, 0x000000060db995a0, 0x000000060dc00000| 89%| O|  |TAMS 0x000000060d92f540| PB 0x000000060d800000| Untracked 
|  16|0x000000060dc00000, 0x000000060dc00000, 0x000000060e000000|  0%| F|  |TAMS 0x000000060dc00000| PB 0x000000060dc00000| Untracked 
|  17|0x000000060e000000, 0x000000060e11ce98, 0x000000060e400000| 27%| E|CS|TAMS 0x000000060e000000| PB 0x000000060e000000| Complete 
|  18|0x000000060e400000, 0x000000060e800000, 0x000000060e800000|100%| E|CS|TAMS 0x000000060e400000| PB 0x000000060e400000| Complete 
|  19|0x000000060e800000, 0x000000060e872120, 0x000000060ec00000| 11%| S|  |TAMS 0x000000060e800000| PB 0x000000060e800000| Complete 
|  20|0x000000060ec00000, 0x000000060f000000, 0x000000060f000000|100%| S|  |TAMS 0x000000060ec00000| PB 0x000000060ec00000| Complete 
|  21|0x000000060f000000, 0x000000060f400000, 0x000000060f400000|100%| E|CS|TAMS 0x000000060f000000| PB 0x000000060f000000| Complete 
|  22|0x000000060f400000, 0x000000060f800000, 0x000000060f800000|100%| E|CS|TAMS 0x000000060f400000| PB 0x000000060f400000| Complete 
|  23|0x000000060f800000, 0x000000060fc00000, 0x000000060fc00000|100%| E|CS|TAMS 0x000000060f800000| PB 0x000000060f800000| Complete 
|  24|0x000000060fc00000, 0x0000000610000000, 0x0000000610000000|100%| E|CS|TAMS 0x000000060fc00000| PB 0x000000060fc00000| Complete 
|  25|0x0000000610000000, 0x0000000610400000, 0x0000000610400000|100%| E|CS|TAMS 0x0000000610000000| PB 0x0000000610000000| Complete 
|  26|0x0000000610400000, 0x0000000610800000, 0x0000000610800000|100%| E|CS|TAMS 0x0000000610400000| PB 0x0000000610400000| Complete 
|  27|0x0000000610800000, 0x0000000610c00000, 0x0000000610c00000|100%| E|CS|TAMS 0x0000000610800000| PB 0x0000000610800000| Complete 
|  28|0x0000000610c00000, 0x0000000611000000, 0x0000000611000000|100%| E|CS|TAMS 0x0000000610c00000| PB 0x0000000610c00000| Complete 

Card table byte_map: [0x0000018500000000,0x0000018500fc0000] _byte_map_base: 0x00000184fcfb2000

Marking Bits: (CMBitMap*) 0x00000185706f3ef0
 Bits: [0x0000018500fc0000, 0x0000018508d50000)

Polling page: 0x0000018570700000

Metaspace:

Usage:
  Non-class:     76.27 MB used.
      Class:     12.62 MB used.
       Both:     88.89 MB used.

Virtual space:
  Non-class space:      128.00 MB reserved,      76.75 MB ( 60%) committed,  2 nodes.
      Class space:        1.00 GB reserved,      13.06 MB (  1%) committed,  1 nodes.
             Both:        1.12 GB reserved,      89.81 MB (  8%) committed. 

Chunk freelists:
   Non-Class:  3.29 MB
       Class:  2.97 MB
        Both:  6.25 MB

MaxMetaspaceSize: unlimited
CompressedClassSpaceSize: 1.00 GB
Initial GC threshold: 21.00 MB
Current GC threshold: 148.75 MB
CDS: on
 - commit_granule_bytes: 65536.
 - commit_granule_words: 8192.
 - virtual_space_node_default_size: 8388608.
 - enlarge_chunks_in_place: 1.
 - use_allocation_guard: 0.


Internal statistics:

num_allocs_failed_limit: 9.
num_arena_births: 2070.
num_arena_deaths: 1078.
num_vsnodes_births: 3.
num_vsnodes_deaths: 0.
num_space_committed: 1437.
num_space_uncommitted: 0.
num_chunks_returned_to_freelist: 1258.
num_chunks_taken_from_freelist: 6034.
num_chunk_merges: 304.
num_chunk_splits: 3802.
num_chunks_enlarged: 2870.
num_inconsistent_stats: 0.

CodeCache: size=49152Kb used=20818Kb max_used=22544Kb free=28334Kb
 bounds [0x000001857a500000, 0x000001857bc20000, 0x000001857d500000]
 total_blobs=11263 nmethods=10521 adapters=663
 compilation: enabled
              stopped_count=0, restarted_count=0
 full_count=0

Compilation events (20 events):
Event: 13511.342 Thread 0x00000185557092c0 14217       1       java.lang.management.DefaultPlatformMBeanProvider$7::mbeanInterfaceNames (5 bytes)
Event: 13511.342 Thread 0x00000185557092c0 nmethod 14217 0x000001857bb13190 code [0x000001857bb13320, 0x000001857bb133f0]
Event: 13511.613 Thread 0x000001855a131900 14218       1       java.lang.Long::parseLong (272 bytes)
Event: 13511.613 Thread 0x000001850b25eb70 14219       1       java.lang.Long::parseLong (7 bytes)
Event: 13511.613 Thread 0x000001850b25eb70 nmethod 14219 0x000001857bb12e90 code [0x000001857bb13040, 0x000001857bb13110]
Event: 13511.614 Thread 0x000001855a131900 nmethod 14218 0x000001857bb11610 code [0x000001857bb11940, 0x000001857bb124f8]
Event: 13517.123 Thread 0x000001850b25eb70 14220       1       java.lang.ClassValue$Version::promise (5 bytes)
Event: 13517.123 Thread 0x000001850b25eb70 nmethod 14220 0x000001857bb11310 code [0x000001857bb114a0, 0x000001857bb11570]
Event: 13517.123 Thread 0x000001850b25eb70 14221       1       java.io.ObjectStreamClass::getResolveException (5 bytes)
Event: 13517.123 Thread 0x000001850b25eb70 nmethod 14221 0x000001857bb11010 code [0x000001857bb111a0, 0x000001857bb11270]
Event: 13517.123 Thread 0x000001850b25eb70 14222       1       jdk.internal.util.ByteArray::getShort (9 bytes)
Event: 13517.123 Thread 0x000001850b25eb70 nmethod 14222 0x000001857bb10b90 code [0x000001857bb10d20, 0x000001857bb10e60]
Event: 13517.124 Thread 0x000001850b25eb70 14223       1       java.security.ProtectionDomain::<init> (98 bytes)
Event: 13517.124 Thread 0x000001850b25eb70 nmethod 14223 0x000001857bb10310 code [0x000001857bb104e0, 0x000001857bb10a28]
Event: 13517.124 Thread 0x000001850b25eb70 14225       1       java.io.ObjectStreamField::getSignature (39 bytes)
Event: 13517.124 Thread 0x000001850b25eb70 nmethod 14225 0x000001857bb0fe90 code [0x000001857bb10060, 0x000001857bb10238]
Event: 13517.124 Thread 0x000001850b25eb70 14226       1       java.io.ObjectStreamClass$FieldReflector::getObjFieldValues (96 bytes)
Event: 13517.124 Thread 0x000001850b25eb70 nmethod 14226 0x000001857bb0f590 code [0x000001857bb0f780, 0x000001857bb0fbf8]
Event: 13517.124 Thread 0x000001850b25eb70 14224       1       java.lang.ClassValue::getMap (16 bytes)
Event: 13517.124 Thread 0x000001850b25eb70 nmethod 14224 0x000001857bb0f210 code [0x000001857bb0f3c0, 0x000001857bb0f4d0]

GC Heap History (20 events):
Event: 13395.849 GC heap after
{Heap after GC invocations=40 (full 5):
 garbage-first heap   total 110592K, used 47871K [0x0000000609c00000, 0x0000000800000000)
  region size 4096K, 2 young (8192K), 2 survivors (8192K)
 Metaspace       used 88958K, committed 89856K, reserved 1179648K
  class space    used 12744K, committed 13184K, reserved 1048576K
}
Event: 13401.711 GC heap before
{Heap before GC invocations=40 (full 5):
 garbage-first heap   total 110592K, used 88831K [0x0000000609c00000, 0x0000000800000000)
  region size 4096K, 12 young (49152K), 2 survivors (8192K)
 Metaspace       used 89346K, committed 90176K, reserved 1179648K
  class space    used 12777K, committed 13184K, reserved 1048576K
}
Event: 13401.713 GC heap after
{Heap after GC invocations=41 (full 5):
 garbage-first heap   total 110592K, used 50087K [0x0000000609c00000, 0x0000000800000000)
  region size 4096K, 2 young (8192K), 2 survivors (8192K)
 Metaspace       used 89346K, committed 90176K, reserved 1179648K
  class space    used 12777K, committed 13184K, reserved 1048576K
}
Event: 13401.969 GC heap before
{Heap before GC invocations=41 (full 5):
 garbage-first heap   total 110592K, used 86951K [0x0000000609c00000, 0x0000000800000000)
  region size 4096K, 11 young (45056K), 2 survivors (8192K)
 Metaspace       used 89454K, committed 90368K, reserved 1179648K
  class space    used 12786K, committed 13248K, reserved 1048576K
}
Event: 13401.971 GC heap after
{Heap after GC invocations=42 (full 5):
 garbage-first heap   total 110592K, used 52432K [0x0000000609c00000, 0x0000000800000000)
  region size 4096K, 2 young (8192K), 2 survivors (8192K)
 Metaspace       used 89454K, committed 90368K, reserved 1179648K
  class space    used 12786K, committed 13248K, reserved 1048576K
}
Event: 13452.682 GC heap before
{Heap before GC invocations=42 (full 5):
 garbage-first heap   total 110592K, used 89296K [0x0000000609c00000, 0x0000000800000000)
  region size 4096K, 11 young (45056K), 2 survivors (8192K)
 Metaspace       used 89792K, committed 90688K, reserved 1179648K
  class space    used 12809K, committed 13248K, reserved 1048576K
}
Event: 13452.683 GC heap after
{Heap after GC invocations=43 (full 5):
 garbage-first heap   total 110592K, used 52986K [0x0000000609c00000, 0x0000000800000000)
  region size 4096K, 1 young (4096K), 1 survivors (4096K)
 Metaspace       used 89792K, committed 90688K, reserved 1179648K
  class space    used 12809K, committed 13248K, reserved 1048576K
}
Event: 13452.935 GC heap before
{Heap before GC invocations=43 (full 5):
 garbage-first heap   total 110592K, used 89850K [0x0000000609c00000, 0x0000000800000000)
  region size 4096K, 11 young (45056K), 1 survivors (4096K)
 Metaspace       used 89941K, committed 90816K, reserved 1179648K
  class space    used 12826K, committed 13248K, reserved 1048576K
}
Event: 13452.937 GC heap after
{Heap after GC invocations=44 (full 5):
 garbage-first heap   total 110592K, used 56418K [0x0000000609c00000, 0x0000000800000000)
  region size 4096K, 2 young (8192K), 2 survivors (8192K)
 Metaspace       used 89941K, committed 90816K, reserved 1179648K
  class space    used 12826K, committed 13248K, reserved 1048576K
}
Event: 13479.258 GC heap before
{Heap before GC invocations=45 (full 5):
 garbage-first heap   total 110592K, used 89186K [0x0000000609c00000, 0x0000000800000000)
  region size 4096K, 10 young (40960K), 2 survivors (8192K)
 Metaspace       used 90111K, committed 91008K, reserved 1179648K
  class space    used 12838K, committed 13312K, reserved 1048576K
}
Event: 13479.261 GC heap after
{Heap after GC invocations=46 (full 5):
 garbage-first heap   total 110592K, used 56541K [0x0000000609c00000, 0x0000000800000000)
  region size 4096K, 1 young (4096K), 1 survivors (4096K)
 Metaspace       used 90111K, committed 91008K, reserved 1179648K
  class space    used 12838K, committed 13312K, reserved 1048576K
}
Event: 13503.335 GC heap before
{Heap before GC invocations=46 (full 5):
 garbage-first heap   total 110592K, used 89309K [0x0000000609c00000, 0x0000000800000000)
  region size 4096K, 10 young (40960K), 1 survivors (4096K)
 Metaspace       used 90375K, committed 91264K, reserved 1179648K
  class space    used 12861K, committed 13312K, reserved 1048576K
}
Event: 13503.338 GC heap after
{Heap after GC invocations=47 (full 5):
 garbage-first heap   total 110592K, used 59287K [0x0000000609c00000, 0x0000000800000000)
  region size 4096K, 2 young (8192K), 2 survivors (8192K)
 Metaspace       used 90375K, committed 91264K, reserved 1179648K
  class space    used 12861K, committed 13312K, reserved 1048576K
}
Event: 13503.607 GC heap before
{Heap before GC invocations=47 (full 5):
 garbage-first heap   total 110592K, used 92055K [0x0000000609c00000, 0x0000000800000000)
  region size 4096K, 10 young (40960K), 2 survivors (8192K)
 Metaspace       used 90476K, committed 91392K, reserved 1179648K
  class space    used 12876K, committed 13312K, reserved 1048576K
}
Event: 13503.609 GC heap after
{Heap after GC invocations=48 (full 5):
 garbage-first heap   total 110592K, used 61213K [0x0000000609c00000, 0x0000000800000000)
  region size 4096K, 2 young (8192K), 2 survivors (8192K)
 Metaspace       used 90476K, committed 91392K, reserved 1179648K
  class space    used 12876K, committed 13312K, reserved 1048576K
}
Event: 13510.487 GC heap before
{Heap before GC invocations=49 (full 5):
 garbage-first heap   total 118784K, used 89885K [0x0000000609c00000, 0x0000000800000000)
  region size 4096K, 9 young (36864K), 2 survivors (8192K)
 Metaspace       used 90687K, committed 91584K, reserved 1179648K
  class space    used 12893K, committed 13312K, reserved 1048576K
}
Event: 13510.490 GC heap after
{Heap after GC invocations=50 (full 5):
 garbage-first heap   total 118784K, used 63152K [0x0000000609c00000, 0x0000000800000000)
  region size 4096K, 2 young (8192K), 2 survivors (8192K)
 Metaspace       used 90687K, committed 91584K, reserved 1179648K
  class space    used 12893K, committed 13312K, reserved 1048576K
}
Event: 13510.692 GC heap before
{Heap before GC invocations=50 (full 5):
 garbage-first heap   total 118784K, used 95920K [0x0000000609c00000, 0x0000000800000000)
  region size 4096K, 10 young (40960K), 2 survivors (8192K)
 Metaspace       used 90805K, committed 91776K, reserved 1179648K
  class space    used 12903K, committed 13376K, reserved 1048576K
}
Event: 13510.694 GC heap after
{Heap after GC invocations=51 (full 5):
 garbage-first heap   total 118784K, used 63792K [0x0000000609c00000, 0x0000000800000000)
  region size 4096K, 2 young (8192K), 2 survivors (8192K)
 Metaspace       used 90805K, committed 91776K, reserved 1179648K
  class space    used 12903K, committed 13376K, reserved 1048576K
}
Event: 13543.717 GC heap before
{Heap before GC invocations=51 (full 5):
 garbage-first heap   total 118784K, used 96560K [0x0000000609c00000, 0x0000000800000000)
  region size 4096K, 10 young (40960K), 2 survivors (8192K)
 Metaspace       used 91024K, committed 91968K, reserved 1179648K
  class space    used 12923K, committed 13376K, reserved 1048576K
}

Dll operation events (12 events):
Event: 0.006 Loaded shared library C:\pleiades\2023-12\java\21\bin\java.dll
Event: 0.105 Loaded shared library C:\pleiades\2023-12\java\21\bin\zip.dll
Event: 0.109 Loaded shared library C:\pleiades\2023-12\java\21\bin\instrument.dll
Event: 0.113 Loaded shared library C:\pleiades\2023-12\java\21\bin\net.dll
Event: 0.114 Loaded shared library C:\pleiades\2023-12\java\21\bin\nio.dll
Event: 0.116 Loaded shared library C:\pleiades\2023-12\java\21\bin\zip.dll
Event: 0.215 Loaded shared library C:\pleiades\2023-12\java\21\bin\jimage.dll
Event: 0.245 Loaded shared library C:\pleiades\2023-12\java\21\bin\management.dll
Event: 0.252 Loaded shared library C:\pleiades\2023-12\java\21\bin\management_ext.dll
Event: 0.376 Loaded shared library C:\pleiades\2023-12\java\21\bin\verify.dll
Event: 0.441 Loaded shared library C:\pleiades\2023-12\java\21\bin\extnet.dll
Event: 1.288 Loaded shared library C:\pleiades\2023-12\java\21\bin\sunmscapi.dll

Deoptimization events (20 events):
Event: 13517.124 Thread 0x000001850b3accb0 DEOPT PACKING pc=0x000001857b3e8074 sp=0x0000005b514fd340
Event: 13517.124 Thread 0x000001850b3accb0 DEOPT UNPACKING pc=0x000001857a554e42 sp=0x0000005b514fc8a8 mode 1
Event: 13517.124 Thread 0x000001850b3accb0 DEOPT PACKING pc=0x000001857b3e8074 sp=0x0000005b514fd340
Event: 13517.124 Thread 0x000001850b3accb0 DEOPT UNPACKING pc=0x000001857a554e42 sp=0x0000005b514fc8a8 mode 1
Event: 13517.261 Thread 0x000001850b3accb0 DEOPT PACKING pc=0x000001857b3e8074 sp=0x0000005b514fe0d0
Event: 13517.261 Thread 0x000001850b3accb0 DEOPT UNPACKING pc=0x000001857a554e42 sp=0x0000005b514fd638 mode 1
Event: 13517.261 Thread 0x000001850b3accb0 DEOPT PACKING pc=0x000001857b3e8074 sp=0x0000005b514fe0d0
Event: 13517.261 Thread 0x000001850b3accb0 DEOPT UNPACKING pc=0x000001857a554e42 sp=0x0000005b514fd638 mode 1
Event: 13517.261 Thread 0x000001850b3accb0 DEOPT PACKING pc=0x000001857b3e8074 sp=0x0000005b514fe0d0
Event: 13517.261 Thread 0x000001850b3accb0 DEOPT UNPACKING pc=0x000001857a554e42 sp=0x0000005b514fd638 mode 1
Event: 13517.261 Thread 0x000001850b3accb0 DEOPT PACKING pc=0x000001857b3e8074 sp=0x0000005b514fe0d0
Event: 13517.261 Thread 0x000001850b3accb0 DEOPT UNPACKING pc=0x000001857a554e42 sp=0x0000005b514fd638 mode 1
Event: 13517.261 Thread 0x000001850b3accb0 DEOPT PACKING pc=0x000001857b3e8074 sp=0x0000005b514fe0d0
Event: 13517.261 Thread 0x000001850b3accb0 DEOPT UNPACKING pc=0x000001857a554e42 sp=0x0000005b514fd638 mode 1
Event: 13517.261 Thread 0x000001850b3accb0 DEOPT PACKING pc=0x000001857b3e8074 sp=0x0000005b514fe0d0
Event: 13517.261 Thread 0x000001850b3accb0 DEOPT UNPACKING pc=0x000001857a554e42 sp=0x0000005b514fd638 mode 1
Event: 13517.261 Thread 0x000001850b3accb0 DEOPT PACKING pc=0x000001857b3e8074 sp=0x0000005b514fe0d0
Event: 13517.261 Thread 0x000001850b3accb0 DEOPT UNPACKING pc=0x000001857a554e42 sp=0x0000005b514fd638 mode 1
Event: 13533.649 Thread 0x0000018554a8ca80 DEOPT PACKING pc=0x000001857a9336b4 sp=0x0000005b51cfc990
Event: 13533.649 Thread 0x0000018554a8ca80 DEOPT UNPACKING pc=0x000001857a554e42 sp=0x0000005b51cfbe48 mode 0

Classes loaded (20 events):
Event: 454.134 Loading class org/w3c/dom/Document
Event: 454.134 Loading class org/w3c/dom/Document done
Event: 2018.840 Loading class java/util/concurrent/locks/AbstractQueuedSynchronizer$SharedNode
Event: 2018.840 Loading class java/util/concurrent/locks/AbstractQueuedSynchronizer$SharedNode done
Event: 2018.846 Loading class java/util/AbstractMap$2
Event: 2018.846 Loading class java/util/AbstractMap$2 done
Event: 2018.846 Loading class java/util/AbstractMap$2$1
Event: 2018.847 Loading class java/util/AbstractMap$2$1 done
Event: 2018.866 Loading class java/io/FileOutputStream$1
Event: 2018.866 Loading class java/io/FileOutputStream$1 done
Event: 2018.914 Loading class java/lang/ref/Finalizer$2
Event: 2018.915 Loading class java/lang/ref/Finalizer$2 done
Event: 2018.915 Loading class java/lang/ref/Finalizer$1
Event: 2018.916 Loading class java/lang/ref/Finalizer$1 done
Event: 2021.756 Loading class java/io/InvalidClassException
Event: 2021.757 Loading class java/io/InvalidClassException done
Event: 2022.181 Loading class java/time/DurationEditor
Event: 2022.181 Loading class java/time/DurationEditor done
Event: 2237.333 Loading class java/util/EmptyStackException
Event: 2237.333 Loading class java/util/EmptyStackException done

Classes unloaded (20 events):
Event: 13452.956 Thread 0x000001857f5b2110 Unloading class 0x000001850dcbc800 'java/lang/invoke/LambdaForm$MH+0x000001850dcbc800'
Event: 13452.956 Thread 0x000001857f5b2110 Unloading class 0x000001850dcbc400 'java/lang/invoke/LambdaForm$MH+0x000001850dcbc400'
Event: 13452.956 Thread 0x000001857f5b2110 Unloading class 0x000001850dcbc000 'java/lang/invoke/LambdaForm$MH+0x000001850dcbc000'
Event: 13452.956 Thread 0x000001857f5b2110 Unloading class 0x000001850dcb4800 'java/lang/invoke/LambdaForm$MH+0x000001850dcb4800'
Event: 13452.956 Thread 0x000001857f5b2110 Unloading class 0x000001850dcb4400 'java/lang/invoke/LambdaForm$MH+0x000001850dcb4400'
Event: 13452.956 Thread 0x000001857f5b2110 Unloading class 0x000001850dcb4000 'java/lang/invoke/LambdaForm$MH+0x000001850dcb4000'
Event: 13452.956 Thread 0x000001857f5b2110 Unloading class 0x000001850d0c9c00 'java/lang/invoke/LambdaForm$MH+0x000001850d0c9c00'
Event: 13452.956 Thread 0x000001857f5b2110 Unloading class 0x000001850da59400 'java/lang/invoke/LambdaForm$MH+0x000001850da59400'
Event: 13452.956 Thread 0x000001857f5b2110 Unloading class 0x000001850d11a400 'java/lang/invoke/LambdaForm$MH+0x000001850d11a400'
Event: 13452.956 Thread 0x000001857f5b2110 Unloading class 0x000001850d122800 'java/lang/invoke/LambdaForm$MH+0x000001850d122800'
Event: 13452.956 Thread 0x000001857f5b2110 Unloading class 0x000001850d1c5000 'java/lang/invoke/LambdaForm$MH+0x000001850d1c5000'
Event: 13452.956 Thread 0x000001857f5b2110 Unloading class 0x000001850d414800 'java/lang/invoke/LambdaForm$MH+0x000001850d414800'
Event: 13452.956 Thread 0x000001857f5b2110 Unloading class 0x000001850d4a9000 'jdk/internal/reflect/GeneratedSerializationConstructorAccessor55'
Event: 13452.956 Thread 0x000001857f5b2110 Unloading class 0x000001850d534800 'jdk/internal/reflect/GeneratedSerializationConstructorAccessor54'
Event: 13452.956 Thread 0x000001857f5b2110 Unloading class 0x000001850d95b000 'jdk/internal/reflect/GeneratedSerializationConstructorAccessor53'
Event: 13452.956 Thread 0x000001857f5b2110 Unloading class 0x000001850d120800 'jdk/internal/reflect/GeneratedSerializationConstructorAccessor9'
Event: 13503.634 Thread 0x000001857f5b2110 Unloading class 0x000001850dce8c00 'jdk/internal/reflect/GeneratedSerializationConstructorAccessor64'
Event: 13503.634 Thread 0x000001857f5b2110 Unloading class 0x000001850dce8800 'jdk/internal/reflect/GeneratedSerializationConstructorAccessor63'
Event: 13503.634 Thread 0x000001857f5b2110 Unloading class 0x000001850dce8400 'jdk/internal/reflect/GeneratedSerializationConstructorAccessor62'
Event: 13503.634 Thread 0x000001857f5b2110 Unloading class 0x000001850d8c1000 'java/lang/invoke/LambdaForm$MH+0x000001850d8c1000'

Classes redefined (1 events):
Event: 13358.834 Thread 0x000001857f5b2110 redefined class name=com.example.appwish.service.message.FileStorageService, count=1

Internal exceptions (20 events):
Event: 13503.389 Thread 0x0000018554a8eb50 Exception <a 'java/lang/NoClassDefFoundError'{0x000000061021a9a8}: liquibase/integration/spring/SpringLiquibase> (0x000000061021a9a8) 
thrown [s\src\hotspot\share\oops\constantPool.cpp, line 871]
Event: 13503.393 Thread 0x0000018554a8eb50 Exception <a 'java/lang/NoClassDefFoundError'{0x00000006102ad8f8}: org/jooq/DSLContext> (0x00000006102ad8f8) 
thrown [s\src\hotspot\share\oops\constantPool.cpp, line 871]
Event: 13503.394 Thread 0x0000018554a8eb50 Exception <a 'java/lang/NoClassDefFoundError'{0x00000006102beb80}: org/springframework/batch/core/repository/JobRepository> (0x00000006102beb80) 
thrown [s\src\hotspot\share\oops\constantPool.cpp, line 871]
Event: 13503.394 Thread 0x0000018554a8eb50 Exception <a 'java/lang/NoClassDefFoundError'{0x00000006102bf1d8}: org/quartz/Scheduler> (0x00000006102bf1d8) 
thrown [s\src\hotspot\share\oops\constantPool.cpp, line 871]
Event: 13503.394 Thread 0x0000018554a8eb50 Exception <a 'java/lang/NoClassDefFoundError'{0x00000006102bf858}: org/springframework/session/jdbc/JdbcIndexedSessionRepository> (0x00000006102bf858) 
thrown [s\src\hotspot\share\oops\constantPool.cpp, line 871]
Event: 13503.435 Thread 0x0000018554a8eb50 Exception <a 'java/io/FileNotFoundException'{0x000000060fa78db8}> (0x000000060fa78db8) 
thrown [s\src\hotspot\share\prims\jni.cpp, line 520]
Event: 13503.452 Thread 0x0000018554a8eb50 Exception <a 'java/io/FileNotFoundException'{0x000000060f4b1c60}> (0x000000060f4b1c60) 
thrown [s\src\hotspot\share\prims\jni.cpp, line 520]
Event: 13503.691 Thread 0x0000018554a8eb50 Exception <a 'java/lang/NoClassDefFoundError'{0x0000000610e561f8}: GroupChat> (0x0000000610e561f8) 
thrown [s\src\hotspot\share\classfile\systemDictionary.cpp, line 301]
Event: 13503.800 Thread 0x0000018554a8d110 Exception <a 'java/lang/InterruptedException'{0x0000000610ee3fc0}: sleep interrupted> (0x0000000610ee3fc0) 
thrown [s\src\hotspot\share\prims\jvm.cpp, line 3074]
Event: 13503.804 Thread 0x0000018554a8eb50 Exception <a 'java/lang/NoClassDefFoundError'{0x0000000610f259a0}: liquibase/exception/ChangeLogParseException> (0x0000000610f259a0) 
thrown [s\src\hotspot\share\classfile\systemDictionary.cpp, line 301]
Event: 13510.373 Thread 0x0000018554a8ca80 Exception <a 'sun/nio/fs/WindowsException'{0x0000000610a5aa08}> (0x0000000610a5aa08) 
thrown [s\src\hotspot\share\prims\jni.cpp, line 520]
Event: 13510.607 Thread 0x0000018554a8ca80 Exception <a 'java/lang/NoClassDefFoundError'{0x000000060fc865c8}: org/flywaydb/core/Flyway> (0x000000060fc865c8) 
thrown [s\src\hotspot\share\oops\constantPool.cpp, line 871]
Event: 13510.608 Thread 0x0000018554a8ca80 Exception <a 'java/lang/NoClassDefFoundError'{0x000000060fc86c28}: liquibase/integration/spring/SpringLiquibase> (0x000000060fc86c28) 
thrown [s\src\hotspot\share\oops\constantPool.cpp, line 871]
Event: 13510.612 Thread 0x0000018554a8ca80 Exception <a 'java/lang/NoClassDefFoundError'{0x000000060fd222b8}: org/jooq/DSLContext> (0x000000060fd222b8) 
thrown [s\src\hotspot\share\oops\constantPool.cpp, line 871]
Event: 13510.613 Thread 0x0000018554a8ca80 Exception <a 'java/lang/NoClassDefFoundError'{0x000000060fd34050}: org/springframework/batch/core/repository/JobRepository> (0x000000060fd34050) 
thrown [s\src\hotspot\share\oops\constantPool.cpp, line 871]
Event: 13510.614 Thread 0x0000018554a8ca80 Exception <a 'java/lang/NoClassDefFoundError'{0x000000060fd346a8}: org/quartz/Scheduler> (0x000000060fd346a8) 
thrown [s\src\hotspot\share\oops\constantPool.cpp, line 871]
Event: 13510.614 Thread 0x0000018554a8ca80 Exception <a 'java/lang/NoClassDefFoundError'{0x000000060fd34d28}: org/springframework/session/jdbc/JdbcIndexedSessionRepository> (0x000000060fd34d28) 
thrown [s\src\hotspot\share\oops\constantPool.cpp, line 871]
Event: 13510.654 Thread 0x0000018554a8ca80 Exception <a 'java/io/FileNotFoundException'{0x000000060f50d9d8}> (0x000000060f50d9d8) 
thrown [s\src\hotspot\share\prims\jni.cpp, line 520]
Event: 13510.671 Thread 0x0000018554a8ca80 Exception <a 'java/io/FileNotFoundException'{0x000000060f749d00}> (0x000000060f749d00) 
thrown [s\src\hotspot\share\prims\jni.cpp, line 520]
Event: 13517.124 Thread 0x000001850b3accb0 Exception <a 'java/lang/NoSuchMethodError'{0x000000060fa95fd8}: static [B.<clinit>()V> (0x000000060fa95fd8) 
thrown [s\src\hotspot\share\prims\jni.cpp, line 1106]

ZGC Phase Switch (0 events):
No events

VM Operations (20 events):
Event: 13511.169 Executing VM operation: get/set locals done
Event: 13511.170 Executing VM operation: get/set locals
Event: 13511.170 Executing VM operation: get/set locals done
Event: 13511.170 Executing VM operation: get/set locals
Event: 13511.170 Executing VM operation: get/set locals done
Event: 13511.171 Executing VM operation: get/set locals
Event: 13511.171 Executing VM operation: get/set locals done
Event: 13511.171 Executing VM operation: get/set locals
Event: 13511.171 Executing VM operation: get/set locals done
Event: 13511.172 Executing VM operation: get/set locals
Event: 13511.172 Executing VM operation: get/set locals done
Event: 13517.653 Executing VM operation: HandshakeAllThreads (HandshakeForDeflation)
Event: 13517.653 Executing VM operation: HandshakeAllThreads (HandshakeForDeflation) done
Event: 13517.653 Executing VM operation: RendezvousGCThreads
Event: 13517.653 Executing VM operation: RendezvousGCThreads done
Event: 13533.649 Executing VM operation: ChangeSingleStep
Event: 13533.649 Executing VM operation: ChangeSingleStep done
Event: 13533.649 Executing VM operation: ChangeSingleStep
Event: 13533.649 Executing VM operation: ChangeSingleStep done
Event: 13543.717 Executing VM operation: G1CollectForAllocation (G1 Evacuation Pause)

Events (20 events):
Event: 13503.800 Thread 0x0000018554a8ca80 Thread exited: 0x0000018554a8ca80
Event: 13503.800 Thread 0x0000018554a8c3f0 Thread exited: 0x0000018554a8c3f0
Event: 13503.808 Thread 0x0000018554a8eb50 Thread exited: 0x0000018554a8eb50
Event: 13503.808 Thread 0x0000018554a8c3f0 Thread added: 0x0000018554a8c3f0
Event: 13508.817 Thread 0x0000018554c36730 Thread exited: 0x0000018554c36730
Event: 13510.366 Thread 0x0000018554a8ca80 Thread added: 0x0000018554a8ca80
Event: 13510.375 Thread 0x000001855181f800 Thread exited: 0x000001855181f800
Event: 13510.407 Thread 0x0000018554a8d110 Thread added: 0x0000018554a8d110
Event: 13510.432 Thread 0x0000018554a8d110 Thread exited: 0x0000018554a8d110
Event: 13510.671 Thread 0x0000018554a8eb50 Thread added: 0x0000018554a8eb50
Event: 13510.671 Thread 0x0000018554a90c20 Thread added: 0x0000018554a90c20
Event: 13510.671 Thread 0x0000018554a8a9b0 Thread added: 0x0000018554a8a9b0
Event: 13510.839 Thread 0x0000018554a8d110 Thread added: 0x0000018554a8d110
Event: 13510.874 Thread 0x00000185557092c0 Thread added: 0x00000185557092c0
Event: 13510.874 Thread 0x0000018554b01cc0 Thread added: 0x0000018554b01cc0
Event: 13510.954 Thread 0x0000018554a89c90 Thread added: 0x0000018554a89c90
Event: 13511.613 Thread 0x0000018554b01cc0 Thread exited: 0x0000018554b01cc0
Event: 13516.625 Thread 0x00000185557092c0 Thread exited: 0x00000185557092c0
Event: 13516.625 Thread 0x000001855a131900 Thread exited: 0x000001855a131900
Event: 13516.721 Thread 0x0000018554a89c90 Thread exited: 0x0000018554a89c90


Dynamic libraries:
0x00007ff6fc730000 - 0x00007ff6fc73e000 	C:\pleiades\2023-12\java\21\bin\javaw.exe
0x00007ffc8d450000 - 0x00007ffc8d667000 	C:\Windows\SYSTEM32\ntdll.dll
0x00007ffc8c270000 - 0x00007ffc8c334000 	C:\Windows\System32\KERNEL32.DLL
0x00007ffc8a770000 - 0x00007ffc8ab1d000 	C:\Windows\System32\KERNELBASE.dll
0x00007ffc8af20000 - 0x00007ffc8b031000 	C:\Windows\System32\ucrtbase.dll
0x00007ffc85410000 - 0x00007ffc85428000 	C:\pleiades\2023-12\java\21\bin\jli.dll
0x00007ffc853f0000 - 0x00007ffc8540b000 	C:\pleiades\2023-12\java\21\bin\VCRUNTIME140.dll
0x00007ffc8bde0000 - 0x00007ffc8bf8e000 	C:\Windows\System32\USER32.dll
0x00007ffc8ada0000 - 0x00007ffc8adc6000 	C:\Windows\System32\win32u.dll
0x00007ffc680e0000 - 0x00007ffc68373000 	C:\Windows\WinSxS\amd64_microsoft.windows.common-controls_6595b64144ccf1df_6.0.22621.3672_none_2713b9d173822955\COMCTL32.dll
0x00007ffc8c6e0000 - 0x00007ffc8c709000 	C:\Windows\System32\GDI32.dll
0x00007ffc8bb50000 - 0x00007ffc8bbf7000 	C:\Windows\System32\msvcrt.dll
0x00007ffc8add0000 - 0x00007ffc8aee9000 	C:\Windows\System32\gdi32full.dll
0x00007ffc8ad00000 - 0x00007ffc8ad9a000 	C:\Windows\System32\msvcp_win.dll
0x00007ffc8c200000 - 0x00007ffc8c231000 	C:\Windows\System32\IMM32.DLL
0x00007ffc85490000 - 0x00007ffc8549c000 	C:\pleiades\2023-12\java\21\bin\vcruntime140_1.dll
0x00007ffc7b210000 - 0x00007ffc7b29e000 	C:\pleiades\2023-12\java\21\bin\msvcp140.dll
0x00007ffbe4c30000 - 0x00007ffbe59b3000 	C:\pleiades\2023-12\java\21\bin\server\jvm.dll
0x00007ffc8cfc0000 - 0x00007ffc8d072000 	C:\Windows\System32\ADVAPI32.dll
0x00007ffc8c580000 - 0x00007ffc8c629000 	C:\Windows\System32\sechost.dll
0x00007ffc8aef0000 - 0x00007ffc8af18000 	C:\Windows\System32\bcrypt.dll
0x00007ffc8bf90000 - 0x00007ffc8c0a4000 	C:\Windows\System32\RPCRT4.dll
0x00007ffc8c710000 - 0x00007ffc8c781000 	C:\Windows\System32\WS2_32.dll
0x00007ffc8a640000 - 0x00007ffc8a68d000 	C:\Windows\SYSTEM32\POWRPROF.dll
0x00007ffc81980000 - 0x00007ffc8198a000 	C:\Windows\SYSTEM32\VERSION.dll
0x00007ffc83320000 - 0x00007ffc83354000 	C:\Windows\SYSTEM32\WINMM.dll
0x00007ffc8a620000 - 0x00007ffc8a633000 	C:\Windows\SYSTEM32\UMPDC.dll
0x00007ffc89780000 - 0x00007ffc89798000 	C:\Windows\SYSTEM32\kernel.appcore.dll
0x00007ffc828a0000 - 0x00007ffc828aa000 	C:\pleiades\2023-12\java\21\bin\jimage.dll
0x00007ffc82440000 - 0x00007ffc82672000 	C:\Windows\SYSTEM32\DBGHELP.DLL
0x00007ffc8d080000 - 0x00007ffc8d40e000 	C:\Windows\System32\combase.dll
0x00007ffc8ba70000 - 0x00007ffc8bb47000 	C:\Windows\System32\OLEAUT32.dll
0x00007ffc72f30000 - 0x00007ffc72f62000 	C:\Windows\SYSTEM32\dbgcore.DLL
0x00007ffc8b100000 - 0x00007ffc8b17b000 	C:\Windows\System32\bcryptPrimitives.dll
0x00007ffc7b1d0000 - 0x00007ffc7b20c000 	C:\pleiades\2023-12\java\21\bin\jdwp.dll
0x00007ffc82880000 - 0x00007ffc8288f000 	C:\pleiades\2023-12\java\21\bin\instrument.dll
0x00007ffc7b1b0000 - 0x00007ffc7b1cf000 	C:\pleiades\2023-12\java\21\bin\java.dll
0x00007ffc8b200000 - 0x00007ffc8ba67000 	C:\Windows\System32\SHELL32.dll
0x00007ffc886a0000 - 0x00007ffc88f9f000 	C:\Windows\SYSTEM32\windows.storage.dll
0x00007ffc88560000 - 0x00007ffc8869f000 	C:\Windows\SYSTEM32\wintypes.dll
0x00007ffc8c100000 - 0x00007ffc8c1f9000 	C:\Windows\System32\SHCORE.dll
0x00007ffc8b180000 - 0x00007ffc8b1de000 	C:\Windows\System32\shlwapi.dll
0x00007ffc8a6a0000 - 0x00007ffc8a6c7000 	C:\Windows\SYSTEM32\profapi.dll
0x00007ffc81eb0000 - 0x00007ffc81ebc000 	C:\pleiades\2023-12\java\21\bin\dt_socket.dll
0x00007ffc89290000 - 0x00007ffc892bd000 	C:\Windows\SYSTEM32\IPHLPAPI.DLL
0x00007ffc89be0000 - 0x00007ffc89c49000 	C:\Windows\system32\mswsock.dll
0x00007ffc892c0000 - 0x00007ffc893b8000 	C:\Windows\SYSTEM32\DNSAPI.dll
0x00007ffc8cc10000 - 0x00007ffc8cc19000 	C:\Windows\System32\NSI.dll
0x00007ffc7b940000 - 0x00007ffc7b94a000 	C:\Windows\System32\rasadhlp.dll
0x00007ffc83290000 - 0x00007ffc83313000 	C:\Windows\System32\fwpuclnt.dll
0x00007ffc77ad0000 - 0x00007ffc77ae8000 	C:\pleiades\2023-12\java\21\bin\zip.dll
0x00007ffc7a710000 - 0x00007ffc7a720000 	C:\pleiades\2023-12\java\21\bin\net.dll
0x00007ffc865e0000 - 0x00007ffc86716000 	C:\Windows\SYSTEM32\WINHTTP.dll
0x00007ffc77980000 - 0x00007ffc77996000 	C:\pleiades\2023-12\java\21\bin\nio.dll
0x00007ffc77ac0000 - 0x00007ffc77aca000 	C:\pleiades\2023-12\java\21\bin\management.dll
0x00007ffc77970000 - 0x00007ffc7797b000 	C:\pleiades\2023-12\java\21\bin\management_ext.dll
0x00007ffc8b1e0000 - 0x00007ffc8b1e8000 	C:\Windows\System32\PSAPI.DLL
0x00007ffc708f0000 - 0x00007ffc70907000 	C:\Windows\system32\napinsp.dll
0x00007ffc70310000 - 0x00007ffc7032b000 	C:\Windows\system32\pnrpnsp.dll
0x00007ffc702f0000 - 0x00007ffc70301000 	C:\Windows\System32\winrnr.dll
0x00007ffc83e90000 - 0x00007ffc83ea5000 	C:\Windows\system32\wshbth.dll
0x00007ffc702a0000 - 0x00007ffc702c7000 	C:\Windows\system32\nlansp_c.dll
0x00007ffc74b10000 - 0x00007ffc74b20000 	C:\pleiades\2023-12\java\21\bin\verify.dll
0x00007ffc89e80000 - 0x00007ffc89e9b000 	C:\Windows\SYSTEM32\CRYPTSP.dll
0x00007ffc896e0000 - 0x00007ffc89715000 	C:\Windows\system32\rsaenh.dll
0x00007ffc89c80000 - 0x00007ffc89ca8000 	C:\Windows\SYSTEM32\USERENV.dll
0x00007ffc89de0000 - 0x00007ffc89dec000 	C:\Windows\SYSTEM32\CRYPTBASE.dll
0x00007ffc74a90000 - 0x00007ffc74a99000 	C:\pleiades\2023-12\java\21\bin\extnet.dll
0x00007ffc74a80000 - 0x00007ffc74a8e000 	C:\pleiades\2023-12\java\21\bin\sunmscapi.dll
0x00007ffc8ab90000 - 0x00007ffc8acf6000 	C:\Windows\System32\CRYPT32.dll
0x00007ffc8a040000 - 0x00007ffc8a06e000 	C:\Windows\SYSTEM32\ncrypt.dll
0x00007ffc8a000000 - 0x00007ffc8a037000 	C:\Windows\SYSTEM32\NTASN1.dll
0x00007ffc1b180000 - 0x00007ffc1b188000 	C:\Windows\system32\wshunix.dll

dbghelp: loaded successfully - version: 4.0.5 - missing functions: none
symbol engine: initialized successfully - sym options: 0x614 - pdb path: .;C:\pleiades\2023-12\java\21\bin;C:\Windows\SYSTEM32;C:\Windows\WinSxS\amd64_microsoft.windows.common-controls_6595b64144ccf1df_6.0.22621.3672_none_2713b9d173822955;C:\pleiades\2023-12\java\21\bin\server

VM Arguments:
jvm_args: -XX:+ShowCodeDetailsInExceptionMessages -agentlib:jdwp=transport=dt_socket,suspend=y,address=localhost:65376 -Dcom.sun.management.jmxremote -Dcom.sun.management.jmxremote.port=65375 -Dcom.sun.management.jmxremote.authenticate=false -Dcom.sun.management.jmxremote.ssl=false -Djava.rmi.server.hostname=localhost -Dspring.jmx.enabled=true -Dmanagement.endpoints.jmx.exposure.include=* -Dspring.application.admin.enabled=true -XX:TieredStopAtLevel=1 -Dspring.boot.project.name=AppWish -javaagent:C:\pleiades\2023-12\eclipse\configuration\org.eclipse.osgi\249\0\.cp\lib\javaagent-shaded.jar -Dfile.encoding=UTF-8 -Dstdout.encoding=UTF-8 -Dstderr.encoding=UTF-8 
java_command: com.example.appwish.AppWishApplication --spring.output.ansi.enabled=always
java_class_path (initial): C:\Users\mspc2\git\AppWish\target\classes;C:\Users\mspc2\.m2\repository\org\springframework\boot\spring-boot-starter-data-jdbc\3.3.3\spring-boot-starter-data-jdbc-3.3.3.jar;C:\Users\mspc2\.m2\repository\org\springframework\boot\spring-boot-starter-jdbc\3.3.3\spring-boot-starter-jdbc-3.3.3.jar;C:\Users\mspc2\.m2\repository\com\zaxxer\HikariCP\5.1.0\HikariCP-5.1.0.jar;C:\Users\mspc2\.m2\repository\org\springframework\spring-jdbc\6.1.12\spring-jdbc-6.1.12.jar;C:\Users\mspc2\.m2\repository\org\springframework\data\spring-data-jdbc\3.3.3\spring-data-jdbc-3.3.3.jar;C:\Users\mspc2\.m2\repository\org\springframework\data\spring-data-relational\3.3.3\spring-data-relational-3.3.3.jar;C:\Users\mspc2\.m2\repository\org\springframework\data\spring-data-commons\3.3.3\spring-data-commons-3.3.3.jar;C:\Users\mspc2\.m2\repository\org\springframework\spring-tx\6.1.12\spring-tx-6.1.12.jar;C:\Users\mspc2\.m2\repository\org\springframework\spring-context\6.1.12\spring-context-6.1.12.jar;C:\Users\mspc2\.m2\repository\org\springframework\spring-beans\6.1.12\spring-beans-6.1.12.jar;C:\Users\mspc2\.m2\repository\org\springframework\boot\spring-boot-starter-data-jpa\3.3.3\spring-boot-starter-data-jpa-3.3.3.jar;C:\Users\mspc2\.m2\repository\org\springframework\boot\spring-boot-starter-aop\3.3.3\spring-boot-starter-aop-3.3.3.jar;C:\Users\mspc2\.m2\repository\org\aspectj\aspectjweaver\1.9.22.1\aspectjweaver-1.9.22.1.jar;C:\Users\mspc2\.m2\repository\org\hibernate\orm\hibernate-core\6.5.2.Final\hibernate-core-6.5.2.Final.jar;C:\Users\mspc2\.m2\repository\jakarta\persistence\jakarta.persistence-api\3.1.0\jakarta.persistence-api-3.1.0.jar;C:\Users\mspc2\.m2\repository\jakarta\transaction\jakarta.transaction-api\2.0.1\jakarta.transaction-api-2.0.1.jar;C:\Users\mspc2\.m2\repository\org\jboss\logging\jboss-logging\3.5.3.Final\jboss-logging-3.5.3.Final.jar;C:\Users\mspc2\.m2\repository\org\hibernate\common\hibernate-commons-annotations\6.0.6.Final\hibernate-commons-annotations-6.0.6.Final.jar;C:\Users\mspc2\.m2\repository\io\smallrye\jandex\3.1.2\jandex-3.1.2.jar;C:\Users\mspc2\.m2\repository\com\fasterxml\classmate\1.7.0\classmate-1.7.0.jar;C:\Users\mspc2\.m2\repository\net\bytebuddy\byte-buddy\1.14.19\byte-buddy-1.14.19.jar;C:\Users\mspc2\.m2\repository\org\glassfish\jaxb\jaxb-runtime\4.0.5\jaxb-runtime-4.0.5.jar;C:\Users\mspc2\.m2\repository\org\glassfish\jaxb\jaxb-core\4.0.5\jaxb-core-4.0.5.jar;C:\Users\mspc2\.m2\repository\org\eclipse\angus\angus-activation\2.0.2\angus-activation-2.0.2.jar;C:\Users\mspc2\.m2\repository\org\glassfish\jaxb\txw2\4.0.5\txw2-4.0.5.jar;C:\Users\mspc2\.m2\repository\com\sun\istack\istack-commons-runtime\4.1.2\istack-commons-runtime-4.1.2.jar;C:\Users\mspc2\.m2\repository\jakarta\inject\jakarta.inject-api\2.0.1\jakarta.inject-api-2.0.1.jar;C:\Users\mspc2\.m2\repository\org\antlr\antlr4-runtime\4.13.0\antlr4-runtime-4.13.0.jar;C:\Users\mspc2\.m2\repository\org\springframework\data\spring-data-jpa\3.3.3\spring-data-jpa-3.3.3.jar;C:\Users\mspc2\.m2\repository\org\springframework\spring-orm\6.1.12\spring-orm-6.1.12.jar;C:\Users\mspc2\.m2\repository\jakarta\annotation\jakarta.annotation-api\2.1.1\jakarta.annotation-api-2.1.1.jar;C:\Users\mspc2\.m2\repository\org\springframework\spring-aspects\6.1.12\spring-aspects-6.1.12.jar;C:\Users\mspc2\.m2\repository\org\springframework\boot\spring-boot-starter-data-rest\3.3.3\spring-boot-starter-data-rest-3.3.3.jar;C:\Users\mspc2\.m2\repository\org\springframework\data\spring-data-rest-webmvc\4.3.3\spring-data-rest-webmvc-4.3.3.jar;C:\Users\mspc2\.m2\repository\org\springframework\data\spring-data-rest-core\4.3.3\spring-data-rest-core-4.3.3.jar;C:\Users\mspc2\.m2\repository\org\springframework\hateoas\spring-hateoas\2.3.2\spring-hateoas-2.3.2.jar;C:\Users\mspc2\.m2\repository\org\springframework\plugin\spring-plugin-core\3.0.0\spring-plugin-core-3.0.0.jar;C:\Users\mspc2\.m2\repository\org\atteo\evo-inflector\1.3\evo-inflector-1.3.jar;C:\Users\mspc2\.m2\repository\com\fasterxml\jackson\core\jackson-databind\2.17.2\jackson-databind-2.17.2.jar;C:\Users\mspc2\.m2\repository\com\fasterxml\jackson\core\jackson-core\2.17.2\jackson-core-2.17.2.jar;C:\Users\mspc2\.m2\repository\com\fasterxml\jackson\core\jackson-annotations\2.17.2\jackson-annotations-2.17.2.jar;C:\Users\mspc2\.m2\repository\org\springframework\boot\spring-boot-starter-security\3.3.3\spring-boot-starter-security-3.3.3.jar;C:\Users\mspc2\.m2\repository\org\springframework\boot\spring-boot-starter\3.3.3\spring-boot-starter-3.3.3.jar;C:\Users\mspc2\.m2\repository\org\springframework\boot\spring-boot-starter-logging\3.3.3\spring-boot-starter-logging-3.3.3.jar;C:\Users\mspc2\.m2\repository\ch\qos\logback\logback-classic\1.5.7\logback-classic-1.5.7.jar;C:\Users\mspc2\.m2\repository\ch\qos\logback\logback-core\1.5.7\logback-core-1.5.7.jar;C:\Users\mspc2\.m2\repository\org\apache\logging\log4j\log4j-to-slf4j\2.23.1\log4j-to-slf4j-2.23.1.jar;C:\Users\mspc2\.m2\repository\org\apache\logging\log4j\log4j-api\2.23.1\log4j-api-2.23.1.jar;C:\Users\mspc2\.m2\repository\org\slf4j\jul-to-slf4j\2.0.16\jul-to-slf4j-2.0.16.jar;C:\Users\mspc2\.m2\repository\org\yaml\snakeyaml\2.2\snakeyaml-2.2.jar;C:\Users\mspc2\.m2\repository\org\springframework\spring-aop\6.1.12\spring-aop-6.1.12.jar;C:\Users\mspc2\.m2\repository\org\springframework\security\spring-security-config\6.3.3\spring-security-config-6.3.3.jar;C:\Users\mspc2\.m2\repository\org\springframework\security\spring-security-web\6.3.3\spring-security-web-6.3.3.jar;C:\Users\mspc2\.m2\repository\org\springframework\spring-expression\6.1.12\spring-expression-6.1.12.jar;C:\Users\mspc2\.m2\repository\org\springframework\boot\spring-boot-starter-thymeleaf\3.3.3\spring-boot-starter-thymeleaf-3.3.3.jar;C:\Users\mspc2\.m2\repository\org\thymeleaf\thymeleaf-spring6\3.1.2.RELEASE\thymeleaf-spring6-3.1.2.RELEASE.jar;C:\Users\mspc2\.m2\repository\org\thymeleaf\thymeleaf\3.1.2.RELEASE\thymeleaf-3.1.2.RELEASE.jar;C:\Users\mspc2\.m2\repository\org\attoparser\attoparser\2.0.7.RELEASE\attoparser-2.0.7.RELEASE.jar;C:\Users\mspc2\.m2\repository\org\unbescape\unbescape\1.1.6.RELEASE\unbescape-1.1.6.RELEASE.jar;C:\Users\mspc2\.m2\repository\org\springframework\boot\spring-boot-starter-validation\3.3.3\spring-boot-starter-validation-3.3.3.jar;C:\Users\mspc2\.m2\repository\org\apache\tomcat\embed\tomcat-embed-el\10.1.28\tomcat-embed-el-10.1.28.jar;C:\Users\mspc2\.m2\repository\org\hibernate\validator\hibernate-validator\8.0.1.Final\hibernate-validator-8.0.1.Final.jar;C:\Users\mspc2\.m2\repository\jakarta\validation\jakarta.validation-api\3.0.2\jakarta.validation-api-3.0.2.jar;C:\Users\mspc2\.m2\repository\org\springframework\boot\spring-boot-starter-web\3.3.3\spring-boot-starter-web-3.3.3.jar;C:\Users\mspc2\.m2\repository\org\springframework\boot\spring-boot-starter-json\3.3.3\spring-boot-starter-json-3.3.3.jar;C:\Users\mspc2\.m2\repository\com\fasterxml\jackson\datatype\jackson-datatype-jdk8\2.17.2\jackson-datatype-jdk8-2.17.2.jar;C:\Users\mspc2\.m2\repository\com\fasterxml\jackson\datatype\jackson-datatype-jsr310\2.17.2\jackson-datatype-jsr310-2.17.2.jar;C:\Users\mspc2\.m2\repository\com\fasterxml\jackson\module\jackson-module-parameter-names\2.17.2\jackson-module-parameter-names-2.17.2.jar;C:\Users\mspc2\.m2\repository\org\springframework\boot\spring-boot-starter-tomcat\3.3.3\spring-boot-starter-tomcat-3.3.3.jar;C:\Users\mspc2\.m2\repository\org\apache\tomcat\embed\tomcat-embed-core\10.1.28\tomcat-embed-core-10.1.28.jar;C:\Users\mspc2\.m2\repository\org\apache\tomcat\embed\tomcat-embed-websocket\10.1.28\tomcat-embed-websocket-10.1.28.jar;C:\Users\mspc2\.m2\repository\org\springframework\spring-web\6.1.12\spring-web-6.1.12.jar;C:\Users\mspc2\.m2\repository\io\micrometer\micrometer-observation\1.13.3\micrometer-observation-1.13.3.jar;C:\Users\mspc2\.m2\repository\io\micrometer\micrometer-commons\1.13.3\micrometer-commons-1.13.3.jar;C:\Users\mspc2\.m2\repository\org\springframework\spring-webmvc\6.1.12\spring-webmvc-6.1.12.jar;C:\Users\mspc2\.m2\repository\org\springframework\session\spring-session-core\3.3.2\spring-session-core-3.3.2.jar;C:\Users\mspc2\.m2\repository\org\springframework\spring-jcl\6.1.12\spring-jcl-6.1.12.jar;C:\Users\mspc2\.m2\repository\org\thymeleaf\extras\thymeleaf-extras-springsecurity6\3.1.2.RELEASE\thymeleaf-extras-springsecurity6-3.1.2.RELEASE.jar;C:\Users\mspc2\.m2\repository\org\slf4j\slf4j-api\2.0.16\slf4j-api-2.0.16.jar;C:\Users\mspc2\.m2\repository\org\springframework\boot\spring-boot-devtools\3.3.3\spring-boot-devtools-3.3.3.jar;C:\Users\mspc2\.m2\repository\org\springframework\boot\spring-boot\3.3.3\spring-boot-3.3.3.jar;C:\Users\mspc2\.m2\repository\org\springframework\boot\spring-boot-autoconfigure\3.3.3\spring-boot-autoconfigure-3.3.3.jar;C:\Users\mspc2\.m2\repository\org\postgresql\postgresql\42.7.3\postgresql-42.7.3.jar;C:\Users\mspc2\.m2\repository\org\checkerframework\checker-qual\3.42.0\checker-qual-3.42.0.jar;C:\Users\mspc2\.m2\repository\org\projectlombok\lombok\1.18.34\lombok-1.18.34.jar;C:\Users\mspc2\.m2\repository\com\jayway\jsonpath\json-path\2.9.0\json-path-2.9.0.jar;C:\Users\mspc2\.m2\repository\jakarta\xml\bind\jakarta.xml.bind-api\4.0.2\jakarta.xml.bind-api-4.0.2.jar;C:\Users\mspc2\.m2\repository\jakarta\activation\jakarta.activation-api\2.1.3\jakarta.activation-api-2.1.3.jar;C:\Users\mspc2\.m2\repository\net\minidev\json-smart\2.5.1\json-smart-2.5.1.jar;C:\Users\mspc2\.m2\repository\net\minidev\accessors-smart\2.5.1\accessors-smart-2.5.1.jar;C:\Users\mspc2\.m2\repository\org\ow2\asm\asm\9.6\asm-9.6.jar;C:\Users\mspc2\.m2\repository\org\springframework\spring-core\6.1.12\spring-core-6.1.12.jar;C:\Users\mspc2\.m2\repository\org\springframework\security\spring-security-core\6.3.3\spring-security-core-6.3.3.jar;C:\Users\mspc2\.m2\repository\org\springframework\security\spring-security-crypto\6.3.3\spring-security-crypto-6.3.3.jar
Launcher Type: SUN_STANDARD

[Global flags]
     intx CICompilerCount                          = 12                                        {product} {ergonomic}
     uint ConcGCThreads                            = 3                                         {product} {ergonomic}
     uint G1ConcRefinementThreads                  = 13                                        {product} {ergonomic}
   size_t G1HeapRegionSize                         = 4194304                                   {product} {ergonomic}
    uintx GCDrainStackTargetSize                   = 64                                        {product} {ergonomic}
   size_t InitialHeapSize                          = 528482304                                 {product} {ergonomic}
     bool ManagementServer                         = true                                      {product} {command line}
   size_t MarkStackSize                            = 4194304                                   {product} {ergonomic}
   size_t MaxHeapSize                              = 8426356736                                {product} {ergonomic}
   size_t MaxNewSize                               = 5054136320                                {product} {ergonomic}
   size_t MinHeapDeltaBytes                        = 4194304                                   {product} {ergonomic}
   size_t MinHeapSize                              = 8388608                                   {product} {ergonomic}
    uintx NonNMethodCodeHeapSize                   = 4096                                   {pd product} {ergonomic}
    uintx NonProfiledCodeHeapSize                  = 0                                      {pd product} {ergonomic}
     bool ProfileInterpreter                       = false                                  {pd product} {command line}
    uintx ProfiledCodeHeapSize                     = 0                                      {pd product} {ergonomic}
     bool ShowCodeDetailsInExceptionMessages       = true                                   {manageable} {command line}
   size_t SoftMaxHeapSize                          = 8426356736                             {manageable} {ergonomic}
     intx TieredStopAtLevel                        = 1                                         {product} {command line}
     bool UseCompressedOops                        = true                           {product lp64_product} {ergonomic}
     bool UseG1GC                                  = true                                      {product} {ergonomic}
     bool UseLargePagesIndividualAllocation        = false                                  {pd product} {ergonomic}

Logging:
Log output configuration:
 #0: stdout all=warning uptime,level,tags foldmultilines=false
 #1: stderr all=off uptime,level,tags foldmultilines=false

Environment Variables:
JAVA_HOME=C:\Program Files\Java\jdk-21
PATH=C:/pleiades/2023-12/java/17/bin/server;C:/pleiades/2023-12/java/17/bin;C:\Program Files\Common Files\Oracle\Java\javapath;C:\Program Files\Oculus\Support\oculus-runtime;C:\Windows\system32;C:\Windows;C:\Windows\System32\Wbem;C:\Windows\System32\WindowsPowerShell\v1.0\;C:\Windows\System32\OpenSSH\;C:\Program Files\MySQL\MySQL Server 8.3\bin;C:\Program Files\Java\jdk-21\bin;C:\Program Files\Git\cmd;C:\Program Files\nodejs\;C:\Program Files\apache-maven-3.9.9\bin;C:\Users\mspc2\AppData\Local\Programs\Python\Python312\Scripts\;C:\Users\mspc2\AppData\Local\Programs\Python\Python312\;C:\Users\mspc2\AppData\Local\Programs\Python\Launcher\;C:\Users\mspc2\scoop\shims;C:\Users\mspc2\AppData\Local\Microsoft\WindowsApps;C:\Program Files\PostgreSQL\15\bin;C:\Users\mspc2\AppData\Local\Programs\Microsoft VS Code\bin;%ORACLE_HOME%\bin;%ORACLE_HOME%\lib;C:\Users\mspc2\AppData\Roaming\npm;C:\pleiades\2023-12\eclipse;
USERNAME=mspc2
OS=Windows_NT
PROCESSOR_IDENTIFIER=AMD64 Family 25 Model 80 Stepping 0, AuthenticAMD
TMP=C:\Users\mspc2\AppData\Local\Temp
TEMP=C:\Users\mspc2\AppData\Local\Temp




Periodic native trim disabled

---------------  S Y S T E M  ---------------

OS:
 Windows 11 , 64 bit Build 22621 (10.0.22621.3958)
OS uptime: 0 days 15:55 hours
Hyper-V role detected

CPU: total 16 (initial active 16) (16 cores per cpu, 2 threads per core) family 25 model 80 stepping 0 microcode 0x0, cx8, cmov, fxsr, ht, mmx, 3dnowpref, sse, sse2, sse3, ssse3, sse4a, sse4.1, sse4.2, popcnt, lzcnt, tsc, tscinvbit, avx, avx2, aes, erms, clmul, bmi1, bmi2, adx, sha, fma, vzeroupper, clflush, clflushopt, hv, rdtscp, rdpid, fsrm, f16c, cet_ss
Processor Information for all 16 processors :
  Max Mhz: 3801, Current Mhz: 3801, Mhz Limit: 3801

Memory: 4k page, system-wide physical 32129M (16354M free)
TotalPageFile size 36993M (AvailPageFile size 14717M)
current process WorkingSet (physical memory assigned to process): 333M, peak: 485M
current process commit charge ("private bytes"): 384M, peak: 641M

vm_info: OpenJDK 64-Bit Server VM (21.0.2+13-LTS) for windows-amd64 JRE (21.0.2+13-LTS), built on 2024-01-16T00:00:00Z by "admin" with unknown MS VC++:1937

END.
