#
# A fatal error has been detected by the Java Runtime Environment:
#
#  EXCEPTION_ACCESS_VIOLATION (0xc0000005) at pc=0x00007ffd823fc1b6, pid=15352, tid=25276
#
# JRE version: OpenJDK Runtime Environment Temurin-21.0.2+13 (21.0.2+13) (build 21.0.2+13-LTS)
# Java VM: OpenJDK 64-Bit Server VM Temurin-21.0.2+13 (21.0.2+13-LTS, mixed mode, emulated-client, sharing, tiered, compressed oops, compressed class ptrs, g1 gc, windows-amd64)
# Problematic frame:
# V  [jvm.dll+0xc1b6]
#
# No core dump will be written. Minidumps are not enabled by default on client versions of Windows
#
# If you would like to submit a bug report, please visit:
#   https://github.com/adoptium/adoptium-support/issues
#

---------------  S U M M A R Y ------------

Command Line: -XX:+ShowCodeDetailsInExceptionMessages -agentlib:jdwp=transport=dt_socket,suspend=y,address=localhost:56240 -Dcom.sun.management.jmxremote -Dcom.sun.management.jmxremote.port=56239 -Dcom.sun.management.jmxremote.authenticate=false -Dcom.sun.management.jmxremote.ssl=false -Djava.rmi.server.hostname=localhost -Dspring.jmx.enabled=true -Dmanagement.endpoints.jmx.exposure.include=* -Dspring.application.admin.enabled=true -XX:TieredStopAtLevel=1 -Dspring.boot.project.name=AppWish -javaagent:C:\pleiades\2023-12\eclipse\configuration\org.eclipse.osgi\249\0\.cp\lib\javaagent-shaded.jar -Dfile.encoding=UTF-8 -Dstdout.encoding=UTF-8 -Dstderr.encoding=UTF-8 com.example.appwish.AppWishApplication --spring.output.ansi.enabled=always

Host: AMD Ryzen 7 5700G with Radeon Graphics         , 16 cores, 31G,  Windows 11 , 64 bit Build 22621 (10.0.22621.3958)
Time: Sun Sep  8 21:03:49 2024  Windows 11 , 64 bit Build 22621 (10.0.22621.3958) elapsed time: 1290.144428 seconds (0d 0h 21m 30s)

---------------  T H R E A D  ---------------

Current thread (0x000001a1968e8420):  WorkerThread "GC Thread#2"    [id=25276, stack(0x0000002433e00000,0x0000002433f00000) (1024K)]

Stack: [0x0000002433e00000,0x0000002433f00000],  sp=0x0000002433efdcd8,  free space=1015k
Native frames: (J=compiled Java code, j=interpreted, Vv=VM code, C=native code)
V  [jvm.dll+0xc1b6]

JavaThread 0x000001a19f1e7a40 (nid = 5392) was being processed
Java frames: (J=compiled Java code, j=interpreted, Vv=VM code)
j  java.lang.invoke.DirectMethodHandle$Holder.newInvokeSpecial(Ljava/lang/Object;)Ljava/lang/Object;+15 java.base@21.0.2
J 909 c1 jdk.internal.reflect.DirectConstructorHandleAccessor.newInstance([Ljava/lang/Object;)Ljava/lang/Object; java.base@21.0.2 (130 bytes) @ 0x000001a14084686c [0x000001a140846660+0x000000000000020c]
J 908 c1 java.lang.reflect.Constructor.newInstanceWithCaller([Ljava/lang/Object;ZLjava/lang/Class;)Ljava/lang/Object; java.base@21.0.2 (51 bytes) @ 0x000001a140843abc [0x000001a1408439e0+0x00000000000000dc]
J 3498 c1 org.springframework.beans.BeanUtils.instantiateClass(Ljava/lang/reflect/Constructor;[Ljava/lang/Object;)Ljava/lang/Object; (208 bytes) @ 0x000001a140fa138c [0x000001a140fa0e00+0x000000000000058c]
J 8222 c1 org.springframework.beans.factory.support.SimpleInstantiationStrategy.instantiate(Lorg/springframework/beans/factory/support/RootBeanDefinition;Ljava/lang/String;Lorg/springframework/beans/factory/BeanFactory;)Ljava/lang/Object; (123 bytes) @ 0x000001a140e5dfec [0x000001a140e5db20+0x00000000000004cc]
J 8221 c1 org.springframework.beans.factory.support.AbstractAutowireCapableBeanFactory.instantiateBean(Ljava/lang/String;Lorg/springframework/beans/factory/support/RootBeanDefinition;)Lorg/springframework/beans/BeanWrapper; (51 bytes) @ 0x000001a140e5f374 [0x000001a140e5f2c0+0x00000000000000b4]
J 6271 c1 org.springframework.beans.factory.support.AbstractAutowireCapableBeanFactory.createBeanInstance(Ljava/lang/String;Lorg/springframework/beans/factory/support/RootBeanDefinition;[Ljava/lang/Object;)Lorg/springframework/beans/BeanWrapper; (245 bytes) @ 0x000001a141414f04 [0x000001a1414148c0+0x0000000000000644]
J 6270 c1 org.springframework.beans.factory.support.AbstractAutowireCapableBeanFactory.doCreateBean(Ljava/lang/String;Lorg/springframework/beans/factory/support/RootBeanDefinition;[Ljava/lang/Object;)Ljava/lang/Object; (469 bytes) @ 0x000001a14141664c [0x000001a1414164a0+0x00000000000001ac]
J 6269 c1 org.springframework.beans.factory.support.AbstractAutowireCapableBeanFactory.createBean(Ljava/lang/String;Lorg/springframework/beans/factory/support/RootBeanDefinition;[Ljava/lang/Object;)Ljava/lang/Object; (214 bytes) @ 0x000001a14141163c [0x000001a141411140+0x00000000000004fc]
J 6303 c1 org.springframework.beans.factory.support.AbstractBeanFactory$$Lambda+0x000001a152285f70.getObject()Ljava/lang/Object; (20 bytes) @ 0x000001a14142abbc [0x000001a14142ab20+0x000000000000009c]
J 6286 c1 org.springframework.beans.factory.support.DefaultSingletonBeanRegistry.getSingleton(Ljava/lang/String;Lorg/springframework/beans/factory/ObjectFactory;)Ljava/lang/Object; (279 bytes) @ 0x000001a1414207bc [0x000001a141420460+0x000000000000035c]
J 3296 c1 org.springframework.beans.factory.support.AbstractBeanFactory.doGetBean(Ljava/lang/String;Ljava/lang/Class;[Ljava/lang/Object;Z)Ljava/lang/Object; (787 bytes) @ 0x000001a140f3ebb4 [0x000001a140f3e540+0x0000000000000674]
J 5972 c1 org.springframework.beans.factory.support.AbstractBeanFactory.getBean(Ljava/lang/String;)Ljava/lang/Object; (9 bytes) @ 0x000001a141389134 [0x000001a1413890c0+0x0000000000000074]
j  org.springframework.beans.factory.support.DefaultListableBeanFactory.preInstantiateSingletons()V+152
j  org.springframework.context.support.AbstractApplicationContext.finishBeanFactoryInitialization(Lorg/springframework/beans/factory/config/ConfigurableListableBeanFactory;)V+173
j  org.springframework.context.support.AbstractApplicationContext.refresh()V+94
j  org.springframework.boot.web.servlet.context.ServletWebServerApplicationContext.refresh()V+1
j  org.springframework.boot.SpringApplication.refresh(Lorg/springframework/context/ConfigurableApplicationContext;)V+1
j  org.springframework.boot.SpringApplication.refreshContext(Lorg/springframework/context/ConfigurableApplicationContext;)V+16
j  org.springframework.boot.SpringApplication.run([Ljava/lang/String;)Lorg/springframework/context/ConfigurableApplicationContext;+110
j  org.springframework.boot.SpringApplication.run([Ljava/lang/Class;[Ljava/lang/String;)Lorg/springframework/context/ConfigurableApplicationContext;+9
j  org.springframework.boot.SpringApplication.run(Ljava/lang/Class;[Ljava/lang/String;)Lorg/springframework/context/ConfigurableApplicationContext;+9
j  com.example.appwish.AppWishApplication.main([Ljava/lang/String;)V+3
j  java.lang.invoke.LambdaForm$DMH+0x000001a152004c00.invokeStatic(Ljava/lang/Object;Ljava/lang/Object;)V+10 java.base@21.0.2
j  java.lang.invoke.LambdaForm$MH+0x000001a152139000.invoke(Ljava/lang/Object;Ljava/lang/Object;Ljava/lang/Object;)Ljava/lang/Object;+33 java.base@21.0.2
J 4577 c1 jdk.internal.reflect.DirectMethodHandleAccessor.invoke(Ljava/lang/Object;[Ljava/lang/Object;)Ljava/lang/Object; java.base@21.0.2 (92 bytes) @ 0x000001a141162c7c [0x000001a1411628c0+0x00000000000003bc]
J 4617 c1 java.lang.reflect.Method.invoke(Ljava/lang/Object;[Ljava/lang/Object;)Ljava/lang/Object; java.base@21.0.2 (108 bytes) @ 0x000001a141170bf4 [0x000001a141170a00+0x00000000000001f4]
j  org.springframework.boot.devtools.restart.RestartLauncher.run()V+47
v  ~StubRoutines::call_stub 0x000001a1404a100d

siginfo: EXCEPTION_ACCESS_VIOLATION (0xc0000005), reading address 0x000001a1a272d047


Registers:
RAX=0x0000000000000000, RBX=0x0000000000000000, RCX=0x0000002434efdee0, RDX=0x0000002434efdee0
RSP=0x0000002433efdcd8, RBP=0x0000002433efdeb0, RSI=0x0000002433efe080, RDI=0x0000002434efdee0
R8 =0x000001a1a272d03f, R9 =0x0000002434efdee0, R10=0x000001a1404a0000, R11=0x0000002433efdf28
R12=0x000001a151544140, R13=0x0000002434efdee0, R14=0x000001a199b97360, R15=0x000001a1a272d03f
RIP=0x00007ffd823fc1b6, EFLAGS=0x0000000000010206


Register to memory mapping:

RAX=0x0 is null
RBX=0x0 is null
RCX=0x0000002434efdee0 is pointing into the stack for thread: 0x000001a19f1e7a40
RDX=0x0000002434efdee0 is pointing into the stack for thread: 0x000001a19f1e7a40
RSP=0x0000002433efdcd8 points into unknown readable memory: 0x00007ffd827459db | db 59 74 82 fd 7f 00 00
RBP=0x0000002433efdeb0 points into unknown readable memory: 0x0000002400000000 | 00 00 00 00 24 00 00 00
RSI=0x0000002433efe080 points into unknown readable memory: 0x0000002434efded8 | d8 de ef 34 24 00 00 00
RDI=0x0000002434efdee0 is pointing into the stack for thread: 0x000001a19f1e7a40
R8 =0x000001a1a272d03f is an unknown value
R9 =0x0000002434efdee0 is pointing into the stack for thread: 0x000001a19f1e7a40
R10=0x000001a1404a0000 points into unknown readable memory: 0x0000000000000006 | 06 00 00 00 00 00 00 00
R11=0x0000002433efdf28 points into unknown readable memory: 0x00007ffd82703f7d | 7d 3f 70 82 fd 7f 00 00
R12=0x000001a151544140 is pointing into metadata
R13=0x0000002434efdee0 is pointing into the stack for thread: 0x000001a19f1e7a40
R14=0x000001a199b97360 points into unknown readable memory: 0x00007ffd82e127d8 | d8 27 e1 82 fd 7f 00 00
R15=0x000001a1a272d03f is an unknown value

Top of Stack: (sp=0x0000002433efdcd8)
0x0000002433efdcd8:   00007ffd827459db 0000000000000000
0x0000002433efdce8:   0000000000000008 000000000000012f
0x0000002433efdcf8:   00007ffd82aa814f 000000000000012f
0x0000002433efdd08:   0000000000000013 0000000000000001
0x0000002433efdd18:   00007ffd82b82111 00000000aaaaaa85
0x0000002433efdd28:   0000002433efdd88 000001a199c337d8
0x0000002433efdd38:   0000000000000000 000001a1967ffb30
0x0000002433efdd48:   000001a150add170 000001a151544140
0x0000002433efdd58:   0000002434efdee0 0000002433efe080
0x0000002433efdd68:   0000002433efdeb0 000001a199c337d8
0x0000002433efdd78:   00007ffd82753fe4 0000002433efde40
0x0000002433efdd88:   0000002433efe080 000001a151480090
0x0000002433efdd98:   0000000000000000 000001a199c337d8
0x0000002433efdda8:   00007ffd8270452b 0000000000000001
0x0000002433efddb8:   000001a1510b6430 000001a199c337d8
0x0000002433efddc8:   0000002433efe080 0000000f4086de01
0x0000002433efddd8:   000001a1510b6430 000001a1968e8420
0x0000002433efdde8:   000001a100000003 00000000000003d8
0x0000002433efddf8:   000001a150add180 000001a150add558
0x0000002433efde08:   000001a15172d03f 000001a1000000b8
0x0000002433efde18:   000001a1510b6430 00007ffd82e09f00
0x0000002433efde28:   0000002433efe080 000001a199c337d8
0x0000002433efde38:   0000000400000003 000001a151544140
0x0000002433efde48:   0000001300000001 0000000000000032
0x0000002433efde58:   000000010000000c 000001a151480090
0x0000002433efde68:   0000000000000000 000001a196b07b64
0x0000002433efde78:   00002a0300000006 0000000500000003
0x0000002433efde88:   0000ffff0958df00 00007ffd82c45820
0x0000002433efde98:   000001a199c337d8 000001a151017600
0x0000002433efdea8:   0000000650ad0013 0000002400000000
0x0000002433efdeb8:   0000000000000015 000001a199c337d8
0x0000002433efdec8:   00007ffd8275403e 0000000000000000 

Instructions: (pc=0x00007ffd823fc1b6)
0x00007ffd823fc0b6:   48 8b 05 33 43 cc 00 48 8b 48 60 48 8b 04 d1 48
0x00007ffd823fc0c6:   85 c0 75 08 48 8b 05 27 43 cc 00 c3 48 8b 05 17
0x00007ffd823fc0d6:   43 cc 00 c3 cc cc cc cc cc cc 8b 05 d2 1e c1 00
0x00007ffd823fc0e6:   c3 cc cc cc cc cc cc cc cc cc 0f b6 05 23 35 c1
0x00007ffd823fc0f6:   00 48 8b d1 84 c0 74 16 44 8b 41 08 8b 0d b0 1e
0x00007ffd823fc106:   c1 00 49 d3 e0 4c 03 05 9e 1e c1 00 eb 04 4c 8b
0x00007ffd823fc116:   41 08 45 8b 48 08 45 85 c9 7e 0e 41 f6 c1 01 75
0x00007ffd823fc126:   53 41 c1 f9 03 49 63 c1 c3 79 49 84 c0 41 b8 0c
0x00007ffd823fc136:   00 00 00 8b 05 e9 2f c1 00 b9 10 00 00 00 41 0f
0x00007ffd823fc146:   45 c8 ff c8 4c 63 c0 41 8b c1 48 c1 f8 10 0f b6
0x00007ffd823fc156:   c0 48 63 14 11 41 8b c9 83 e1 3f 48 d3 e2 49 8d
0x00007ffd823fc166:   0c 10 49 f7 d0 48 03 c1 49 c1 e8 03 48 c1 e8 03
0x00007ffd823fc176:   49 23 c0 c3 49 8b 00 49 8b c8 48 ff a0 00 01 00
0x00007ffd823fc186:   00 cc cc cc cc cc cc cc cc cc 8b 44 24 30 45 03
0x00007ffd823fc196:   c9 44 2b 4c 24 28 83 c0 0b 44 03 ca 45 03 c8 41
0x00007ffd823fc1a6:   03 c1 c3 cc cc cc cc cc cc cc 4c 8b c2 48 8b d1
0x00007ffd823fc1b6:   45 8b 48 08 45 85 c9 7e 0e 41 f6 c1 01 75 56 41
0x00007ffd823fc1c6:   c1 f9 03 49 63 c1 c3 79 4c 80 3d 44 34 c1 00 00
0x00007ffd823fc1d6:   b8 0c 00 00 00 b9 10 00 00 00 0f 45 c8 8b 05 3f
0x00007ffd823fc1e6:   2f c1 00 ff c8 4c 63 c0 41 8b c1 48 c1 f8 10 48
0x00007ffd823fc1f6:   63 14 11 41 8b c9 83 e1 3f 0f b6 c0 48 d3 e2 49
0x00007ffd823fc206:   8d 0c 10 49 f7 d0 48 03 c1 49 c1 e8 03 48 c1 e8
0x00007ffd823fc216:   03 49 23 c0 c3 49 8b 00 49 8b c8 48 ff a0 00 01
0x00007ffd823fc226:   00 00 cc cc cc cc cc cc cc cc 48 8b 41 08 0f b7
0x00007ffd823fc236:   48 2c 0f b7 40 2a 83 c0 48 03 c1 c3 cc cc cc cc
0x00007ffd823fc246:   cc cc cc cc cc cc cc cc cc cc 48 89 5c 24 08 57
0x00007ffd823fc256:   48 83 ec 20 0f b6 05 df 2a cc 00 48 8b fa 48 8b
0x00007ffd823fc266:   d9 84 c0 74 4f 48 85 15 86 22 cc 00 74 38 48 8b
0x00007ffd823fc276:   ca e8 84 84 8c 00 48 8b d0 48 85 db 74 25 48 85
0x00007ffd823fc286:   c0 74 20 48 8b c7 f0 48 0f b1 13 74 16 48 85 05
0x00007ffd823fc296:   5e 22 cc 00 74 0d 48 8b c8 f0 48 0f b1 13 48 3b
0x00007ffd823fc2a6:   c1 75 ea 48 8b fa 48 8b c7 48 8b 5c 24 30 48 83 


Stack slot to memory mapping:

stack at sp + 0 slots: 0x00007ffd827459db jvm.dll
stack at sp + 1 slots: 0x0 is null
stack at sp + 2 slots: 0x0000000000000008 is an unknown value
stack at sp + 3 slots: 0x000000000000012f is an unknown value
stack at sp + 4 slots: 0x00007ffd82aa814f jvm.dll
stack at sp + 5 slots: 0x000000000000012f is an unknown value
stack at sp + 6 slots: 0x0000000000000013 is an unknown value
stack at sp + 7 slots: 0x0000000000000001 is an unknown value


---------------  P R O C E S S  ---------------

Threads class SMR info:
_java_thread_list=0x000001a199c44100, length=32, elements={
0x000001a14daaa040, 0x000001a14daabf20, 0x000001a14daaebb0, 0x000001a14dab2730,
0x000001a14dab4410, 0x000001a14dab94b0, 0x000001a14dadc800, 0x000001a1509ed110,
0x000001a150ac56e0, 0x000001a150ad2790, 0x000001a150ad4d90, 0x000001a196642bf0,
0x000001a1968a57d0, 0x000001a19695acb0, 0x000001a196961090, 0x000001a1970c5540,
0x000001a1970c8780, 0x000001a1970c8e10, 0x000001a199e85e30, 0x000001a199e87870,
0x000001a199e84a80, 0x000001a199e86b50, 0x000001a19f1e38a0, 0x000001a19f1e17d0,
0x000001a19f1e6000, 0x000001a19f1e5970, 0x000001a19f1e73b0, 0x000001a19f1e7a40,
0x000001a19f1e45c0, 0x000001a19f1e8df0, 0x000001a19f1e1e60, 0x000001a19f1e24f0
}

Java Threads: ( => current thread )
  0x000001a14daaa040 JavaThread "Reference Handler"          daemon [_thread_blocked, id=30896, stack(0x0000002432e00000,0x0000002432f00000) (1024K)]
  0x000001a14daabf20 JavaThread "Finalizer"                  daemon [_thread_blocked, id=17120, stack(0x0000002432f00000,0x0000002433000000) (1024K)]
  0x000001a14daaebb0 JavaThread "Signal Dispatcher"          daemon [_thread_blocked, id=24384, stack(0x0000002433000000,0x0000002433100000) (1024K)]
  0x000001a14dab2730 JavaThread "Attach Listener"            daemon [_thread_blocked, id=26460, stack(0x0000002433100000,0x0000002433200000) (1024K)]
  0x000001a14dab4410 JavaThread "Service Thread"             daemon [_thread_blocked, id=11520, stack(0x0000002433200000,0x0000002433300000) (1024K)]
  0x000001a14dab94b0 JavaThread "Monitor Deflation Thread"   daemon [_thread_blocked, id=20028, stack(0x0000002433300000,0x0000002433400000) (1024K)]
  0x000001a14dadc800 JavaThread "C1 CompilerThread0"         daemon [_thread_blocked, id=16348, stack(0x0000002433400000,0x0000002433500000) (1024K)]
  0x000001a1509ed110 JavaThread "Common-Cleaner"             daemon [_thread_blocked, id=18452, stack(0x0000002433500000,0x0000002433600000) (1024K)]
  0x000001a150ac56e0 JavaThread "JDWP Transport Listener: dt_socket" daemon [_thread_blocked, id=16864, stack(0x0000002433800000,0x0000002433900000) (1024K)]
  0x000001a150ad2790 JavaThread "JDWP Event Helper Thread"   daemon [_thread_blocked, id=6216, stack(0x0000002433900000,0x0000002433a00000) (1024K)]
  0x000001a150ad4d90 JavaThread "JDWP Command Reader"        daemon [_thread_in_native, id=26680, stack(0x0000002433a00000,0x0000002433b00000) (1024K)]
  0x000001a196642bf0 JavaThread "Notification Thread"        daemon [_thread_blocked, id=31580, stack(0x0000002433b00000,0x0000002433c00000) (1024K)]
  0x000001a1968a57d0 JavaThread "RMI TCP Accept-0"           daemon [_thread_in_native, id=29464, stack(0x0000002434800000,0x0000002434900000) (1024K)]
  0x000001a19695acb0 JavaThread "RMI TCP Accept-56239"       daemon [_thread_in_native, id=4288, stack(0x0000002434900000,0x0000002434a00000) (1024K)]
  0x000001a196961090 JavaThread "RMI TCP Accept-0"           daemon [_thread_in_native, id=19600, stack(0x0000002434a00000,0x0000002434b00000) (1024K)]
  0x000001a1970c5540 JavaThread "RMI Scheduler(0)"           daemon [_thread_blocked, id=31060, stack(0x0000002435000000,0x0000002435100000) (1024K)]
  0x000001a1970c8780 JavaThread "RMI TCP Connection(idle)"   daemon [_thread_blocked, id=31104, stack(0x0000002435100000,0x0000002435200000) (1024K)]
  0x000001a1970c8e10 JavaThread "JMX server connection timeout 56" daemon [_thread_blocked, id=2888, stack(0x0000002435200000,0x0000002435300000) (1024K)]
  0x000001a199e85e30 JavaThread "DestroyJavaVM"                     [_thread_blocked, id=8528, stack(0x0000002432600000,0x0000002432700000) (1024K)]
  0x000001a199e87870 JavaThread "File Watcher"               daemon [_thread_blocked, id=13068, stack(0x0000002432500000,0x0000002432600000) (1024K)]
  0x000001a199e84a80 JavaThread "File Watcher"               daemon [_thread_blocked, id=13580, stack(0x0000002433600000,0x0000002433700000) (1024K)]
  0x000001a199e86b50 JavaThread "File Watcher"               daemon [_thread_blocked, id=19144, stack(0x0000002433700000,0x0000002433800000) (1024K)]
  0x000001a19f1e38a0 JavaThread "Thread-30"                         [_thread_blocked, id=28508, stack(0x0000002432300000,0x0000002432400000) (1024K)]
  0x000001a19f1e17d0 JavaThread "File Watcher"               daemon [_thread_blocked, id=24136, stack(0x0000002433c00000,0x0000002433d00000) (1024K)]
  0x000001a19f1e6000 JavaThread "File Watcher"               daemon [_thread_blocked, id=10020, stack(0x0000002434c00000,0x0000002434d00000) (1024K)]
  0x000001a19f1e5970 JavaThread "PostgreSQL-JDBC-Cleaner"    daemon [_thread_blocked, id=10012, stack(0x0000002435700000,0x0000002435800000) (1024K)]
  0x000001a19f1e73b0 JavaThread "File Watcher"               daemon [_thread_blocked, id=26948, stack(0x0000002434d00000,0x0000002434e00000) (1024K)]
  0x000001a19f1e7a40 JavaThread "restartedMain"                     [_thread_blocked, id=5392, stack(0x0000002434e00000,0x0000002434f00000) (1024K)]
  0x000001a19f1e45c0 JavaThread "Catalina-utility-1"                [_thread_blocked, id=7476, stack(0x0000002435600000,0x0000002435700000) (1024K)]
  0x000001a19f1e8df0 JavaThread "Catalina-utility-2"                [_thread_blocked, id=11676, stack(0x0000002435800000,0x0000002435900000) (1024K)]
  0x000001a19f1e1e60 JavaThread "container-6"                       [_thread_blocked, id=18884, stack(0x0000002435900000,0x0000002435a00000) (1024K)]
  0x000001a19f1e24f0 JavaThread "HikariPool-13 housekeeper"  daemon [_thread_blocked, id=27016, stack(0x0000002435b00000,0x0000002435c00000) (1024K)]
Total: 32

Other Threads:
  0x000001a14da8b630 VMThread "VM Thread"                           [id=14984, stack(0x0000002432d00000,0x0000002432e00000) (1024K)]
  0x000001a14da77ab0 WatcherThread "VM Periodic Task Thread"        [id=30428, stack(0x0000002432c00000,0x0000002432d00000) (1024K)]
  0x000001a137e83ca0 WorkerThread "GC Thread#0"                     [id=23724, stack(0x0000002432700000,0x0000002432800000) (1024K)]
  0x000001a1968d4440 WorkerThread "GC Thread#1"                     [id=12780, stack(0x0000002433d00000,0x0000002433e00000) (1024K)]
=>0x000001a1968e8420 WorkerThread "GC Thread#2"                     [id=25276, stack(0x0000002433e00000,0x0000002433f00000) (1024K)]
  0x000001a1968e87c0 WorkerThread "GC Thread#3"                     [id=20236, stack(0x0000002433f00000,0x0000002434000000) (1024K)]
  0x000001a1968e8b60 WorkerThread "GC Thread#4"                     [id=30768, stack(0x0000002434000000,0x0000002434100000) (1024K)]
  0x000001a1968e8f00 WorkerThread "GC Thread#5"                     [id=19832, stack(0x0000002434100000,0x0000002434200000) (1024K)]
  0x000001a1968e96b0 WorkerThread "GC Thread#6"                     [id=29936, stack(0x0000002434200000,0x0000002434300000) (1024K)]
  0x000001a1968ea270 WorkerThread "GC Thread#7"                     [id=19132, stack(0x0000002434300000,0x0000002434400000) (1024K)]
  0x000001a1968eb4e0 WorkerThread "GC Thread#8"                     [id=2600, stack(0x0000002434400000,0x0000002434500000) (1024K)]
  0x000001a1968eaa00 WorkerThread "GC Thread#9"                     [id=27616, stack(0x0000002434500000,0x0000002434600000) (1024K)]
  0x000001a1968ea660 WorkerThread "GC Thread#10"                    [id=5492, stack(0x0000002434600000,0x0000002434700000) (1024K)]
  0x000001a1968eb880 WorkerThread "GC Thread#11"                    [id=24216, stack(0x0000002434700000,0x0000002434800000) (1024K)]
  0x000001a1968ebc20 WorkerThread "GC Thread#12"                    [id=21216, stack(0x0000002434b00000,0x0000002434c00000) (1024K)]
  0x000001a137e8e350 ConcurrentGCThread "G1 Main Marker"            [id=13544, stack(0x0000002432800000,0x0000002432900000) (1024K)]
  0x000001a14d925010 WorkerThread "G1 Conc#0"                       [id=844, stack(0x0000002432900000,0x0000002432a00000) (1024K)]
  0x000001a1973b2530 WorkerThread "G1 Conc#1"                       [id=15324, stack(0x0000002435300000,0x0000002435400000) (1024K)]
  0x000001a1973b28d0 WorkerThread "G1 Conc#2"                       [id=33536, stack(0x0000002435400000,0x0000002435500000) (1024K)]
  0x000001a14d9cc830 ConcurrentGCThread "G1 Refine#0"               [id=16800, stack(0x0000002432a00000,0x0000002432b00000) (1024K)]
  0x000001a14d9cd3a0 ConcurrentGCThread "G1 Service"                [id=7916, stack(0x0000002432b00000,0x0000002432c00000) (1024K)]
Total: 21

Threads with active compile tasks:
Total: 0

VM state: at safepoint (normal execution)

VM Mutex/Monitor currently owned by a thread:  ([mutex/lock_event])
[0x00007ffd83093198] Threads_lock - owner thread: 0x000001a14da8b630
[0x00007ffd83093298] Heap_lock - owner thread: 0x000001a199e87870

Heap address: 0x0000000609c00000, size: 8036 MB, Compressed Oops mode: Zero based, Oop shift amount: 3

CDS archive(s) mapped at: [0x000001a151000000-0x000001a151c90000-0x000001a151c90000), size 13172736, SharedBaseAddress: 0x000001a151000000, ArchiveRelocationMode: 1.
Compressed class space mapped at: 0x000001a152000000-0x000001a192000000, reserved size: 1073741824
Narrow klass base: 0x000001a151000000, Narrow klass shift: 0, Narrow klass range: 0x100000000

GC Precious Log:
 CardTable entry size: 512
 Card Set container configuration: InlinePtr #cards 4 size 8 Array Of Cards #cards 32 size 80 Howl #buckets 8 coarsen threshold 7372 Howl Bitmap #cards 1024 size 144 coarsen threshold 921 Card regions per heap region 1 cards per card region 8192
 CPUs: 16 total, 16 available
 Memory: 32129M
 Large Page Support: Disabled
 NUMA Support: Disabled
 Compressed Oops: Enabled (Zero based)
 Heap Region Size: 4M
 Heap Min Capacity: 8M
 Heap Initial Capacity: 504M
 Heap Max Capacity: 8036M
 Pre-touch: Disabled
 Parallel Workers: 13
 Concurrent Workers: 3
 Concurrent Refinement Workers: 13
 Periodic GC: Disabled

Heap:
 garbage-first heap   total 110592K, used 85706K [0x0000000609c00000, 0x0000000800000000)
  region size 4096K, 10 young (40960K), 1 survivors (4096K)
 Metaspace       used 85058K, committed 85888K, reserved 1179648K
  class space    used 11887K, committed 12224K, reserved 1048576K

Heap Regions: E=young(eden), S=young(survivor), O=old, HS=humongous(starts), HC=humongous(continues), CS=collection set, F=free, TAMS=top-at-mark-start, PB=parsable bottom
|   0|0x0000000609c00000, 0x0000000609ffffc8, 0x000000060a000000| 99%| O|  |TAMS 0x0000000609c00000| PB 0x0000000609c00000| Untracked 
|   1|0x000000060a000000, 0x000000060a3ffff8, 0x000000060a400000| 99%| O|  |TAMS 0x000000060a000000| PB 0x000000060a000000| Untracked 
|   2|0x000000060a400000, 0x000000060a7fff98, 0x000000060a800000| 99%| O|  |TAMS 0x000000060a400000| PB 0x000000060a400000| Untracked 
|   3|0x000000060a800000, 0x000000060abfffe0, 0x000000060ac00000| 99%| O|  |TAMS 0x000000060a800000| PB 0x000000060a800000| Untracked 
|   4|0x000000060ac00000, 0x000000060afffff8, 0x000000060b000000| 99%| O|  |TAMS 0x000000060ac00000| PB 0x000000060ac00000| Untracked 
|   5|0x000000060b000000, 0x000000060b3ffff0, 0x000000060b400000| 99%| O|  |TAMS 0x000000060b000000| PB 0x000000060b000000| Untracked 
|   6|0x000000060b400000, 0x000000060b800000, 0x000000060b800000|100%| O|  |TAMS 0x000000060b400000| PB 0x000000060b400000| Untracked 
|   7|0x000000060b800000, 0x000000060b945338, 0x000000060bc00000| 31%| O|  |TAMS 0x000000060b800000| PB 0x000000060b800000| Untracked 
|   8|0x000000060bc00000, 0x000000060bd5a158, 0x000000060c000000| 33%| O|  |TAMS 0x000000060bc00000| PB 0x000000060bc00000| Untracked 
|   9|0x000000060c000000, 0x000000060c400000, 0x000000060c400000|100%| O|  |TAMS 0x000000060c000000| PB 0x000000060c000000| Untracked 
|  10|0x000000060c400000, 0x000000060c800000, 0x000000060c800000|100%| O|  |TAMS 0x000000060c400000| PB 0x000000060c400000| Untracked 
|  11|0x000000060c800000, 0x000000060cc00000, 0x000000060cc00000|100%| O|  |TAMS 0x000000060c800000| PB 0x000000060c800000| Untracked 
|  12|0x000000060cc00000, 0x000000060cdfa910, 0x000000060d000000| 49%| O|  |TAMS 0x000000060cc00000| PB 0x000000060cc00000| Untracked 
|  13|0x000000060d000000, 0x000000060d000000, 0x000000060d400000|  0%| F|  |TAMS 0x000000060d000000| PB 0x000000060d000000| Untracked 
|  14|0x000000060d400000, 0x000000060d5be950, 0x000000060d800000| 43%| E|CS|TAMS 0x000000060d400000| PB 0x000000060d400000| Complete 
|  15|0x000000060d800000, 0x000000060d800000, 0x000000060dc00000|  0%| F|  |TAMS 0x000000060d800000| PB 0x000000060d800000| Untracked 
|  16|0x000000060dc00000, 0x000000060dfc23e0, 0x000000060e000000| 93%| S|  |TAMS 0x000000060dc00000| PB 0x000000060dc00000| Complete 
|  17|0x000000060e000000, 0x000000060e400000, 0x000000060e400000|100%| E|CS|TAMS 0x000000060e000000| PB 0x000000060e000000| Complete 
|  18|0x000000060e400000, 0x000000060e800000, 0x000000060e800000|100%| E|CS|TAMS 0x000000060e400000| PB 0x000000060e400000| Complete 
|  19|0x000000060e800000, 0x000000060ec00000, 0x000000060ec00000|100%| E|CS|TAMS 0x000000060e800000| PB 0x000000060e800000| Complete 
|  20|0x000000060ec00000, 0x000000060f000000, 0x000000060f000000|100%| E|CS|TAMS 0x000000060ec00000| PB 0x000000060ec00000| Complete 
|  21|0x000000060f000000, 0x000000060f400000, 0x000000060f400000|100%| E|CS|TAMS 0x000000060f000000| PB 0x000000060f000000| Complete 
|  22|0x000000060f400000, 0x000000060f800000, 0x000000060f800000|100%| E|CS|TAMS 0x000000060f400000| PB 0x000000060f400000| Complete 
|  23|0x000000060f800000, 0x000000060fc00000, 0x000000060fc00000|100%| E|CS|TAMS 0x000000060f800000| PB 0x000000060f800000| Complete 
|  24|0x000000060fc00000, 0x0000000610000000, 0x0000000610000000|100%| E|CS|TAMS 0x000000060fc00000| PB 0x000000060fc00000| Complete 
|  25|0x0000000610000000, 0x0000000610400000, 0x0000000610400000|100%| E|CS|TAMS 0x0000000610000000| PB 0x0000000610000000| Complete 
|  26|0x0000000610400000, 0x0000000610800000, 0x0000000610800000|100%| E|CS|TAMS 0x0000000610400000| PB 0x0000000610400000| Complete 

Card table byte_map: [0x000001a144ac0000,0x000001a145a80000] _byte_map_base: 0x000001a141a72000

Marking Bits: (CMBitMap*) 0x000001a137e843a0
 Bits: [0x000001a145a80000, 0x000001a14d810000)

Polling page: 0x000001a135d70000

Metaspace:

Usage:
  Non-class:     71.46 MB used.
      Class:     11.61 MB used.
       Both:     83.06 MB used.

Virtual space:
  Non-class space:      128.00 MB reserved,      71.94 MB ( 56%) committed,  2 nodes.
      Class space:        1.00 GB reserved,      11.94 MB (  1%) committed,  1 nodes.
             Both:        1.12 GB reserved,      83.88 MB (  7%) committed. 

Chunk freelists:
   Non-Class:  7.29 MB
       Class:  3.95 MB
        Both:  11.24 MB

MaxMetaspaceSize: unlimited
CompressedClassSpaceSize: 1.00 GB
Initial GC threshold: 21.00 MB
Current GC threshold: 137.19 MB
CDS: on
 - commit_granule_bytes: 65536.
 - commit_granule_words: 8192.
 - virtual_space_node_default_size: 8388608.
 - enlarge_chunks_in_place: 1.
 - use_allocation_guard: 0.


Internal statistics:

num_allocs_failed_limit: 6.
num_arena_births: 1506.
num_arena_deaths: 558.
num_vsnodes_births: 3.
num_vsnodes_deaths: 0.
num_space_committed: 1342.
num_space_uncommitted: 0.
num_chunks_returned_to_freelist: 641.
num_chunks_taken_from_freelist: 5025.
num_chunk_merges: 162.
num_chunk_splits: 3291.
num_chunks_enlarged: 2547.
num_inconsistent_stats: 0.

CodeCache: size=49152Kb used=19101Kb max_used=20788Kb free=30050Kb
 bounds [0x000001a1404a0000, 0x000001a1419b0000, 0x000001a1434a0000]
 total_blobs=10441 nmethods=9702 adapters=659
 compilation: enabled
              stopped_count=0, restarted_count=0
 full_count=0

Compilation events (20 events):
Event: 1170.617 Thread 0x000001a1971d2e20 12718       1       java.text.DigitList::append (59 bytes)
Event: 1170.617 Thread 0x000001a1971d2e20 nmethod 12718 0x000001a141758e10 code [0x000001a141758fc0, 0x000001a141759290]
Event: 1170.765 Thread 0x000001a14dadc800 12719       1       java.lang.invoke.LambdaForm$DMH/0x000001a152a92000::newInvokeSpecial (27 bytes)
Event: 1170.765 Thread 0x000001a14dadc800 nmethod 12719 0x000001a141758a10 code [0x000001a141758bc0, 0x000001a141758cd0]
Event: 1170.888 Thread 0x000001a14dadc800 12720       1       sun.nio.ch.NioSocketImpl::booleanValue (43 bytes)
Event: 1170.888 Thread 0x000001a14dadc800 nmethod 12720 0x000001a141758210 code [0x000001a141758400, 0x000001a1417587b8]
Event: 1170.991 Thread 0x000001a196aaa600 12721       1       org.postgresql.core.ServerVersion::parseServerVersionStr (365 bytes)
Event: 1170.992 Thread 0x000001a196aaa600 nmethod 12721 0x000001a141756690 code [0x000001a141756a20, 0x000001a141757918]
Event: 1171.004 Thread 0x000001a196aaa600 12722       1       java.util.Calendar::setFieldsComputed (118 bytes)
Event: 1171.004 Thread 0x000001a196aaa600 nmethod 12722 0x000001a141756010 code [0x000001a1417561c0, 0x000001a141756428]
Event: 1171.080 Thread 0x000001a14dadc800 12723       1       sun.util.calendar.BaseCalendar::isLeapYear (5 bytes)
Event: 1171.080 Thread 0x000001a196aaa600 12724       1       sun.util.calendar.CalendarUtils::isGregorianLeapYear (27 bytes)
Event: 1171.080 Thread 0x000001a196aaa600 nmethod 12724 0x000001a141755c10 code [0x000001a141755da0, 0x000001a141755ef0]
Event: 1171.080 Thread 0x000001a14dadc800 nmethod 12723 0x000001a141755810 code [0x000001a1417559a0, 0x000001a141755b10]
Event: 1231.009 Thread 0x000001a14dadc800 12725       1       org.springframework.boot.devtools.filewatch.DirectorySnapshot::getDirectory (5 bytes)
Event: 1231.010 Thread 0x000001a14dadc800 nmethod 12725 0x000001a141755510 code [0x000001a1417556a0, 0x000001a141755770]
Event: 1261.147 Thread 0x000001a14dadc800 12726       1       java.net.InetSocketAddress::checkPort (39 bytes)
Event: 1261.147 Thread 0x000001a14dadc800 nmethod 12726 0x000001a141754e90 code [0x000001a141755080, 0x000001a141755370]
Event: 1261.147 Thread 0x000001a14dadc800 12727       1       java.net.InetSocketAddress$InetSocketAddressHolder::<init> (20 bytes)
Event: 1261.147 Thread 0x000001a14dadc800 nmethod 12727 0x000001a141754b10 code [0x000001a141754ca0, 0x000001a141754e10]

GC Heap History (20 events):
Event: 843.554 GC heap after
{Heap after GC invocations=34 (full 5):
 garbage-first heap   total 110592K, used 36288K [0x0000000609c00000, 0x0000000800000000)
  region size 4096K, 2 young (8192K), 2 survivors (8192K)
 Metaspace       used 83019K, committed 83968K, reserved 1179648K
  class space    used 11677K, committed 12160K, reserved 1048576K
}
Event: 886.079 GC heap before
{Heap before GC invocations=34 (full 5):
 garbage-first heap   total 110592K, used 89536K [0x0000000609c00000, 0x0000000800000000)
  region size 4096K, 15 young (61440K), 2 survivors (8192K)
 Metaspace       used 83358K, committed 84224K, reserved 1179648K
  class space    used 11708K, committed 12160K, reserved 1048576K
}
Event: 886.081 GC heap after
{Heap after GC invocations=35 (full 5):
 garbage-first heap   total 110592K, used 39054K [0x0000000609c00000, 0x0000000800000000)
  region size 4096K, 2 young (8192K), 2 survivors (8192K)
 Metaspace       used 83358K, committed 84224K, reserved 1179648K
  class space    used 11708K, committed 12160K, reserved 1048576K
}
Event: 937.392 GC heap before
{Heap before GC invocations=35 (full 5):
 garbage-first heap   total 110592K, used 47246K [0x0000000609c00000, 0x0000000800000000)
  region size 4096K, 5 young (20480K), 2 survivors (8192K)
 Metaspace       used 83371K, committed 84288K, reserved 1179648K
  class space    used 11710K, committed 12160K, reserved 1048576K
}
Event: 937.455 GC heap after
{Heap after GC invocations=36 (full 6):
 garbage-first heap   total 110592K, used 31356K [0x0000000609c00000, 0x0000000800000000)
  region size 4096K, 0 young (0K), 0 survivors (0K)
 Metaspace       used 83362K, committed 84288K, reserved 1179648K
  class space    used 11709K, committed 12160K, reserved 1048576K
}
Event: 937.913 GC heap before
{Heap before GC invocations=36 (full 6):
 garbage-first heap   total 110592K, used 84604K [0x0000000609c00000, 0x0000000800000000)
  region size 4096K, 14 young (57344K), 0 survivors (0K)
 Metaspace       used 83508K, committed 84352K, reserved 1179648K
  class space    used 11730K, committed 12160K, reserved 1048576K
}
Event: 937.915 GC heap after
{Heap after GC invocations=37 (full 6):
 garbage-first heap   total 110592K, used 36294K [0x0000000609c00000, 0x0000000800000000)
  region size 4096K, 2 young (8192K), 2 survivors (8192K)
 Metaspace       used 83508K, committed 84352K, reserved 1179648K
  class space    used 11730K, committed 12160K, reserved 1048576K
}
Event: 946.989 GC heap before
{Heap before GC invocations=37 (full 6):
 garbage-first heap   total 110592K, used 85446K [0x0000000609c00000, 0x0000000800000000)
  region size 4096K, 14 young (57344K), 2 survivors (8192K)
 Metaspace       used 83897K, committed 84736K, reserved 1179648K
  class space    used 11768K, committed 12160K, reserved 1048576K
}
Event: 946.992 GC heap after
{Heap after GC invocations=38 (full 6):
 garbage-first heap   total 110592K, used 39053K [0x0000000609c00000, 0x0000000800000000)
  region size 4096K, 1 young (4096K), 1 survivors (4096K)
 Metaspace       used 83897K, committed 84736K, reserved 1179648K
  class space    used 11768K, committed 12160K, reserved 1048576K
}
Event: 1022.969 GC heap before
{Heap before GC invocations=38 (full 6):
 garbage-first heap   total 110592K, used 92301K [0x0000000609c00000, 0x0000000800000000)
  region size 4096K, 14 young (57344K), 1 survivors (4096K)
 Metaspace       used 84205K, committed 85056K, reserved 1179648K
  class space    used 11795K, committed 12160K, reserved 1048576K
}
Event: 1022.971 GC heap after
{Heap after GC invocations=39 (full 6):
 garbage-first heap   total 110592K, used 39760K [0x0000000609c00000, 0x0000000800000000)
  region size 4096K, 2 young (8192K), 2 survivors (8192K)
 Metaspace       used 84205K, committed 85056K, reserved 1179648K
  class space    used 11795K, committed 12160K, reserved 1048576K
}
Event: 1151.517 GC heap before
{Heap before GC invocations=39 (full 6):
 garbage-first heap   total 110592K, used 84816K [0x0000000609c00000, 0x0000000800000000)
  region size 4096K, 13 young (53248K), 2 survivors (8192K)
 Metaspace       used 84248K, committed 85056K, reserved 1179648K
  class space    used 11807K, committed 12160K, reserved 1048576K
}
Event: 1151.519 GC heap after
{Heap after GC invocations=40 (full 6):
 garbage-first heap   total 110592K, used 41568K [0x0000000609c00000, 0x0000000800000000)
  region size 4096K, 1 young (4096K), 1 survivors (4096K)
 Metaspace       used 84248K, committed 85056K, reserved 1179648K
  class space    used 11807K, committed 12160K, reserved 1048576K
}
Event: 1151.970 GC heap before
{Heap before GC invocations=40 (full 6):
 garbage-first heap   total 110592K, used 86624K [0x0000000609c00000, 0x0000000800000000)
  region size 4096K, 13 young (53248K), 1 survivors (4096K)
 Metaspace       used 84508K, committed 85376K, reserved 1179648K
  class space    used 11834K, committed 12224K, reserved 1048576K
}
Event: 1151.971 GC heap after
{Heap after GC invocations=41 (full 6):
 garbage-first heap   total 110592K, used 44448K [0x0000000609c00000, 0x0000000800000000)
  region size 4096K, 2 young (8192K), 2 survivors (8192K)
 Metaspace       used 84508K, committed 85376K, reserved 1179648K
  class space    used 11834K, committed 12224K, reserved 1048576K
}
Event: 1170.135 GC heap before
{Heap before GC invocations=41 (full 6):
 garbage-first heap   total 110592K, used 81312K [0x0000000609c00000, 0x0000000800000000)
  region size 4096K, 12 young (49152K), 2 survivors (8192K)
 Metaspace       used 84721K, committed 85568K, reserved 1179648K
  class space    used 11858K, committed 12224K, reserved 1048576K
}
Event: 1170.137 GC heap after
{Heap after GC invocations=42 (full 6):
 garbage-first heap   total 110592K, used 46199K [0x0000000609c00000, 0x0000000800000000)
  region size 4096K, 2 young (8192K), 2 survivors (8192K)
 Metaspace       used 84721K, committed 85568K, reserved 1179648K
  class space    used 11858K, committed 12224K, reserved 1048576K
}
Event: 1170.473 GC heap before
{Heap before GC invocations=42 (full 6):
 garbage-first heap   total 110592K, used 83063K [0x0000000609c00000, 0x0000000800000000)
  region size 4096K, 11 young (45056K), 2 survivors (8192K)
 Metaspace       used 84967K, committed 85824K, reserved 1179648K
  class space    used 11880K, committed 12224K, reserved 1048576K
}
Event: 1170.476 GC heap after
{Heap after GC invocations=43 (full 6):
 garbage-first heap   total 110592K, used 48842K [0x0000000609c00000, 0x0000000800000000)
  region size 4096K, 2 young (8192K), 2 survivors (8192K)
 Metaspace       used 84967K, committed 85824K, reserved 1179648K
  class space    used 11880K, committed 12224K, reserved 1048576K
}
Event: 1290.125 GC heap before
{Heap before GC invocations=43 (full 6):
 garbage-first heap   total 110592K, used 85706K [0x0000000609c00000, 0x0000000800000000)
  region size 4096K, 11 young (45056K), 2 survivors (8192K)
 Metaspace       used 85058K, committed 85888K, reserved 1179648K
  class space    used 11887K, committed 12224K, reserved 1048576K
}

Dll operation events (12 events):
Event: 0.006 Loaded shared library C:\pleiades\2023-12\java\21\bin\java.dll
Event: 0.205 Loaded shared library C:\pleiades\2023-12\java\21\bin\zip.dll
Event: 0.210 Loaded shared library C:\pleiades\2023-12\java\21\bin\instrument.dll
Event: 0.214 Loaded shared library C:\pleiades\2023-12\java\21\bin\net.dll
Event: 0.215 Loaded shared library C:\pleiades\2023-12\java\21\bin\nio.dll
Event: 0.217 Loaded shared library C:\pleiades\2023-12\java\21\bin\zip.dll
Event: 0.322 Loaded shared library C:\pleiades\2023-12\java\21\bin\jimage.dll
Event: 0.355 Loaded shared library C:\pleiades\2023-12\java\21\bin\management.dll
Event: 0.364 Loaded shared library C:\pleiades\2023-12\java\21\bin\management_ext.dll
Event: 0.492 Loaded shared library C:\pleiades\2023-12\java\21\bin\verify.dll
Event: 0.561 Loaded shared library C:\pleiades\2023-12\java\21\bin\extnet.dll
Event: 1.435 Loaded shared library C:\pleiades\2023-12\java\21\bin\sunmscapi.dll

Deoptimization events (20 events):
Event: 1170.486 Thread 0x000001a19f1e7a40 DEOPT PACKING pc=0x000001a1409b5e8c sp=0x0000002434efbc30
Event: 1170.486 Thread 0x000001a19f1e7a40 DEOPT UNPACKING pc=0x000001a1404f4e42 sp=0x0000002434efb108 mode 1
Event: 1170.486 Thread 0x000001a19f1e7a40 DEOPT PACKING pc=0x000001a1409f54ac sp=0x0000002434efbd80
Event: 1170.486 Thread 0x000001a19f1e7a40 DEOPT UNPACKING pc=0x000001a1404f4e42 sp=0x0000002434efb228 mode 1
Event: 1170.486 Thread 0x000001a19f1e7a40 DEOPT PACKING pc=0x000001a1409b6214 sp=0x0000002434efc800
Event: 1170.486 Thread 0x000001a19f1e7a40 DEOPT UNPACKING pc=0x000001a1404f4e42 sp=0x0000002434efbcc8 mode 1
Event: 1170.486 Thread 0x000001a19f1e7a40 DEOPT PACKING pc=0x000001a1409b5e8c sp=0x0000002434efc890
Event: 1170.486 Thread 0x000001a19f1e7a40 DEOPT UNPACKING pc=0x000001a1404f4e42 sp=0x0000002434efbd68 mode 1
Event: 1170.487 Thread 0x000001a19f1e7a40 DEOPT PACKING pc=0x000001a14065374c sp=0x0000002434efc520
Event: 1170.487 Thread 0x000001a19f1e7a40 DEOPT UNPACKING pc=0x000001a1404f4e42 sp=0x0000002434efbbb0 mode 1
Event: 1170.487 Thread 0x000001a19f1e7a40 DEOPT PACKING pc=0x000001a140f900b4 sp=0x0000002434efc850
Event: 1170.487 Thread 0x000001a19f1e7a40 DEOPT UNPACKING pc=0x000001a1404f4e42 sp=0x0000002434efbd18 mode 1
Event: 1170.488 Thread 0x000001a19f1e7a40 DEOPT PACKING pc=0x000001a140ed546c sp=0x0000002434efcf90
Event: 1170.488 Thread 0x000001a19f1e7a40 DEOPT UNPACKING pc=0x000001a1404f4e42 sp=0x0000002434efc4c8 mode 1
Event: 1170.488 Thread 0x000001a19f1e7a40 DEOPT PACKING pc=0x000001a140ed6474 sp=0x0000002434efd080
Event: 1170.488 Thread 0x000001a19f1e7a40 DEOPT UNPACKING pc=0x000001a1404f4e42 sp=0x0000002434efc630 mode 1
Event: 1170.488 Thread 0x000001a19f1e7a40 DEOPT PACKING pc=0x000001a140ed30ac sp=0x0000002434efd1f0
Event: 1170.488 Thread 0x000001a19f1e7a40 DEOPT UNPACKING pc=0x000001a1404f4e42 sp=0x0000002434efc7b0 mode 1
Event: 1203.734 Thread 0x000001a19f1e7a40 DEOPT PACKING pc=0x000001a140846034 sp=0x0000002434efdee0
Event: 1203.734 Thread 0x000001a19f1e7a40 DEOPT UNPACKING pc=0x000001a1404f4e42 sp=0x0000002434efd398 mode 0

Classes loaded (20 events):
Event: 11.908 Loading class jdk/internal/access/JavaIOPrintWriterAccess done
Event: 11.908 Loading class java/io/PrintWriter$1 done
Event: 16.522 Loading class java/util/ArrayList$SubList$2
Event: 16.522 Loading class java/util/ArrayList$SubList$2 done
Event: 539.480 Loading class java/lang/StringEditor
Event: 539.480 Loading class java/lang/StringEditor done
Event: 675.081 Loading class java/util/concurrent/locks/AbstractQueuedSynchronizer$SharedNode
Event: 675.081 Loading class java/util/concurrent/locks/AbstractQueuedSynchronizer$SharedNode done
Event: 675.086 Loading class java/util/AbstractMap$2
Event: 675.086 Loading class java/util/AbstractMap$2 done
Event: 675.086 Loading class java/util/AbstractMap$2$1
Event: 675.086 Loading class java/util/AbstractMap$2$1 done
Event: 675.103 Loading class java/io/FileOutputStream$1
Event: 675.103 Loading class java/io/FileOutputStream$1 done
Event: 675.143 Loading class java/lang/ref/Finalizer$2
Event: 675.143 Loading class java/lang/ref/Finalizer$2 done
Event: 675.144 Loading class java/lang/ref/Finalizer$1
Event: 675.144 Loading class java/lang/ref/Finalizer$1 done
Event: 675.531 Loading class java/io/InvalidClassException
Event: 675.531 Loading class java/io/InvalidClassException done

Classes unloaded (20 events):
Event: 806.124 Thread 0x000001a14da8b630 Unloading class 0x000001a152185400 'java/lang/invoke/LambdaForm$MH+0x000001a152185400'
Event: 806.124 Thread 0x000001a14da8b630 Unloading class 0x000001a152185000 'java/lang/invoke/LambdaForm$MH+0x000001a152185000'
Event: 806.124 Thread 0x000001a14da8b630 Unloading class 0x000001a152184800 'java/lang/invoke/LambdaForm$MH+0x000001a152184800'
Event: 806.124 Thread 0x000001a14da8b630 Unloading class 0x000001a152184400 'java/lang/invoke/LambdaForm$MH+0x000001a152184400'
Event: 806.124 Thread 0x000001a14da8b630 Unloading class 0x000001a152184000 'java/lang/invoke/LambdaForm$MH+0x000001a152184000'
Event: 806.124 Thread 0x000001a14da8b630 Unloading class 0x000001a152009c00 'java/lang/invoke/LambdaForm$MH+0x000001a152009c00'
Event: 806.124 Thread 0x000001a14da8b630 Unloading class 0x000001a152009000 'java/lang/invoke/LambdaForm$MH+0x000001a152009000'
Event: 806.124 Thread 0x000001a14da8b630 Unloading class 0x000001a152008000 'java/lang/invoke/LambdaForm$MH+0x000001a152008000'
Event: 806.124 Thread 0x000001a14da8b630 Unloading class 0x000001a152007c00 'java/lang/invoke/LambdaForm$MH+0x000001a152007c00'
Event: 806.124 Thread 0x000001a14da8b630 Unloading class 0x000001a152007400 'java/lang/invoke/LambdaForm$MH+0x000001a152007400'
Event: 806.124 Thread 0x000001a14da8b630 Unloading class 0x000001a152005400 'java/lang/invoke/LambdaForm$MH+0x000001a152005400'
Event: 833.629 Thread 0x000001a14da8b630 Unloading class 0x000001a152008000 'jdk/internal/reflect/GeneratedSerializationConstructorAccessor42'
Event: 833.629 Thread 0x000001a14da8b630 Unloading class 0x000001a152009000 'jdk/internal/reflect/GeneratedSerializationConstructorAccessor41'
Event: 833.629 Thread 0x000001a14da8b630 Unloading class 0x000001a152a6c800 'org/apache/catalina/loader/JdbcLeakPrevention'
Event: 843.004 Thread 0x000001a14da8b630 Unloading class 0x000001a152a62000 'jdk/internal/reflect/GeneratedSerializationConstructorAccessor44'
Event: 843.004 Thread 0x000001a14da8b630 Unloading class 0x000001a152005400 'jdk/internal/reflect/GeneratedSerializationConstructorAccessor43'
Event: 843.004 Thread 0x000001a14da8b630 Unloading class 0x000001a1529c0000 'org/apache/catalina/loader/JdbcLeakPrevention'
Event: 937.415 Thread 0x000001a14da8b630 Unloading class 0x000001a152a60c00 'jdk/internal/reflect/GeneratedSerializationConstructorAccessor46'
Event: 937.415 Thread 0x000001a14da8b630 Unloading class 0x000001a152005400 'jdk/internal/reflect/GeneratedSerializationConstructorAccessor45'
Event: 937.415 Thread 0x000001a14da8b630 Unloading class 0x000001a1524fd000 'org/apache/catalina/loader/JdbcLeakPrevention'

Classes redefined (3 events):
Event: 718.707 Thread 0x000001a14da8b630 redefined class name=com.example.appwish.model.message.Message, count=1
Event: 732.398 Thread 0x000001a14da8b630 redefined class name=com.example.appwish.model.message.Message, count=2
Event: 732.398 Thread 0x000001a14da8b630 redefined class name=com.example.appwish.model.message.Message, count=1

Internal exceptions (20 events):
Event: 947.322 Thread 0x000001a19f1e7a40 Exception <a 'java/lang/NoClassDefFoundError'{0x000000060e7122e0}: liquibase/exception/ChangeLogParseException> (0x000000060e7122e0) 
thrown [s\src\hotspot\share\classfile\systemDictionary.cpp, line 301]
Event: 1151.389 Thread 0x000001a19f1e6d20 Exception <a 'sun/nio/fs/WindowsException'{0x000000060e841ad8}> (0x000000060e841ad8) 
thrown [s\src\hotspot\share\prims\jni.cpp, line 520]
Event: 1151.668 Thread 0x000001a19f1e6d20 Exception <a 'java/lang/NoClassDefFoundError'{0x000000060f568f40}: org/flywaydb/core/Flyway> (0x000000060f568f40) 
thrown [s\src\hotspot\share\oops\constantPool.cpp, line 871]
Event: 1151.669 Thread 0x000001a19f1e6d20 Exception <a 'java/lang/NoClassDefFoundError'{0x000000060f5695a0}: liquibase/integration/spring/SpringLiquibase> (0x000000060f5695a0) 
thrown [s\src\hotspot\share\oops\constantPool.cpp, line 871]
Event: 1151.676 Thread 0x000001a19f1e6d20 Exception <a 'java/lang/NoClassDefFoundError'{0x000000060f5ffde8}: org/jooq/DSLContext> (0x000000060f5ffde8) 
thrown [s\src\hotspot\share\oops\constantPool.cpp, line 871]
Event: 1151.677 Thread 0x000001a19f1e6d20 Exception <a 'java/lang/NoClassDefFoundError'{0x000000060f610f90}: org/springframework/batch/core/repository/JobRepository> (0x000000060f610f90) 
thrown [s\src\hotspot\share\oops\constantPool.cpp, line 871]
Event: 1151.677 Thread 0x000001a19f1e6d20 Exception <a 'java/lang/NoClassDefFoundError'{0x000000060f6115e8}: org/quartz/Scheduler> (0x000000060f6115e8) 
thrown [s\src\hotspot\share\oops\constantPool.cpp, line 871]
Event: 1151.678 Thread 0x000001a19f1e6d20 Exception <a 'java/lang/NoClassDefFoundError'{0x000000060f611c68}: org/springframework/session/jdbc/JdbcIndexedSessionRepository> (0x000000060f611c68) 
thrown [s\src\hotspot\share\oops\constantPool.cpp, line 871]
Event: 1151.722 Thread 0x000001a19f1e6d20 Exception <a 'java/io/FileNotFoundException'{0x000000060edef690}> (0x000000060edef690) 
thrown [s\src\hotspot\share\prims\jni.cpp, line 520]
Event: 1152.002 Thread 0x000001a19f1e6d20 Exception <a 'java/lang/NoClassDefFoundError'{0x00000006107c2d80}: Message> (0x00000006107c2d80) 
thrown [s\src\hotspot\share\classfile\systemDictionary.cpp, line 301]
Event: 1152.074 Thread 0x000001a19f1e7a40 Exception <a 'java/lang/InterruptedException'{0x000000061006a438}: sleep interrupted> (0x000000061006a438) 
thrown [s\src\hotspot\share\prims\jvm.cpp, line 3074]
Event: 1152.078 Thread 0x000001a19f1e6d20 Exception <a 'java/lang/NoClassDefFoundError'{0x0000000610092260}: liquibase/exception/ChangeLogParseException> (0x0000000610092260) 
thrown [s\src\hotspot\share\classfile\systemDictionary.cpp, line 301]
Event: 1169.925 Thread 0x000001a19f1e7a40 Exception <a 'sun/nio/fs/WindowsException'{0x000000060fe5fc08}> (0x000000060fe5fc08) 
thrown [s\src\hotspot\share\prims\jni.cpp, line 520]
Event: 1170.167 Thread 0x000001a19f1e7a40 Exception <a 'java/lang/NoClassDefFoundError'{0x00000006107a4058}: org/flywaydb/core/Flyway> (0x00000006107a4058) 
thrown [s\src\hotspot\share\oops\constantPool.cpp, line 871]
Event: 1170.168 Thread 0x000001a19f1e7a40 Exception <a 'java/lang/NoClassDefFoundError'{0x00000006107a46b8}: liquibase/integration/spring/SpringLiquibase> (0x00000006107a46b8) 
thrown [s\src\hotspot\share\oops\constantPool.cpp, line 871]
Event: 1170.173 Thread 0x000001a19f1e7a40 Exception <a 'java/lang/NoClassDefFoundError'{0x00000006100358f0}: org/jooq/DSLContext> (0x00000006100358f0) 
thrown [s\src\hotspot\share\oops\constantPool.cpp, line 871]
Event: 1170.174 Thread 0x000001a19f1e7a40 Exception <a 'java/lang/NoClassDefFoundError'{0x0000000610046a98}: org/springframework/batch/core/repository/JobRepository> (0x0000000610046a98) 
thrown [s\src\hotspot\share\oops\constantPool.cpp, line 871]
Event: 1170.175 Thread 0x000001a19f1e7a40 Exception <a 'java/lang/NoClassDefFoundError'{0x00000006100470f0}: org/quartz/Scheduler> (0x00000006100470f0) 
thrown [s\src\hotspot\share\oops\constantPool.cpp, line 871]
Event: 1170.175 Thread 0x000001a19f1e7a40 Exception <a 'java/lang/NoClassDefFoundError'{0x0000000610047770}: org/springframework/session/jdbc/JdbcIndexedSessionRepository> (0x0000000610047770) 
thrown [s\src\hotspot\share\oops\constantPool.cpp, line 871]
Event: 1170.221 Thread 0x000001a19f1e7a40 Exception <a 'java/io/FileNotFoundException'{0x000000060f80b4f8}> (0x000000060f80b4f8) 
thrown [s\src\hotspot\share\prims\jni.cpp, line 520]

ZGC Phase Switch (0 events):
No events

VM Operations (20 events):
Event: 1260.835 Executing VM operation: get/set locals done
Event: 1260.836 Executing VM operation: get/set locals
Event: 1260.836 Executing VM operation: get/set locals done
Event: 1260.836 Executing VM operation: get/set locals
Event: 1260.836 Executing VM operation: get/set locals done
Event: 1260.836 Executing VM operation: get/set locals
Event: 1260.836 Executing VM operation: get/set locals done
Event: 1260.836 Executing VM operation: get/set locals
Event: 1260.836 Executing VM operation: get/set locals done
Event: 1260.837 Executing VM operation: get/set locals
Event: 1260.837 Executing VM operation: get/set locals done
Event: 1260.837 Executing VM operation: get/set locals
Event: 1260.837 Executing VM operation: get/set locals done
Event: 1260.837 Executing VM operation: get/set locals
Event: 1260.837 Executing VM operation: get/set locals done
Event: 1260.838 Executing VM operation: get/set locals
Event: 1260.838 Executing VM operation: get/set locals done
Event: 1260.838 Executing VM operation: get/set locals
Event: 1260.838 Executing VM operation: get/set locals done
Event: 1290.125 Executing VM operation: G1CollectForAllocation (G1 Evacuation Pause)

Events (20 events):
Event: 1152.074 Thread 0x000001a19f1e45c0 Thread exited: 0x000001a19f1e45c0
Event: 1152.081 Thread 0x000001a19f1e6d20 Thread exited: 0x000001a19f1e6d20
Event: 1152.081 Thread 0x000001a19f1e73b0 Thread added: 0x000001a19f1e73b0
Event: 1157.087 Thread 0x000001a1971d2e20 Thread exited: 0x000001a1971d2e20
Event: 1162.096 Thread 0x000001a196774b50 Thread exited: 0x000001a196774b50
Event: 1169.917 Thread 0x000001a19f1e7a40 Thread added: 0x000001a19f1e7a40
Event: 1169.947 Thread 0x000001a196774b50 Thread added: 0x000001a196774b50
Event: 1169.947 Thread 0x000001a1971d2e20 Thread added: 0x000001a1971d2e20
Event: 1169.961 Thread 0x000001a19f1e3f30 Thread added: 0x000001a19f1e3f30
Event: 1169.987 Thread 0x000001a19f1e3f30 Thread exited: 0x000001a19f1e3f30
Event: 1170.243 Thread 0x000001a19f1e45c0 Thread added: 0x000001a19f1e45c0
Event: 1170.243 Thread 0x000001a19f1e8df0 Thread added: 0x000001a19f1e8df0
Event: 1170.243 Thread 0x000001a19f1e1e60 Thread added: 0x000001a19f1e1e60
Event: 1170.271 Thread 0x000001a196aaa600 Thread added: 0x000001a196aaa600
Event: 1170.312 Thread 0x000001a19f1e24f0 Thread added: 0x000001a19f1e24f0
Event: 1170.421 Thread 0x000001a19f1e6d20 Thread added: 0x000001a19f1e6d20
Event: 1176.090 Thread 0x000001a196aaa600 Thread exited: 0x000001a196aaa600
Event: 1176.138 Thread 0x000001a19f1e6d20 Thread exited: 0x000001a19f1e6d20
Event: 1181.097 Thread 0x000001a1971d2e20 Thread exited: 0x000001a1971d2e20
Event: 1181.097 Thread 0x000001a196774b50 Thread exited: 0x000001a196774b50


Dynamic libraries:
0x00007ff6ed7e0000 - 0x00007ff6ed7ee000 	C:\pleiades\2023-12\java\21\bin\javaw.exe
0x00007ffe20cb0000 - 0x00007ffe20ec7000 	C:\Windows\SYSTEM32\ntdll.dll
0x00007ffe1f810000 - 0x00007ffe1f8d4000 	C:\Windows\System32\KERNEL32.DLL
0x00007ffe1dfd0000 - 0x00007ffe1e37d000 	C:\Windows\System32\KERNELBASE.dll
0x00007ffe1e8c0000 - 0x00007ffe1e9d1000 	C:\Windows\System32\ucrtbase.dll
0x00007ffe03250000 - 0x00007ffe0326b000 	C:\pleiades\2023-12\java\21\bin\VCRUNTIME140.dll
0x00007ffe04390000 - 0x00007ffe043a8000 	C:\pleiades\2023-12\java\21\bin\jli.dll
0x00007ffe1ea60000 - 0x00007ffe1ec0e000 	C:\Windows\System32\USER32.dll
0x00007ffdf8fa0000 - 0x00007ffdf9233000 	C:\Windows\WinSxS\amd64_microsoft.windows.common-controls_6595b64144ccf1df_6.0.22621.3672_none_2713b9d173822955\COMCTL32.dll
0x00007ffe1e380000 - 0x00007ffe1e3a6000 	C:\Windows\System32\win32u.dll
0x00007ffe204b0000 - 0x00007ffe20557000 	C:\Windows\System32\msvcrt.dll
0x00007ffe1ee20000 - 0x00007ffe1ee49000 	C:\Windows\System32\GDI32.dll
0x00007ffe1e590000 - 0x00007ffe1e6a9000 	C:\Windows\System32\gdi32full.dll
0x00007ffe1e730000 - 0x00007ffe1e7ca000 	C:\Windows\System32\msvcp_win.dll
0x00007ffe205b0000 - 0x00007ffe205e1000 	C:\Windows\System32\IMM32.DLL
0x00007ffe146d0000 - 0x00007ffe146dc000 	C:\pleiades\2023-12\java\21\bin\vcruntime140_1.dll
0x00007ffe031a0000 - 0x00007ffe0322e000 	C:\pleiades\2023-12\java\21\bin\msvcp140.dll
0x00007ffd823f0000 - 0x00007ffd83173000 	C:\pleiades\2023-12\java\21\bin\server\jvm.dll
0x00007ffe20340000 - 0x00007ffe203f2000 	C:\Windows\System32\ADVAPI32.dll
0x00007ffe20400000 - 0x00007ffe204a9000 	C:\Windows\System32\sechost.dll
0x00007ffe1e7d0000 - 0x00007ffe1e7f8000 	C:\Windows\System32\bcrypt.dll
0x00007ffe1ee50000 - 0x00007ffe1ef64000 	C:\Windows\System32\RPCRT4.dll
0x00007ffe1e9e0000 - 0x00007ffe1ea51000 	C:\Windows\System32\WS2_32.dll
0x00007ffe1de90000 - 0x00007ffe1dedd000 	C:\Windows\SYSTEM32\POWRPROF.dll
0x00007ffe17140000 - 0x00007ffe17174000 	C:\Windows\SYSTEM32\WINMM.dll
0x00007ffe19520000 - 0x00007ffe1952a000 	C:\Windows\SYSTEM32\VERSION.dll
0x00007ffe1de70000 - 0x00007ffe1de83000 	C:\Windows\SYSTEM32\UMPDC.dll
0x00007ffe1cf60000 - 0x00007ffe1cf78000 	C:\Windows\SYSTEM32\kernel.appcore.dll
0x00007ffe12e30000 - 0x00007ffe12e3a000 	C:\pleiades\2023-12\java\21\bin\jimage.dll
0x00007ffe161c0000 - 0x00007ffe163f2000 	C:\Windows\SYSTEM32\DBGHELP.DLL
0x00007ffe1fb20000 - 0x00007ffe1fead000 	C:\Windows\System32\combase.dll
0x00007ffe20600000 - 0x00007ffe206d7000 	C:\Windows\System32\OLEAUT32.dll
0x00007ffe06900000 - 0x00007ffe06932000 	C:\Windows\SYSTEM32\dbgcore.DLL
0x00007ffe1e6b0000 - 0x00007ffe1e72b000 	C:\Windows\System32\bcryptPrimitives.dll
0x00007ffe03160000 - 0x00007ffe0319c000 	C:\pleiades\2023-12\java\21\bin\jdwp.dll
0x00007ffe12000000 - 0x00007ffe1200f000 	C:\pleiades\2023-12\java\21\bin\instrument.dll
0x00007ffe03090000 - 0x00007ffe030af000 	C:\pleiades\2023-12\java\21\bin\java.dll
0x00007ffe1ef80000 - 0x00007ffe1f7e8000 	C:\Windows\System32\SHELL32.dll
0x00007ffe1bed0000 - 0x00007ffe1c7ce000 	C:\Windows\SYSTEM32\windows.storage.dll
0x00007ffe1bd90000 - 0x00007ffe1becf000 	C:\Windows\SYSTEM32\wintypes.dll
0x00007ffe1ed20000 - 0x00007ffe1ee19000 	C:\Windows\System32\SHCORE.dll
0x00007ffe1f8e0000 - 0x00007ffe1f93e000 	C:\Windows\System32\shlwapi.dll
0x00007ffe1df00000 - 0x00007ffe1df21000 	C:\Windows\SYSTEM32\profapi.dll
0x00007ffe11f90000 - 0x00007ffe11f9c000 	C:\pleiades\2023-12\java\21\bin\dt_socket.dll
0x00007ffe1ca70000 - 0x00007ffe1ca9d000 	C:\Windows\SYSTEM32\IPHLPAPI.DLL
0x00007ffe1d420000 - 0x00007ffe1d489000 	C:\Windows\system32\mswsock.dll
0x00007ffe1caf0000 - 0x00007ffe1cbe8000 	C:\Windows\SYSTEM32\DNSAPI.dll
0x00007ffe1fb10000 - 0x00007ffe1fb19000 	C:\Windows\System32\NSI.dll
0x00007ffe0f2a0000 - 0x00007ffe0f2aa000 	C:\Windows\System32\rasadhlp.dll
0x00007ffe15b20000 - 0x00007ffe15ba3000 	C:\Windows\System32\fwpuclnt.dll
0x00007ffe03070000 - 0x00007ffe03088000 	C:\pleiades\2023-12\java\21\bin\zip.dll
0x00007ffe0ed60000 - 0x00007ffe0ed70000 	C:\pleiades\2023-12\java\21\bin\net.dll
0x00007ffe18b40000 - 0x00007ffe18c76000 	C:\Windows\SYSTEM32\WINHTTP.dll
0x00007ffdffb20000 - 0x00007ffdffb36000 	C:\pleiades\2023-12\java\21\bin\nio.dll
0x00007ffe04470000 - 0x00007ffe0447a000 	C:\pleiades\2023-12\java\21\bin\management.dll
0x00007ffe042a0000 - 0x00007ffe042ab000 	C:\pleiades\2023-12\java\21\bin\management_ext.dll
0x00007ffe205f0000 - 0x00007ffe205f8000 	C:\Windows\System32\PSAPI.DLL
0x00007ffe069c0000 - 0x00007ffe069d7000 	C:\Windows\system32\napinsp.dll
0x00007ffe056a0000 - 0x00007ffe056bb000 	C:\Windows\system32\pnrpnsp.dll
0x00007ffe05680000 - 0x00007ffe05691000 	C:\Windows\System32\winrnr.dll
0x00007ffe15bb0000 - 0x00007ffe15bc5000 	C:\Windows\system32\wshbth.dll
0x00007ffe051b0000 - 0x00007ffe051d7000 	C:\Windows\system32\nlansp_c.dll
0x00007ffe03240000 - 0x00007ffe03250000 	C:\pleiades\2023-12\java\21\bin\verify.dll
0x00007ffe1d6c0000 - 0x00007ffe1d6db000 	C:\Windows\SYSTEM32\CRYPTSP.dll
0x00007ffe1cf20000 - 0x00007ffe1cf55000 	C:\Windows\system32\rsaenh.dll
0x00007ffe1d4c0000 - 0x00007ffe1d4e8000 	C:\Windows\SYSTEM32\USERENV.dll
0x00007ffe1d620000 - 0x00007ffe1d62c000 	C:\Windows\SYSTEM32\CRYPTBASE.dll
0x00007ffe03150000 - 0x00007ffe03159000 	C:\pleiades\2023-12\java\21\bin\extnet.dll
0x00007ffdfed60000 - 0x00007ffdfed6e000 	C:\pleiades\2023-12\java\21\bin\sunmscapi.dll
0x00007ffe1e420000 - 0x00007ffe1e587000 	C:\Windows\System32\CRYPT32.dll
0x00007ffe1d870000 - 0x00007ffe1d89e000 	C:\Windows\SYSTEM32\ncrypt.dll
0x00007ffe1d7f0000 - 0x00007ffe1d827000 	C:\Windows\SYSTEM32\NTASN1.dll
0x00007ffdf2830000 - 0x00007ffdf2838000 	C:\Windows\system32\wshunix.dll

dbghelp: loaded successfully - version: 4.0.5 - missing functions: none
symbol engine: initialized successfully - sym options: 0x614 - pdb path: .;C:\pleiades\2023-12\java\21\bin;C:\Windows\SYSTEM32;C:\Windows\WinSxS\amd64_microsoft.windows.common-controls_6595b64144ccf1df_6.0.22621.3672_none_2713b9d173822955;C:\pleiades\2023-12\java\21\bin\server

VM Arguments:
jvm_args: -XX:+ShowCodeDetailsInExceptionMessages -agentlib:jdwp=transport=dt_socket,suspend=y,address=localhost:56240 -Dcom.sun.management.jmxremote -Dcom.sun.management.jmxremote.port=56239 -Dcom.sun.management.jmxremote.authenticate=false -Dcom.sun.management.jmxremote.ssl=false -Djava.rmi.server.hostname=localhost -Dspring.jmx.enabled=true -Dmanagement.endpoints.jmx.exposure.include=* -Dspring.application.admin.enabled=true -XX:TieredStopAtLevel=1 -Dspring.boot.project.name=AppWish -javaagent:C:\pleiades\2023-12\eclipse\configuration\org.eclipse.osgi\249\0\.cp\lib\javaagent-shaded.jar -Dfile.encoding=UTF-8 -Dstdout.encoding=UTF-8 -Dstderr.encoding=UTF-8 
java_command: com.example.appwish.AppWishApplication --spring.output.ansi.enabled=always
java_class_path (initial): C:\Users\mspc2\git\AppWish\target\classes;C:\Users\mspc2\.m2\repository\org\springframework\boot\spring-boot-starter-data-jdbc\3.3.3\spring-boot-starter-data-jdbc-3.3.3.jar;C:\Users\mspc2\.m2\repository\org\springframework\boot\spring-boot-starter-jdbc\3.3.3\spring-boot-starter-jdbc-3.3.3.jar;C:\Users\mspc2\.m2\repository\com\zaxxer\HikariCP\5.1.0\HikariCP-5.1.0.jar;C:\Users\mspc2\.m2\repository\org\springframework\spring-jdbc\6.1.12\spring-jdbc-6.1.12.jar;C:\Users\mspc2\.m2\repository\org\springframework\data\spring-data-jdbc\3.3.3\spring-data-jdbc-3.3.3.jar;C:\Users\mspc2\.m2\repository\org\springframework\data\spring-data-relational\3.3.3\spring-data-relational-3.3.3.jar;C:\Users\mspc2\.m2\repository\org\springframework\data\spring-data-commons\3.3.3\spring-data-commons-3.3.3.jar;C:\Users\mspc2\.m2\repository\org\springframework\spring-tx\6.1.12\spring-tx-6.1.12.jar;C:\Users\mspc2\.m2\repository\org\springframework\spring-context\6.1.12\spring-context-6.1.12.jar;C:\Users\mspc2\.m2\repository\org\springframework\spring-beans\6.1.12\spring-beans-6.1.12.jar;C:\Users\mspc2\.m2\repository\org\springframework\boot\spring-boot-starter-data-jpa\3.3.3\spring-boot-starter-data-jpa-3.3.3.jar;C:\Users\mspc2\.m2\repository\org\springframework\boot\spring-boot-starter-aop\3.3.3\spring-boot-starter-aop-3.3.3.jar;C:\Users\mspc2\.m2\repository\org\aspectj\aspectjweaver\1.9.22.1\aspectjweaver-1.9.22.1.jar;C:\Users\mspc2\.m2\repository\org\hibernate\orm\hibernate-core\6.5.2.Final\hibernate-core-6.5.2.Final.jar;C:\Users\mspc2\.m2\repository\jakarta\persistence\jakarta.persistence-api\3.1.0\jakarta.persistence-api-3.1.0.jar;C:\Users\mspc2\.m2\repository\jakarta\transaction\jakarta.transaction-api\2.0.1\jakarta.transaction-api-2.0.1.jar;C:\Users\mspc2\.m2\repository\org\jboss\logging\jboss-logging\3.5.3.Final\jboss-logging-3.5.3.Final.jar;C:\Users\mspc2\.m2\repository\org\hibernate\common\hibernate-commons-annotations\6.0.6.Final\hibernate-commons-annotations-6.0.6.Final.jar;C:\Users\mspc2\.m2\repository\io\smallrye\jandex\3.1.2\jandex-3.1.2.jar;C:\Users\mspc2\.m2\repository\com\fasterxml\classmate\1.7.0\classmate-1.7.0.jar;C:\Users\mspc2\.m2\repository\net\bytebuddy\byte-buddy\1.14.19\byte-buddy-1.14.19.jar;C:\Users\mspc2\.m2\repository\org\glassfish\jaxb\jaxb-runtime\4.0.5\jaxb-runtime-4.0.5.jar;C:\Users\mspc2\.m2\repository\org\glassfish\jaxb\jaxb-core\4.0.5\jaxb-core-4.0.5.jar;C:\Users\mspc2\.m2\repository\org\eclipse\angus\angus-activation\2.0.2\angus-activation-2.0.2.jar;C:\Users\mspc2\.m2\repository\org\glassfish\jaxb\txw2\4.0.5\txw2-4.0.5.jar;C:\Users\mspc2\.m2\repository\com\sun\istack\istack-commons-runtime\4.1.2\istack-commons-runtime-4.1.2.jar;C:\Users\mspc2\.m2\repository\jakarta\inject\jakarta.inject-api\2.0.1\jakarta.inject-api-2.0.1.jar;C:\Users\mspc2\.m2\repository\org\antlr\antlr4-runtime\4.13.0\antlr4-runtime-4.13.0.jar;C:\Users\mspc2\.m2\repository\org\springframework\data\spring-data-jpa\3.3.3\spring-data-jpa-3.3.3.jar;C:\Users\mspc2\.m2\repository\org\springframework\spring-orm\6.1.12\spring-orm-6.1.12.jar;C:\Users\mspc2\.m2\repository\jakarta\annotation\jakarta.annotation-api\2.1.1\jakarta.annotation-api-2.1.1.jar;C:\Users\mspc2\.m2\repository\org\springframework\spring-aspects\6.1.12\spring-aspects-6.1.12.jar;C:\Users\mspc2\.m2\repository\org\springframework\boot\spring-boot-starter-data-rest\3.3.3\spring-boot-starter-data-rest-3.3.3.jar;C:\Users\mspc2\.m2\repository\org\springframework\data\spring-data-rest-webmvc\4.3.3\spring-data-rest-webmvc-4.3.3.jar;C:\Users\mspc2\.m2\repository\org\springframework\data\spring-data-rest-core\4.3.3\spring-data-rest-core-4.3.3.jar;C:\Users\mspc2\.m2\repository\org\springframework\hateoas\spring-hateoas\2.3.2\spring-hateoas-2.3.2.jar;C:\Users\mspc2\.m2\repository\org\springframework\plugin\spring-plugin-core\3.0.0\spring-plugin-core-3.0.0.jar;C:\Users\mspc2\.m2\repository\org\atteo\evo-inflector\1.3\evo-inflector-1.3.jar;C:\Users\mspc2\.m2\repository\com\fasterxml\jackson\core\jackson-databind\2.17.2\jackson-databind-2.17.2.jar;C:\Users\mspc2\.m2\repository\com\fasterxml\jackson\core\jackson-core\2.17.2\jackson-core-2.17.2.jar;C:\Users\mspc2\.m2\repository\com\fasterxml\jackson\core\jackson-annotations\2.17.2\jackson-annotations-2.17.2.jar;C:\Users\mspc2\.m2\repository\org\springframework\boot\spring-boot-starter-security\3.3.3\spring-boot-starter-security-3.3.3.jar;C:\Users\mspc2\.m2\repository\org\springframework\boot\spring-boot-starter\3.3.3\spring-boot-starter-3.3.3.jar;C:\Users\mspc2\.m2\repository\org\springframework\boot\spring-boot-starter-logging\3.3.3\spring-boot-starter-logging-3.3.3.jar;C:\Users\mspc2\.m2\repository\ch\qos\logback\logback-classic\1.5.7\logback-classic-1.5.7.jar;C:\Users\mspc2\.m2\repository\ch\qos\logback\logback-core\1.5.7\logback-core-1.5.7.jar;C:\Users\mspc2\.m2\repository\org\apache\logging\log4j\log4j-to-slf4j\2.23.1\log4j-to-slf4j-2.23.1.jar;C:\Users\mspc2\.m2\repository\org\apache\logging\log4j\log4j-api\2.23.1\log4j-api-2.23.1.jar;C:\Users\mspc2\.m2\repository\org\slf4j\jul-to-slf4j\2.0.16\jul-to-slf4j-2.0.16.jar;C:\Users\mspc2\.m2\repository\org\yaml\snakeyaml\2.2\snakeyaml-2.2.jar;C:\Users\mspc2\.m2\repository\org\springframework\spring-aop\6.1.12\spring-aop-6.1.12.jar;C:\Users\mspc2\.m2\repository\org\springframework\security\spring-security-config\6.3.3\spring-security-config-6.3.3.jar;C:\Users\mspc2\.m2\repository\org\springframework\security\spring-security-web\6.3.3\spring-security-web-6.3.3.jar;C:\Users\mspc2\.m2\repository\org\springframework\spring-expression\6.1.12\spring-expression-6.1.12.jar;C:\Users\mspc2\.m2\repository\org\springframework\boot\spring-boot-starter-thymeleaf\3.3.3\spring-boot-starter-thymeleaf-3.3.3.jar;C:\Users\mspc2\.m2\repository\org\thymeleaf\thymeleaf-spring6\3.1.2.RELEASE\thymeleaf-spring6-3.1.2.RELEASE.jar;C:\Users\mspc2\.m2\repository\org\thymeleaf\thymeleaf\3.1.2.RELEASE\thymeleaf-3.1.2.RELEASE.jar;C:\Users\mspc2\.m2\repository\org\attoparser\attoparser\2.0.7.RELEASE\attoparser-2.0.7.RELEASE.jar;C:\Users\mspc2\.m2\repository\org\unbescape\unbescape\1.1.6.RELEASE\unbescape-1.1.6.RELEASE.jar;C:\Users\mspc2\.m2\repository\org\springframework\boot\spring-boot-starter-validation\3.3.3\spring-boot-starter-validation-3.3.3.jar;C:\Users\mspc2\.m2\repository\org\apache\tomcat\embed\tomcat-embed-el\10.1.28\tomcat-embed-el-10.1.28.jar;C:\Users\mspc2\.m2\repository\org\hibernate\validator\hibernate-validator\8.0.1.Final\hibernate-validator-8.0.1.Final.jar;C:\Users\mspc2\.m2\repository\jakarta\validation\jakarta.validation-api\3.0.2\jakarta.validation-api-3.0.2.jar;C:\Users\mspc2\.m2\repository\org\springframework\boot\spring-boot-starter-web\3.3.3\spring-boot-starter-web-3.3.3.jar;C:\Users\mspc2\.m2\repository\org\springframework\boot\spring-boot-starter-json\3.3.3\spring-boot-starter-json-3.3.3.jar;C:\Users\mspc2\.m2\repository\com\fasterxml\jackson\datatype\jackson-datatype-jdk8\2.17.2\jackson-datatype-jdk8-2.17.2.jar;C:\Users\mspc2\.m2\repository\com\fasterxml\jackson\datatype\jackson-datatype-jsr310\2.17.2\jackson-datatype-jsr310-2.17.2.jar;C:\Users\mspc2\.m2\repository\com\fasterxml\jackson\module\jackson-module-parameter-names\2.17.2\jackson-module-parameter-names-2.17.2.jar;C:\Users\mspc2\.m2\repository\org\springframework\boot\spring-boot-starter-tomcat\3.3.3\spring-boot-starter-tomcat-3.3.3.jar;C:\Users\mspc2\.m2\repository\org\apache\tomcat\embed\tomcat-embed-core\10.1.28\tomcat-embed-core-10.1.28.jar;C:\Users\mspc2\.m2\repository\org\apache\tomcat\embed\tomcat-embed-websocket\10.1.28\tomcat-embed-websocket-10.1.28.jar;C:\Users\mspc2\.m2\repository\org\springframework\spring-web\6.1.12\spring-web-6.1.12.jar;C:\Users\mspc2\.m2\repository\io\micrometer\micrometer-observation\1.13.3\micrometer-observation-1.13.3.jar;C:\Users\mspc2\.m2\repository\io\micrometer\micrometer-commons\1.13.3\micrometer-commons-1.13.3.jar;C:\Users\mspc2\.m2\repository\org\springframework\spring-webmvc\6.1.12\spring-webmvc-6.1.12.jar;C:\Users\mspc2\.m2\repository\org\springframework\session\spring-session-core\3.3.2\spring-session-core-3.3.2.jar;C:\Users\mspc2\.m2\repository\org\springframework\spring-jcl\6.1.12\spring-jcl-6.1.12.jar;C:\Users\mspc2\.m2\repository\org\thymeleaf\extras\thymeleaf-extras-springsecurity6\3.1.2.RELEASE\thymeleaf-extras-springsecurity6-3.1.2.RELEASE.jar;C:\Users\mspc2\.m2\repository\org\slf4j\slf4j-api\2.0.16\slf4j-api-2.0.16.jar;C:\Users\mspc2\.m2\repository\org\springframework\boot\spring-boot-devtools\3.3.3\spring-boot-devtools-3.3.3.jar;C:\Users\mspc2\.m2\repository\org\springframework\boot\spring-boot\3.3.3\spring-boot-3.3.3.jar;C:\Users\mspc2\.m2\repository\org\springframework\boot\spring-boot-autoconfigure\3.3.3\spring-boot-autoconfigure-3.3.3.jar;C:\Users\mspc2\.m2\repository\org\postgresql\postgresql\42.7.3\postgresql-42.7.3.jar;C:\Users\mspc2\.m2\repository\org\checkerframework\checker-qual\3.42.0\checker-qual-3.42.0.jar;C:\Users\mspc2\.m2\repository\org\projectlombok\lombok\1.18.34\lombok-1.18.34.jar;C:\Users\mspc2\.m2\repository\com\jayway\jsonpath\json-path\2.9.0\json-path-2.9.0.jar;C:\Users\mspc2\.m2\repository\jakarta\xml\bind\jakarta.xml.bind-api\4.0.2\jakarta.xml.bind-api-4.0.2.jar;C:\Users\mspc2\.m2\repository\jakarta\activation\jakarta.activation-api\2.1.3\jakarta.activation-api-2.1.3.jar;C:\Users\mspc2\.m2\repository\net\minidev\json-smart\2.5.1\json-smart-2.5.1.jar;C:\Users\mspc2\.m2\repository\net\minidev\accessors-smart\2.5.1\accessors-smart-2.5.1.jar;C:\Users\mspc2\.m2\repository\org\ow2\asm\asm\9.6\asm-9.6.jar;C:\Users\mspc2\.m2\repository\org\springframework\spring-core\6.1.12\spring-core-6.1.12.jar;C:\Users\mspc2\.m2\repository\org\springframework\security\spring-security-core\6.3.3\spring-security-core-6.3.3.jar;C:\Users\mspc2\.m2\repository\org\springframework\security\spring-security-crypto\6.3.3\spring-security-crypto-6.3.3.jar
Launcher Type: SUN_STANDARD

[Global flags]
     intx CICompilerCount                          = 12                                        {product} {ergonomic}
     uint ConcGCThreads                            = 3                                         {product} {ergonomic}
     uint G1ConcRefinementThreads                  = 13                                        {product} {ergonomic}
   size_t G1HeapRegionSize                         = 4194304                                   {product} {ergonomic}
    uintx GCDrainStackTargetSize                   = 64                                        {product} {ergonomic}
   size_t InitialHeapSize                          = 528482304                                 {product} {ergonomic}
     bool ManagementServer                         = true                                      {product} {command line}
   size_t MarkStackSize                            = 4194304                                   {product} {ergonomic}
   size_t MaxHeapSize                              = 8426356736                                {product} {ergonomic}
   size_t MaxNewSize                               = 5054136320                                {product} {ergonomic}
   size_t MinHeapDeltaBytes                        = 4194304                                   {product} {ergonomic}
   size_t MinHeapSize                              = 8388608                                   {product} {ergonomic}
    uintx NonNMethodCodeHeapSize                   = 4096                                   {pd product} {ergonomic}
    uintx NonProfiledCodeHeapSize                  = 0                                      {pd product} {ergonomic}
     bool ProfileInterpreter                       = false                                  {pd product} {command line}
    uintx ProfiledCodeHeapSize                     = 0                                      {pd product} {ergonomic}
     bool ShowCodeDetailsInExceptionMessages       = true                                   {manageable} {command line}
   size_t SoftMaxHeapSize                          = 8426356736                             {manageable} {ergonomic}
     intx TieredStopAtLevel                        = 1                                         {product} {command line}
     bool UseCompressedOops                        = true                           {product lp64_product} {ergonomic}
     bool UseG1GC                                  = true                                      {product} {ergonomic}
     bool UseLargePagesIndividualAllocation        = false                                  {pd product} {ergonomic}

Logging:
Log output configuration:
 #0: stdout all=warning uptime,level,tags foldmultilines=false
 #1: stderr all=off uptime,level,tags foldmultilines=false

Environment Variables:
JAVA_HOME=C:\Program Files\Java\jdk-21
PATH=C:/pleiades/2023-12/java/17/bin/server;C:/pleiades/2023-12/java/17/bin;C:\Program Files\Common Files\Oracle\Java\javapath;C:\Program Files\Oculus\Support\oculus-runtime;C:\Windows\system32;C:\Windows;C:\Windows\System32\Wbem;C:\Windows\System32\WindowsPowerShell\v1.0\;C:\Windows\System32\OpenSSH\;C:\Program Files\MySQL\MySQL Server 8.3\bin;C:\Program Files\Java\jdk-21\bin;C:\Program Files\Git\cmd;C:\Program Files\nodejs\;C:\Program Files\apache-maven-3.9.9\bin;C:\Users\mspc2\AppData\Local\Programs\Python\Python312\Scripts\;C:\Users\mspc2\AppData\Local\Programs\Python\Python312\;C:\Users\mspc2\AppData\Local\Programs\Python\Launcher\;C:\Users\mspc2\scoop\shims;C:\Users\mspc2\AppData\Local\Microsoft\WindowsApps;C:\Program Files\PostgreSQL\15\bin;C:\Users\mspc2\AppData\Local\Programs\Microsoft VS Code\bin;%ORACLE_HOME%\bin;%ORACLE_HOME%\lib;C:\Users\mspc2\AppData\Roaming\npm;C:\pleiades\2023-12\eclipse;
USERNAME=mspc2
OS=Windows_NT
PROCESSOR_IDENTIFIER=AMD64 Family 25 Model 80 Stepping 0, AuthenticAMD
TMP=C:\Users\mspc2\AppData\Local\Temp
TEMP=C:\Users\mspc2\AppData\Local\Temp




Periodic native trim disabled

---------------  S Y S T E M  ---------------

OS:
 Windows 11 , 64 bit Build 22621 (10.0.22621.3958)
OS uptime: 8 days 9:34 hours
Hyper-V role detected

CPU: total 16 (initial active 16) (16 cores per cpu, 2 threads per core) family 25 model 80 stepping 0 microcode 0x0, cx8, cmov, fxsr, ht, mmx, 3dnowpref, sse, sse2, sse3, ssse3, sse4a, sse4.1, sse4.2, popcnt, lzcnt, tsc, tscinvbit, avx, avx2, aes, erms, clmul, bmi1, bmi2, adx, sha, fma, vzeroupper, clflush, clflushopt, hv, rdtscp, rdpid, fsrm, f16c, cet_ss
Processor Information for all 16 processors :
  Max Mhz: 3801, Current Mhz: 3801, Mhz Limit: 3801

Memory: 4k page, system-wide physical 32129M (13697M free)
TotalPageFile size 36993M (AvailPageFile size 12055M)
current process WorkingSet (physical memory assigned to process): 315M, peak: 432M
current process commit charge ("private bytes"): 366M, peak: 642M

vm_info: OpenJDK 64-Bit Server VM (21.0.2+13-LTS) for windows-amd64 JRE (21.0.2+13-LTS), built on 2024-01-16T00:00:00Z by "admin" with unknown MS VC++:1937

END.
